mode: atomic
github.com/jailtonjunior94/financial/cmd/main.go:19.13,28.48 2 0
github.com/jailtonjunior94/financial/cmd/main.go:28.48,30.18 2 0
github.com/jailtonjunior94/financial/cmd/main.go:30.18,32.5 1 0
github.com/jailtonjunior94/financial/cmd/main.go:34.4,44.18 4 0
github.com/jailtonjunior94/financial/cmd/main.go:44.18,46.5 1 0
github.com/jailtonjunior94/financial/cmd/main.go:48.4,48.17 1 0
github.com/jailtonjunior94/financial/cmd/main.go:48.17,49.44 1 0
github.com/jailtonjunior94/financial/cmd/main.go:49.44,51.6 1 0
github.com/jailtonjunior94/financial/cmd/main.go:54.4,54.43 1 0
github.com/jailtonjunior94/financial/cmd/main.go:54.43,55.39 1 0
github.com/jailtonjunior94/financial/cmd/main.go:55.39,58.6 2 0
github.com/jailtonjunior94/financial/cmd/main.go:59.5,60.11 2 0
github.com/jailtonjunior94/financial/cmd/main.go:63.4,64.18 2 0
github.com/jailtonjunior94/financial/cmd/main.go:64.18,66.5 1 0
github.com/jailtonjunior94/financial/cmd/main.go:68.4,68.99 1 0
github.com/jailtonjunior94/financial/cmd/main.go:72.2,75.48 1 0
github.com/jailtonjunior94/financial/cmd/main.go:75.48,76.39 1 0
github.com/jailtonjunior94/financial/cmd/main.go:76.39,78.5 1 0
github.com/jailtonjunior94/financial/cmd/main.go:82.2,85.48 1 0
github.com/jailtonjunior94/financial/cmd/main.go:85.48,86.41 1 0
github.com/jailtonjunior94/financial/cmd/main.go:86.41,88.5 1 0
github.com/jailtonjunior94/financial/cmd/main.go:92.2,95.48 1 0
github.com/jailtonjunior94/financial/cmd/main.go:95.48,96.39 1 0
github.com/jailtonjunior94/financial/cmd/main.go:96.39,98.5 1 0
github.com/jailtonjunior94/financial/cmd/main.go:102.2,103.39 2 0
github.com/jailtonjunior94/financial/cmd/main.go:103.39,105.3 1 0
github.com/jailtonjunior94/financial/cmd/consumer/consumers.go:31.18,33.16 2 0
github.com/jailtonjunior94/financial/cmd/consumer/consumers.go:33.16,35.3 1 0
github.com/jailtonjunior94/financial/cmd/consumer/consumers.go:37.2,37.36 1 0
github.com/jailtonjunior94/financial/cmd/consumer/consumers.go:37.36,39.3 1 0
github.com/jailtonjunior94/financial/cmd/consumer/consumers.go:41.2,50.51 6 0
github.com/jailtonjunior94/financial/cmd/consumer/consumers.go:50.51,52.3 1 0
github.com/jailtonjunior94/financial/cmd/consumer/consumers.go:53.2,53.12 1 0
github.com/jailtonjunior94/financial/cmd/consumer/consumers.go:56.45,58.16 2 0
github.com/jailtonjunior94/financial/cmd/consumer/consumers.go:58.16,60.3 1 0
github.com/jailtonjunior94/financial/cmd/consumer/consumers.go:62.2,75.16 3 0
github.com/jailtonjunior94/financial/cmd/consumer/consumers.go:75.16,77.3 1 0
github.com/jailtonjunior94/financial/cmd/consumer/consumers.go:79.2,92.16 3 0
github.com/jailtonjunior94/financial/cmd/consumer/consumers.go:92.16,94.3 1 0
github.com/jailtonjunior94/financial/cmd/consumer/consumers.go:96.2,102.16 2 0
github.com/jailtonjunior94/financial/cmd/consumer/consumers.go:102.16,104.3 1 0
github.com/jailtonjunior94/financial/cmd/consumer/consumers.go:106.2,123.8 3 0
github.com/jailtonjunior94/financial/cmd/consumer/consumers.go:126.39,129.19 2 0
github.com/jailtonjunior94/financial/cmd/consumer/consumers.go:129.19,130.53 1 0
github.com/jailtonjunior94/financial/cmd/consumer/consumers.go:130.53,132.4 1 0
github.com/jailtonjunior94/financial/cmd/consumer/consumers.go:135.2,136.12 2 0
github.com/jailtonjunior94/financial/cmd/consumer/consumers.go:139.59,150.12 6 0
github.com/jailtonjunior94/financial/cmd/consumer/consumers.go:150.12,153.3 2 0
github.com/jailtonjunior94/financial/cmd/consumer/consumers.go:155.2,155.9 1 0
github.com/jailtonjunior94/financial/cmd/consumer/consumers.go:156.14,157.64 1 0
github.com/jailtonjunior94/financial/cmd/consumer/consumers.go:158.28,160.49 2 0
github.com/jailtonjunior94/financial/cmd/consumer/consumers.go:164.2,164.45 1 0
github.com/jailtonjunior94/financial/cmd/consumer/consumers.go:164.45,166.3 1 0
github.com/jailtonjunior94/financial/cmd/consumer/consumers.go:169.2,169.57 1 0
github.com/jailtonjunior94/financial/cmd/consumer/consumers.go:169.57,171.3 1 0
github.com/jailtonjunior94/financial/cmd/consumer/consumers.go:174.2,174.60 1 0
github.com/jailtonjunior94/financial/cmd/consumer/consumers.go:174.60,176.3 1 0
github.com/jailtonjunior94/financial/cmd/consumer/consumers.go:178.2,179.12 2 0
github.com/jailtonjunior94/financial/cmd/server/server.go:27.18,29.16 2 0
github.com/jailtonjunior94/financial/cmd/server/server.go:29.16,31.3 1 0
github.com/jailtonjunior94/financial/cmd/server/server.go:33.2,49.16 5 0
github.com/jailtonjunior94/financial/cmd/server/server.go:49.16,51.3 1 0
github.com/jailtonjunior94/financial/cmd/server/server.go:53.2,60.16 2 0
github.com/jailtonjunior94/financial/cmd/server/server.go:60.16,62.3 1 0
github.com/jailtonjunior94/financial/cmd/server/server.go:63.2,70.16 6 0
github.com/jailtonjunior94/financial/cmd/server/server.go:70.16,72.3 1 0
github.com/jailtonjunior94/financial/cmd/server/server.go:74.2,78.16 4 0
github.com/jailtonjunior94/financial/cmd/server/server.go:78.16,80.3 1 0
github.com/jailtonjunior94/financial/cmd/server/server.go:82.2,83.16 2 0
github.com/jailtonjunior94/financial/cmd/server/server.go:83.16,85.3 1 0
github.com/jailtonjunior94/financial/cmd/server/server.go:87.2,96.16 2 0
github.com/jailtonjunior94/financial/cmd/server/server.go:96.16,98.3 1 0
github.com/jailtonjunior94/financial/cmd/server/server.go:100.2,108.12 8 0
github.com/jailtonjunior94/financial/cmd/server/server.go:108.12,117.52 5 0
github.com/jailtonjunior94/financial/cmd/server/server.go:117.52,119.4 1 0
github.com/jailtonjunior94/financial/cmd/server/server.go:121.3,121.57 1 0
github.com/jailtonjunior94/financial/cmd/server/server.go:121.57,123.4 1 0
github.com/jailtonjunior94/financial/cmd/server/server.go:126.2,126.23 1 0
github.com/jailtonjunior94/financial/internal/budget/application/usecase/create.go:29.23,34.2 1 0
github.com/jailtonjunior94/financial/internal/budget/application/usecase/create.go:36.134,41.16 4 0
github.com/jailtonjunior94/financial/internal/budget/application/usecase/create.go:41.16,43.3 1 0
github.com/jailtonjunior94/financial/internal/budget/application/usecase/create.go:45.2,45.72 1 0
github.com/jailtonjunior94/financial/internal/budget/application/usecase/create.go:45.72,48.65 2 0
github.com/jailtonjunior94/financial/internal/budget/application/usecase/create.go:48.65,50.4 1 0
github.com/jailtonjunior94/financial/internal/budget/application/usecase/create.go:52.3,52.76 1 0
github.com/jailtonjunior94/financial/internal/budget/application/usecase/create.go:52.76,54.4 1 0
github.com/jailtonjunior94/financial/internal/budget/application/usecase/create.go:55.3,55.13 1 0
github.com/jailtonjunior94/financial/internal/budget/application/usecase/create.go:58.2,58.16 1 0
github.com/jailtonjunior94/financial/internal/budget/application/usecase/create.go:58.16,60.3 1 0
github.com/jailtonjunior94/financial/internal/budget/application/usecase/create.go:63.2,72.8 1 0
github.com/jailtonjunior94/financial/internal/budget/application/usecase/create_item.go:26.27,31.2 1 0
github.com/jailtonjunior94/financial/internal/budget/application/usecase/create_item.go:33.116,41.2 1 0
github.com/jailtonjunior94/financial/internal/budget/application/usecase/delete.go:29.23,34.2 1 0
github.com/jailtonjunior94/financial/internal/budget/application/usecase/delete.go:36.83,42.16 4 0
github.com/jailtonjunior94/financial/internal/budget/application/usecase/delete.go:42.16,44.3 1 0
github.com/jailtonjunior94/financial/internal/budget/application/usecase/delete.go:46.2,46.72 1 0
github.com/jailtonjunior94/financial/internal/budget/application/usecase/delete.go:46.72,51.17 3 0
github.com/jailtonjunior94/financial/internal/budget/application/usecase/delete.go:51.17,53.4 1 0
github.com/jailtonjunior94/financial/internal/budget/application/usecase/delete.go:55.3,55.20 1 0
github.com/jailtonjunior94/financial/internal/budget/application/usecase/delete.go:55.20,57.4 1 0
github.com/jailtonjunior94/financial/internal/budget/application/usecase/delete.go:60.3,63.62 2 0
github.com/jailtonjunior94/financial/internal/budget/application/usecase/delete.go:63.62,65.4 1 0
github.com/jailtonjunior94/financial/internal/budget/application/usecase/delete.go:67.3,67.13 1 0
github.com/jailtonjunior94/financial/internal/budget/application/usecase/delete.go:70.2,70.16 1 0
github.com/jailtonjunior94/financial/internal/budget/application/usecase/delete.go:70.16,72.3 1 0
github.com/jailtonjunior94/financial/internal/budget/application/usecase/delete.go:74.2,74.12 1 0
github.com/jailtonjunior94/financial/internal/budget/application/usecase/find.go:29.21,34.2 1 0
github.com/jailtonjunior94/financial/internal/budget/application/usecase/find.go:36.103,42.16 4 0
github.com/jailtonjunior94/financial/internal/budget/application/usecase/find.go:42.16,44.3 1 0
github.com/jailtonjunior94/financial/internal/budget/application/usecase/find.go:47.2,48.16 2 0
github.com/jailtonjunior94/financial/internal/budget/application/usecase/find.go:48.16,50.3 1 0
github.com/jailtonjunior94/financial/internal/budget/application/usecase/find.go:52.2,52.19 1 0
github.com/jailtonjunior94/financial/internal/budget/application/usecase/find.go:52.19,54.3 1 0
github.com/jailtonjunior94/financial/internal/budget/application/usecase/find.go:57.2,58.36 2 0
github.com/jailtonjunior94/financial/internal/budget/application/usecase/find.go:58.36,71.3 1 0
github.com/jailtonjunior94/financial/internal/budget/application/usecase/find.go:74.2,85.8 1 0
github.com/jailtonjunior94/financial/internal/budget/application/usecase/increment_spent_amount.go:42.31,47.2 1 0
github.com/jailtonjunior94/financial/internal/budget/application/usecase/increment_spent_amount.go:55.9,59.73 3 0
github.com/jailtonjunior94/financial/internal/budget/application/usecase/increment_spent_amount.go:59.73,65.17 3 0
github.com/jailtonjunior94/financial/internal/budget/application/usecase/increment_spent_amount.go:65.17,67.4 1 0
github.com/jailtonjunior94/financial/internal/budget/application/usecase/increment_spent_amount.go:70.3,70.20 1 0
github.com/jailtonjunior94/financial/internal/budget/application/usecase/increment_spent_amount.go:70.20,76.4 2 0
github.com/jailtonjunior94/financial/internal/budget/application/usecase/increment_spent_amount.go:79.3,80.37 2 0
github.com/jailtonjunior94/financial/internal/budget/application/usecase/increment_spent_amount.go:80.37,81.55 1 0
github.com/jailtonjunior94/financial/internal/budget/application/usecase/increment_spent_amount.go:81.55,83.10 2 0
github.com/jailtonjunior94/financial/internal/budget/application/usecase/increment_spent_amount.go:88.3,88.24 1 0
github.com/jailtonjunior94/financial/internal/budget/application/usecase/increment_spent_amount.go:88.24,94.4 2 0
github.com/jailtonjunior94/financial/internal/budget/application/usecase/increment_spent_amount.go:97.3,98.17 2 0
github.com/jailtonjunior94/financial/internal/budget/application/usecase/increment_spent_amount.go:98.17,100.4 1 0
github.com/jailtonjunior94/financial/internal/budget/application/usecase/increment_spent_amount.go:103.3,103.85 1 0
github.com/jailtonjunior94/financial/internal/budget/application/usecase/increment_spent_amount.go:103.85,105.4 1 0
github.com/jailtonjunior94/financial/internal/budget/application/usecase/increment_spent_amount.go:108.3,108.70 1 0
github.com/jailtonjunior94/financial/internal/budget/application/usecase/increment_spent_amount.go:108.70,110.4 1 0
github.com/jailtonjunior94/financial/internal/budget/application/usecase/increment_spent_amount.go:113.3,113.62 1 0
github.com/jailtonjunior94/financial/internal/budget/application/usecase/increment_spent_amount.go:113.62,115.4 1 0
github.com/jailtonjunior94/financial/internal/budget/application/usecase/increment_spent_amount.go:117.3,125.13 2 0
github.com/jailtonjunior94/financial/internal/budget/application/usecase/increment_spent_amount.go:128.2,128.16 1 0
github.com/jailtonjunior94/financial/internal/budget/application/usecase/increment_spent_amount.go:128.16,131.3 2 0
github.com/jailtonjunior94/financial/internal/budget/application/usecase/increment_spent_amount.go:133.2,133.12 1 0
github.com/jailtonjunior94/financial/internal/budget/application/usecase/update.go:31.23,36.2 1 0
github.com/jailtonjunior94/financial/internal/budget/application/usecase/update.go:38.136,44.16 4 0
github.com/jailtonjunior94/financial/internal/budget/application/usecase/update.go:44.16,46.3 1 0
github.com/jailtonjunior94/financial/internal/budget/application/usecase/update.go:48.2,50.72 2 0
github.com/jailtonjunior94/financial/internal/budget/application/usecase/update.go:50.72,55.17 3 0
github.com/jailtonjunior94/financial/internal/budget/application/usecase/update.go:55.17,57.4 1 0
github.com/jailtonjunior94/financial/internal/budget/application/usecase/update.go:59.3,59.20 1 0
github.com/jailtonjunior94/financial/internal/budget/application/usecase/update.go:59.20,61.4 1 0
github.com/jailtonjunior94/financial/internal/budget/application/usecase/update.go:64.3,65.17 2 0
github.com/jailtonjunior94/financial/internal/budget/application/usecase/update.go:65.17,67.4 1 0
github.com/jailtonjunior94/financial/internal/budget/application/usecase/update.go:70.3,70.61 1 0
github.com/jailtonjunior94/financial/internal/budget/application/usecase/update.go:70.61,72.4 1 0
github.com/jailtonjunior94/financial/internal/budget/application/usecase/update.go:75.3,79.37 3 0
github.com/jailtonjunior94/financial/internal/budget/application/usecase/update.go:79.37,82.18 2 0
github.com/jailtonjunior94/financial/internal/budget/application/usecase/update.go:82.18,84.5 1 0
github.com/jailtonjunior94/financial/internal/budget/application/usecase/update.go:86.4,90.65 3 0
github.com/jailtonjunior94/financial/internal/budget/application/usecase/update.go:90.65,92.5 1 0
github.com/jailtonjunior94/financial/internal/budget/application/usecase/update.go:98.3,98.35 1 0
github.com/jailtonjunior94/financial/internal/budget/application/usecase/update.go:98.35,104.18 5 0
github.com/jailtonjunior94/financial/internal/budget/application/usecase/update.go:104.19,107.5 0 0
github.com/jailtonjunior94/financial/internal/budget/application/usecase/update.go:107.10,109.5 1 0
github.com/jailtonjunior94/financial/internal/budget/application/usecase/update.go:113.3,113.62 1 0
github.com/jailtonjunior94/financial/internal/budget/application/usecase/update.go:113.62,115.4 1 0
github.com/jailtonjunior94/financial/internal/budget/application/usecase/update.go:118.3,119.37 2 0
github.com/jailtonjunior94/financial/internal/budget/application/usecase/update.go:119.37,132.4 1 0
github.com/jailtonjunior94/financial/internal/budget/application/usecase/update.go:135.3,148.13 2 0
github.com/jailtonjunior94/financial/internal/budget/application/usecase/update.go:151.2,151.16 1 0
github.com/jailtonjunior94/financial/internal/budget/application/usecase/update.go:151.16,153.3 1 0
github.com/jailtonjunior94/financial/internal/budget/application/usecase/update.go:155.2,155.27 1 0
github.com/jailtonjunior94/financial/internal/budget/application/usecase/update_spent_amount.go:32.28,37.2 1 0
github.com/jailtonjunior94/financial/internal/budget/application/usecase/update_spent_amount.go:39.132,45.16 4 0
github.com/jailtonjunior94/financial/internal/budget/application/usecase/update_spent_amount.go:45.16,47.3 1 0
github.com/jailtonjunior94/financial/internal/budget/application/usecase/update_spent_amount.go:50.2,51.16 2 0
github.com/jailtonjunior94/financial/internal/budget/application/usecase/update_spent_amount.go:51.16,53.3 1 0
github.com/jailtonjunior94/financial/internal/budget/application/usecase/update_spent_amount.go:56.2,57.16 2 0
github.com/jailtonjunior94/financial/internal/budget/application/usecase/update_spent_amount.go:57.16,59.3 1 0
github.com/jailtonjunior94/financial/internal/budget/application/usecase/update_spent_amount.go:61.2,61.72 1 0
github.com/jailtonjunior94/financial/internal/budget/application/usecase/update_spent_amount.go:61.72,67.17 3 0
github.com/jailtonjunior94/financial/internal/budget/application/usecase/update_spent_amount.go:67.17,69.4 1 0
github.com/jailtonjunior94/financial/internal/budget/application/usecase/update_spent_amount.go:70.3,70.20 1 0
github.com/jailtonjunior94/financial/internal/budget/application/usecase/update_spent_amount.go:70.20,72.4 1 0
github.com/jailtonjunior94/financial/internal/budget/application/usecase/update_spent_amount.go:75.3,76.18 2 0
github.com/jailtonjunior94/financial/internal/budget/application/usecase/update_spent_amount.go:76.18,78.4 1 0
github.com/jailtonjunior94/financial/internal/budget/application/usecase/update_spent_amount.go:81.3,82.17 2 0
github.com/jailtonjunior94/financial/internal/budget/application/usecase/update_spent_amount.go:82.17,84.4 1 0
github.com/jailtonjunior94/financial/internal/budget/application/usecase/update_spent_amount.go:87.3,87.76 1 0
github.com/jailtonjunior94/financial/internal/budget/application/usecase/update_spent_amount.go:87.76,89.4 1 0
github.com/jailtonjunior94/financial/internal/budget/application/usecase/update_spent_amount.go:92.3,92.64 1 0
github.com/jailtonjunior94/financial/internal/budget/application/usecase/update_spent_amount.go:92.64,94.4 1 0
github.com/jailtonjunior94/financial/internal/budget/application/usecase/update_spent_amount.go:97.3,97.62 1 0
github.com/jailtonjunior94/financial/internal/budget/application/usecase/update_spent_amount.go:97.62,99.4 1 0
github.com/jailtonjunior94/financial/internal/budget/application/usecase/update_spent_amount.go:101.3,101.13 1 0
github.com/jailtonjunior94/financial/internal/budget/application/usecase/update_spent_amount.go:104.2,104.16 1 0
github.com/jailtonjunior94/financial/internal/budget/application/usecase/update_spent_amount.go:104.16,107.3 2 0
github.com/jailtonjunior94/financial/internal/budget/application/usecase/update_spent_amount.go:109.2,109.12 1 0
github.com/jailtonjunior94/financial/configs/config.go:92.47,101.45 7 0
github.com/jailtonjunior94/financial/configs/config.go:101.45,103.3 1 0
github.com/jailtonjunior94/financial/configs/config.go:105.2,105.49 1 0
github.com/jailtonjunior94/financial/configs/config.go:105.49,107.3 1 0
github.com/jailtonjunior94/financial/configs/config.go:110.2,110.42 1 0
github.com/jailtonjunior94/financial/configs/config.go:110.42,112.3 1 0
github.com/jailtonjunior94/financial/configs/config.go:114.2,114.20 1 0
github.com/jailtonjunior94/financial/configs/config.go:119.35,121.62 1 0
github.com/jailtonjunior94/financial/configs/config.go:121.62,125.34 1 0
github.com/jailtonjunior94/financial/configs/config.go:125.34,127.4 1 0
github.com/jailtonjunior94/financial/configs/config.go:130.3,132.41 1 0
github.com/jailtonjunior94/financial/configs/config.go:132.41,134.4 1 0
github.com/jailtonjunior94/financial/configs/config.go:137.3,138.57 1 0
github.com/jailtonjunior94/financial/configs/config.go:138.57,140.4 1 0
github.com/jailtonjunior94/financial/configs/config.go:144.2,144.41 1 0
github.com/jailtonjunior94/financial/configs/config.go:144.41,146.3 1 0
github.com/jailtonjunior94/financial/configs/config.go:147.2,147.40 1 0
github.com/jailtonjunior94/financial/configs/config.go:147.40,149.3 1 0
github.com/jailtonjunior94/financial/configs/config.go:151.2,151.12 1 0
github.com/jailtonjunior94/financial/configs/config.go:154.33,162.2 1 0
github.com/jailtonjunior94/financial/configs/config.go:166.37,173.2 1 0
github.com/jailtonjunior94/financial/internal/budget/module.go:22.126,27.16 4 0
github.com/jailtonjunior94/financial/internal/budget/module.go:27.16,29.3 1 0
github.com/jailtonjunior94/financial/internal/budget/module.go:31.2,49.54 8 0
github.com/jailtonjunior94/financial/cmd/worker/worker.go:23.18,25.16 2 0
github.com/jailtonjunior94/financial/cmd/worker/worker.go:25.16,27.3 1 0
github.com/jailtonjunior94/financial/cmd/worker/worker.go:29.2,45.16 5 0
github.com/jailtonjunior94/financial/cmd/worker/worker.go:45.16,47.3 1 0
github.com/jailtonjunior94/financial/cmd/worker/worker.go:49.2,56.16 2 0
github.com/jailtonjunior94/financial/cmd/worker/worker.go:56.16,58.3 1 0
github.com/jailtonjunior94/financial/cmd/worker/worker.go:59.2,67.16 3 0
github.com/jailtonjunior94/financial/cmd/worker/worker.go:67.16,69.3 1 0
github.com/jailtonjunior94/financial/cmd/worker/worker.go:71.2,71.114 1 0
github.com/jailtonjunior94/financial/cmd/worker/worker.go:71.114,73.3 1 0
github.com/jailtonjunior94/financial/cmd/worker/worker.go:75.2,81.16 3 0
github.com/jailtonjunior94/financial/cmd/worker/worker.go:81.16,83.3 1 0
github.com/jailtonjunior94/financial/cmd/worker/worker.go:84.2,94.37 5 0
github.com/jailtonjunior94/financial/cmd/worker/worker.go:94.37,95.49 1 0
github.com/jailtonjunior94/financial/cmd/worker/worker.go:95.49,97.4 1 0
github.com/jailtonjunior94/financial/cmd/worker/worker.go:100.2,114.56 7 0
github.com/jailtonjunior94/financial/cmd/worker/worker.go:114.56,116.3 1 0
github.com/jailtonjunior94/financial/cmd/worker/worker.go:119.2,119.59 1 0
github.com/jailtonjunior94/financial/cmd/worker/worker.go:119.59,121.3 1 0
github.com/jailtonjunior94/financial/cmd/worker/worker.go:124.2,124.56 1 0
github.com/jailtonjunior94/financial/cmd/worker/worker.go:124.56,126.3 1 0
github.com/jailtonjunior94/financial/cmd/worker/worker.go:129.2,129.51 1 0
github.com/jailtonjunior94/financial/cmd/worker/worker.go:129.51,131.3 1 0
github.com/jailtonjunior94/financial/cmd/worker/worker.go:133.2,134.12 2 0
github.com/jailtonjunior94/financial/internal/budget/infrastructure/repositories/mocks/budget_repository.go:21.22,25.19 3 0
github.com/jailtonjunior94/financial/internal/budget/infrastructure/repositories/mocks/budget_repository.go:25.19,25.49 1 0
github.com/jailtonjunior94/financial/internal/budget/infrastructure/repositories/mocks/budget_repository.go:27.2,27.13 1 0
github.com/jailtonjunior94/financial/internal/budget/infrastructure/repositories/mocks/budget_repository.go:39.65,41.2 1 0
github.com/jailtonjunior94/financial/internal/budget/infrastructure/repositories/mocks/budget_repository.go:44.101,47.19 2 0
github.com/jailtonjunior94/financial/internal/budget/infrastructure/repositories/mocks/budget_repository.go:47.19,48.50 1 0
github.com/jailtonjunior94/financial/internal/budget/infrastructure/repositories/mocks/budget_repository.go:51.2,53.98 3 0
github.com/jailtonjunior94/financial/internal/budget/infrastructure/repositories/mocks/budget_repository.go:53.98,55.3 1 0
github.com/jailtonjunior94/financial/internal/budget/infrastructure/repositories/mocks/budget_repository.go:56.2,56.89 1 0
github.com/jailtonjunior94/financial/internal/budget/infrastructure/repositories/mocks/budget_repository.go:56.89,58.3 1 0
github.com/jailtonjunior94/financial/internal/budget/infrastructure/repositories/mocks/budget_repository.go:58.8,59.24 1 0
github.com/jailtonjunior94/financial/internal/budget/infrastructure/repositories/mocks/budget_repository.go:59.24,61.4 1 0
github.com/jailtonjunior94/financial/internal/budget/infrastructure/repositories/mocks/budget_repository.go:63.2,63.78 1 0
github.com/jailtonjunior94/financial/internal/budget/infrastructure/repositories/mocks/budget_repository.go:63.78,65.3 1 0
github.com/jailtonjunior94/financial/internal/budget/infrastructure/repositories/mocks/budget_repository.go:65.8,67.3 1 0
github.com/jailtonjunior94/financial/internal/budget/infrastructure/repositories/mocks/budget_repository.go:68.2,68.15 1 0
github.com/jailtonjunior94/financial/internal/budget/infrastructure/repositories/mocks/budget_repository.go:79.112,81.2 1 0
github.com/jailtonjunior94/financial/internal/budget/infrastructure/repositories/mocks/budget_repository.go:83.123,84.40 1 0
github.com/jailtonjunior94/financial/internal/budget/infrastructure/repositories/mocks/budget_repository.go:84.40,86.21 2 0
github.com/jailtonjunior94/financial/internal/budget/infrastructure/repositories/mocks/budget_repository.go:86.21,88.4 1 0
github.com/jailtonjunior94/financial/internal/budget/infrastructure/repositories/mocks/budget_repository.go:89.3,90.21 2 0
github.com/jailtonjunior94/financial/internal/budget/infrastructure/repositories/mocks/budget_repository.go:90.21,92.4 1 0
github.com/jailtonjunior94/financial/internal/budget/infrastructure/repositories/mocks/budget_repository.go:93.3,96.4 1 0
github.com/jailtonjunior94/financial/internal/budget/infrastructure/repositories/mocks/budget_repository.go:98.2,98.11 1 0
github.com/jailtonjunior94/financial/internal/budget/infrastructure/repositories/mocks/budget_repository.go:101.118,104.2 2 0
github.com/jailtonjunior94/financial/internal/budget/infrastructure/repositories/mocks/budget_repository.go:106.158,109.2 2 0
github.com/jailtonjunior94/financial/internal/budget/infrastructure/repositories/mocks/budget_repository.go:112.162,115.19 2 0
github.com/jailtonjunior94/financial/internal/budget/infrastructure/repositories/mocks/budget_repository.go:115.19,116.71 1 0
github.com/jailtonjunior94/financial/internal/budget/infrastructure/repositories/mocks/budget_repository.go:119.2,121.119 3 0
github.com/jailtonjunior94/financial/internal/budget/infrastructure/repositories/mocks/budget_repository.go:121.119,123.3 1 0
github.com/jailtonjunior94/financial/internal/budget/infrastructure/repositories/mocks/budget_repository.go:124.2,124.110 1 0
github.com/jailtonjunior94/financial/internal/budget/infrastructure/repositories/mocks/budget_repository.go:124.110,126.3 1 0
github.com/jailtonjunior94/financial/internal/budget/infrastructure/repositories/mocks/budget_repository.go:126.8,127.24 1 0
github.com/jailtonjunior94/financial/internal/budget/infrastructure/repositories/mocks/budget_repository.go:127.24,129.4 1 0
github.com/jailtonjunior94/financial/internal/budget/infrastructure/repositories/mocks/budget_repository.go:131.2,131.99 1 0
github.com/jailtonjunior94/financial/internal/budget/infrastructure/repositories/mocks/budget_repository.go:131.99,133.3 1 0
github.com/jailtonjunior94/financial/internal/budget/infrastructure/repositories/mocks/budget_repository.go:133.8,135.3 1 0
github.com/jailtonjunior94/financial/internal/budget/infrastructure/repositories/mocks/budget_repository.go:136.2,136.15 1 0
github.com/jailtonjunior94/financial/internal/budget/infrastructure/repositories/mocks/budget_repository.go:148.186,150.2 1 0
github.com/jailtonjunior94/financial/internal/budget/infrastructure/repositories/mocks/budget_repository.go:152.205,153.40 1 0
github.com/jailtonjunior94/financial/internal/budget/infrastructure/repositories/mocks/budget_repository.go:153.40,155.21 2 0
github.com/jailtonjunior94/financial/internal/budget/infrastructure/repositories/mocks/budget_repository.go:155.21,157.4 1 0
github.com/jailtonjunior94/financial/internal/budget/infrastructure/repositories/mocks/budget_repository.go:158.3,159.21 2 0
github.com/jailtonjunior94/financial/internal/budget/infrastructure/repositories/mocks/budget_repository.go:159.21,161.4 1 0
github.com/jailtonjunior94/financial/internal/budget/infrastructure/repositories/mocks/budget_repository.go:162.3,163.21 2 0
github.com/jailtonjunior94/financial/internal/budget/infrastructure/repositories/mocks/budget_repository.go:163.21,165.4 1 0
github.com/jailtonjunior94/financial/internal/budget/infrastructure/repositories/mocks/budget_repository.go:166.3,170.4 1 0
github.com/jailtonjunior94/financial/internal/budget/infrastructure/repositories/mocks/budget_repository.go:172.2,172.11 1 0
github.com/jailtonjunior94/financial/internal/budget/infrastructure/repositories/mocks/budget_repository.go:175.160,178.2 2 0
github.com/jailtonjunior94/financial/internal/budget/infrastructure/repositories/mocks/budget_repository.go:180.240,183.2 2 0
github.com/jailtonjunior94/financial/internal/budget/infrastructure/repositories/mocks/budget_repository.go:186.91,189.19 2 0
github.com/jailtonjunior94/financial/internal/budget/infrastructure/repositories/mocks/budget_repository.go:189.19,190.48 1 0
github.com/jailtonjunior94/financial/internal/budget/infrastructure/repositories/mocks/budget_repository.go:193.2,194.86 2 0
github.com/jailtonjunior94/financial/internal/budget/infrastructure/repositories/mocks/budget_repository.go:194.86,196.3 1 0
github.com/jailtonjunior94/financial/internal/budget/infrastructure/repositories/mocks/budget_repository.go:196.8,198.3 1 0
github.com/jailtonjunior94/financial/internal/budget/infrastructure/repositories/mocks/budget_repository.go:199.2,199.11 1 0
github.com/jailtonjunior94/financial/internal/budget/infrastructure/repositories/mocks/budget_repository.go:210.112,212.2 1 0
github.com/jailtonjunior94/financial/internal/budget/infrastructure/repositories/mocks/budget_repository.go:214.131,215.40 1 0
github.com/jailtonjunior94/financial/internal/budget/infrastructure/repositories/mocks/budget_repository.go:215.40,217.21 2 0
github.com/jailtonjunior94/financial/internal/budget/infrastructure/repositories/mocks/budget_repository.go:217.21,219.4 1 0
github.com/jailtonjunior94/financial/internal/budget/infrastructure/repositories/mocks/budget_repository.go:220.3,221.21 2 0
github.com/jailtonjunior94/financial/internal/budget/infrastructure/repositories/mocks/budget_repository.go:221.21,223.4 1 0
github.com/jailtonjunior94/financial/internal/budget/infrastructure/repositories/mocks/budget_repository.go:224.3,227.4 1 0
github.com/jailtonjunior94/financial/internal/budget/infrastructure/repositories/mocks/budget_repository.go:229.2,229.11 1 0
github.com/jailtonjunior94/financial/internal/budget/infrastructure/repositories/mocks/budget_repository.go:232.89,235.2 2 0
github.com/jailtonjunior94/financial/internal/budget/infrastructure/repositories/mocks/budget_repository.go:237.146,240.2 2 0
github.com/jailtonjunior94/financial/internal/budget/infrastructure/repositories/mocks/budget_repository.go:243.101,246.19 2 0
github.com/jailtonjunior94/financial/internal/budget/infrastructure/repositories/mocks/budget_repository.go:246.19,247.53 1 0
github.com/jailtonjunior94/financial/internal/budget/infrastructure/repositories/mocks/budget_repository.go:250.2,251.92 2 0
github.com/jailtonjunior94/financial/internal/budget/infrastructure/repositories/mocks/budget_repository.go:251.92,253.3 1 0
github.com/jailtonjunior94/financial/internal/budget/infrastructure/repositories/mocks/budget_repository.go:253.8,255.3 1 0
github.com/jailtonjunior94/financial/internal/budget/infrastructure/repositories/mocks/budget_repository.go:256.2,256.11 1 0
github.com/jailtonjunior94/financial/internal/budget/infrastructure/repositories/mocks/budget_repository.go:267.121,269.2 1 0
github.com/jailtonjunior94/financial/internal/budget/infrastructure/repositories/mocks/budget_repository.go:271.146,272.40 1 0
github.com/jailtonjunior94/financial/internal/budget/infrastructure/repositories/mocks/budget_repository.go:272.40,274.21 2 0
github.com/jailtonjunior94/financial/internal/budget/infrastructure/repositories/mocks/budget_repository.go:274.21,276.4 1 0
github.com/jailtonjunior94/financial/internal/budget/infrastructure/repositories/mocks/budget_repository.go:277.3,278.21 2 0
github.com/jailtonjunior94/financial/internal/budget/infrastructure/repositories/mocks/budget_repository.go:278.21,280.4 1 0
github.com/jailtonjunior94/financial/internal/budget/infrastructure/repositories/mocks/budget_repository.go:281.3,284.4 1 0
github.com/jailtonjunior94/financial/internal/budget/infrastructure/repositories/mocks/budget_repository.go:286.2,286.11 1 0
github.com/jailtonjunior94/financial/internal/budget/infrastructure/repositories/mocks/budget_repository.go:289.99,292.2 2 0
github.com/jailtonjunior94/financial/internal/budget/infrastructure/repositories/mocks/budget_repository.go:294.161,297.2 2 0
github.com/jailtonjunior94/financial/internal/budget/infrastructure/repositories/mocks/budget_repository.go:300.91,303.19 2 0
github.com/jailtonjunior94/financial/internal/budget/infrastructure/repositories/mocks/budget_repository.go:303.19,304.48 1 0
github.com/jailtonjunior94/financial/internal/budget/infrastructure/repositories/mocks/budget_repository.go:307.2,308.86 2 0
github.com/jailtonjunior94/financial/internal/budget/infrastructure/repositories/mocks/budget_repository.go:308.86,310.3 1 0
github.com/jailtonjunior94/financial/internal/budget/infrastructure/repositories/mocks/budget_repository.go:310.8,312.3 1 0
github.com/jailtonjunior94/financial/internal/budget/infrastructure/repositories/mocks/budget_repository.go:313.2,313.11 1 0
github.com/jailtonjunior94/financial/internal/budget/infrastructure/repositories/mocks/budget_repository.go:324.112,326.2 1 0
github.com/jailtonjunior94/financial/internal/budget/infrastructure/repositories/mocks/budget_repository.go:328.131,329.40 1 0
github.com/jailtonjunior94/financial/internal/budget/infrastructure/repositories/mocks/budget_repository.go:329.40,331.21 2 0
github.com/jailtonjunior94/financial/internal/budget/infrastructure/repositories/mocks/budget_repository.go:331.21,333.4 1 0
github.com/jailtonjunior94/financial/internal/budget/infrastructure/repositories/mocks/budget_repository.go:334.3,335.21 2 0
github.com/jailtonjunior94/financial/internal/budget/infrastructure/repositories/mocks/budget_repository.go:335.21,337.4 1 0
github.com/jailtonjunior94/financial/internal/budget/infrastructure/repositories/mocks/budget_repository.go:338.3,341.4 1 0
github.com/jailtonjunior94/financial/internal/budget/infrastructure/repositories/mocks/budget_repository.go:343.2,343.11 1 0
github.com/jailtonjunior94/financial/internal/budget/infrastructure/repositories/mocks/budget_repository.go:346.89,349.2 2 0
github.com/jailtonjunior94/financial/internal/budget/infrastructure/repositories/mocks/budget_repository.go:351.146,354.2 2 0
github.com/jailtonjunior94/financial/internal/budget/infrastructure/repositories/mocks/budget_repository.go:357.97,360.19 2 0
github.com/jailtonjunior94/financial/internal/budget/infrastructure/repositories/mocks/budget_repository.go:360.19,361.52 1 0
github.com/jailtonjunior94/financial/internal/budget/infrastructure/repositories/mocks/budget_repository.go:364.2,365.90 2 0
github.com/jailtonjunior94/financial/internal/budget/infrastructure/repositories/mocks/budget_repository.go:365.90,367.3 1 0
github.com/jailtonjunior94/financial/internal/budget/infrastructure/repositories/mocks/budget_repository.go:367.8,369.3 1 0
github.com/jailtonjunior94/financial/internal/budget/infrastructure/repositories/mocks/budget_repository.go:370.2,370.11 1 0
github.com/jailtonjunior94/financial/internal/budget/infrastructure/repositories/mocks/budget_repository.go:381.118,383.2 1 0
github.com/jailtonjunior94/financial/internal/budget/infrastructure/repositories/mocks/budget_repository.go:385.141,386.40 1 0
github.com/jailtonjunior94/financial/internal/budget/infrastructure/repositories/mocks/budget_repository.go:386.40,388.21 2 0
github.com/jailtonjunior94/financial/internal/budget/infrastructure/repositories/mocks/budget_repository.go:388.21,390.4 1 0
github.com/jailtonjunior94/financial/internal/budget/infrastructure/repositories/mocks/budget_repository.go:391.3,392.21 2 0
github.com/jailtonjunior94/financial/internal/budget/infrastructure/repositories/mocks/budget_repository.go:392.21,394.4 1 0
github.com/jailtonjunior94/financial/internal/budget/infrastructure/repositories/mocks/budget_repository.go:395.3,398.4 1 0
github.com/jailtonjunior94/financial/internal/budget/infrastructure/repositories/mocks/budget_repository.go:400.2,400.11 1 0
github.com/jailtonjunior94/financial/internal/budget/infrastructure/repositories/mocks/budget_repository.go:403.97,406.2 2 0
github.com/jailtonjunior94/financial/internal/budget/infrastructure/repositories/mocks/budget_repository.go:408.156,411.2 2 0
github.com/jailtonjunior94/financial/internal/budget/domain/factories/budget.go:14.91,17.16 2 0
github.com/jailtonjunior94/financial/internal/budget/domain/factories/budget.go:17.16,19.3 1 0
github.com/jailtonjunior94/financial/internal/budget/domain/factories/budget.go:22.2,23.16 2 0
github.com/jailtonjunior94/financial/internal/budget/domain/factories/budget.go:23.16,25.3 1 0
github.com/jailtonjunior94/financial/internal/budget/domain/factories/budget.go:28.2,29.16 2 0
github.com/jailtonjunior94/financial/internal/budget/domain/factories/budget.go:29.16,31.3 1 0
github.com/jailtonjunior94/financial/internal/budget/domain/factories/budget.go:34.2,35.24 2 0
github.com/jailtonjunior94/financial/internal/budget/domain/factories/budget.go:36.13,37.29 1 0
github.com/jailtonjunior94/financial/internal/budget/domain/factories/budget.go:38.13,39.29 1 0
github.com/jailtonjunior94/financial/internal/budget/domain/factories/budget.go:40.13,41.29 1 0
github.com/jailtonjunior94/financial/internal/budget/domain/factories/budget.go:42.10,43.84 1 0
github.com/jailtonjunior94/financial/internal/budget/domain/factories/budget.go:47.2,48.16 2 0
github.com/jailtonjunior94/financial/internal/budget/domain/factories/budget.go:48.16,50.3 1 0
github.com/jailtonjunior94/financial/internal/budget/domain/factories/budget.go:53.2,54.16 2 0
github.com/jailtonjunior94/financial/internal/budget/domain/factories/budget.go:54.16,56.3 1 0
github.com/jailtonjunior94/financial/internal/budget/domain/factories/budget.go:59.2,64.40 4 0
github.com/jailtonjunior94/financial/internal/budget/domain/factories/budget.go:64.40,66.17 2 0
github.com/jailtonjunior94/financial/internal/budget/domain/factories/budget.go:66.17,68.4 1 0
github.com/jailtonjunior94/financial/internal/budget/domain/factories/budget.go:70.3,71.17 2 0
github.com/jailtonjunior94/financial/internal/budget/domain/factories/budget.go:71.17,73.4 1 0
github.com/jailtonjunior94/financial/internal/budget/domain/factories/budget.go:76.3,77.17 2 0
github.com/jailtonjunior94/financial/internal/budget/domain/factories/budget.go:77.17,79.4 1 0
github.com/jailtonjunior94/financial/internal/budget/domain/factories/budget.go:82.3,84.17 3 0
github.com/jailtonjunior94/financial/internal/budget/domain/factories/budget.go:84.17,86.4 1 0
github.com/jailtonjunior94/financial/internal/budget/domain/factories/budget.go:88.3,91.45 3 0
github.com/jailtonjunior94/financial/internal/budget/domain/factories/budget.go:95.2,95.53 1 0
github.com/jailtonjunior94/financial/internal/budget/domain/factories/budget.go:95.53,97.3 1 0
github.com/jailtonjunior94/financial/internal/budget/domain/factories/budget.go:99.2,99.20 1 0
github.com/jailtonjunior94/financial/internal/card/module.go:23.113,53.2 12 0
github.com/jailtonjunior94/financial/internal/budget/infrastructure/repositories/budget_repository.go:25.106,30.2 1 0
github.com/jailtonjunior94/financial/internal/budget/infrastructure/repositories/budget_repository.go:32.87,64.16 5 0
github.com/jailtonjunior94/financial/internal/budget/infrastructure/repositories/budget_repository.go:64.16,66.3 1 0
github.com/jailtonjunior94/financial/internal/budget/infrastructure/repositories/budget_repository.go:67.2,67.12 1 0
github.com/jailtonjunior94/financial/internal/budget/infrastructure/repositories/budget_repository.go:70.97,74.21 3 0
github.com/jailtonjunior94/financial/internal/budget/infrastructure/repositories/budget_repository.go:74.21,76.3 1 0
github.com/jailtonjunior94/financial/internal/budget/infrastructure/repositories/budget_repository.go:79.2,83.29 4 0
github.com/jailtonjunior94/financial/internal/budget/infrastructure/repositories/budget_repository.go:83.29,86.29 3 0
github.com/jailtonjunior94/financial/internal/budget/infrastructure/repositories/budget_repository.go:86.29,88.4 1 0
github.com/jailtonjunior94/financial/internal/budget/infrastructure/repositories/budget_repository.go:89.3,101.4 2 0
github.com/jailtonjunior94/financial/internal/budget/infrastructure/repositories/budget_repository.go:104.2,119.16 3 0
github.com/jailtonjunior94/financial/internal/budget/infrastructure/repositories/budget_repository.go:119.16,121.3 1 0
github.com/jailtonjunior94/financial/internal/budget/infrastructure/repositories/budget_repository.go:123.2,123.12 1 0
github.com/jailtonjunior94/financial/internal/budget/infrastructure/repositories/budget_repository.go:126.97,161.16 10 0
github.com/jailtonjunior94/financial/internal/budget/infrastructure/repositories/budget_repository.go:161.16,162.27 1 0
github.com/jailtonjunior94/financial/internal/budget/infrastructure/repositories/budget_repository.go:162.27,164.4 1 0
github.com/jailtonjunior94/financial/internal/budget/infrastructure/repositories/budget_repository.go:165.3,165.18 1 0
github.com/jailtonjunior94/financial/internal/budget/infrastructure/repositories/budget_repository.go:169.2,170.16 2 0
github.com/jailtonjunior94/financial/internal/budget/infrastructure/repositories/budget_repository.go:170.16,172.3 1 0
github.com/jailtonjunior94/financial/internal/budget/infrastructure/repositories/budget_repository.go:174.2,175.16 2 0
github.com/jailtonjunior94/financial/internal/budget/infrastructure/repositories/budget_repository.go:175.16,177.3 1 0
github.com/jailtonjunior94/financial/internal/budget/infrastructure/repositories/budget_repository.go:179.2,180.16 2 0
github.com/jailtonjunior94/financial/internal/budget/infrastructure/repositories/budget_repository.go:180.16,182.3 1 0
github.com/jailtonjunior94/financial/internal/budget/infrastructure/repositories/budget_repository.go:184.2,185.16 2 0
github.com/jailtonjunior94/financial/internal/budget/infrastructure/repositories/budget_repository.go:185.16,187.3 1 0
github.com/jailtonjunior94/financial/internal/budget/infrastructure/repositories/budget_repository.go:189.2,190.16 2 0
github.com/jailtonjunior94/financial/internal/budget/infrastructure/repositories/budget_repository.go:190.16,192.3 1 0
github.com/jailtonjunior94/financial/internal/budget/infrastructure/repositories/budget_repository.go:194.2,195.16 2 0
github.com/jailtonjunior94/financial/internal/budget/infrastructure/repositories/budget_repository.go:195.16,197.3 1 0
github.com/jailtonjunior94/financial/internal/budget/infrastructure/repositories/budget_repository.go:199.2,201.22 2 0
github.com/jailtonjunior94/financial/internal/budget/infrastructure/repositories/budget_repository.go:201.22,203.3 1 0
github.com/jailtonjunior94/financial/internal/budget/infrastructure/repositories/budget_repository.go:204.2,204.22 1 0
github.com/jailtonjunior94/financial/internal/budget/infrastructure/repositories/budget_repository.go:204.22,206.3 1 0
github.com/jailtonjunior94/financial/internal/budget/infrastructure/repositories/budget_repository.go:209.2,210.16 2 0
github.com/jailtonjunior94/financial/internal/budget/infrastructure/repositories/budget_repository.go:210.16,212.3 1 0
github.com/jailtonjunior94/financial/internal/budget/infrastructure/repositories/budget_repository.go:213.2,215.21 2 0
github.com/jailtonjunior94/financial/internal/budget/infrastructure/repositories/budget_repository.go:218.163,255.16 10 0
github.com/jailtonjunior94/financial/internal/budget/infrastructure/repositories/budget_repository.go:255.16,256.27 1 0
github.com/jailtonjunior94/financial/internal/budget/infrastructure/repositories/budget_repository.go:256.27,258.4 1 0
github.com/jailtonjunior94/financial/internal/budget/infrastructure/repositories/budget_repository.go:259.3,259.18 1 0
github.com/jailtonjunior94/financial/internal/budget/infrastructure/repositories/budget_repository.go:263.2,264.16 2 0
github.com/jailtonjunior94/financial/internal/budget/infrastructure/repositories/budget_repository.go:264.16,266.3 1 0
github.com/jailtonjunior94/financial/internal/budget/infrastructure/repositories/budget_repository.go:268.2,269.16 2 0
github.com/jailtonjunior94/financial/internal/budget/infrastructure/repositories/budget_repository.go:269.16,271.3 1 0
github.com/jailtonjunior94/financial/internal/budget/infrastructure/repositories/budget_repository.go:273.2,274.16 2 0
github.com/jailtonjunior94/financial/internal/budget/infrastructure/repositories/budget_repository.go:274.16,276.3 1 0
github.com/jailtonjunior94/financial/internal/budget/infrastructure/repositories/budget_repository.go:278.2,279.16 2 0
github.com/jailtonjunior94/financial/internal/budget/infrastructure/repositories/budget_repository.go:279.16,281.3 1 0
github.com/jailtonjunior94/financial/internal/budget/infrastructure/repositories/budget_repository.go:283.2,284.16 2 0
github.com/jailtonjunior94/financial/internal/budget/infrastructure/repositories/budget_repository.go:284.16,286.3 1 0
github.com/jailtonjunior94/financial/internal/budget/infrastructure/repositories/budget_repository.go:288.2,289.16 2 0
github.com/jailtonjunior94/financial/internal/budget/infrastructure/repositories/budget_repository.go:289.16,291.3 1 0
github.com/jailtonjunior94/financial/internal/budget/infrastructure/repositories/budget_repository.go:293.2,295.22 2 0
github.com/jailtonjunior94/financial/internal/budget/infrastructure/repositories/budget_repository.go:295.22,297.3 1 0
github.com/jailtonjunior94/financial/internal/budget/infrastructure/repositories/budget_repository.go:298.2,298.22 1 0
github.com/jailtonjunior94/financial/internal/budget/infrastructure/repositories/budget_repository.go:298.22,300.3 1 0
github.com/jailtonjunior94/financial/internal/budget/infrastructure/repositories/budget_repository.go:303.2,304.16 2 0
github.com/jailtonjunior94/financial/internal/budget/infrastructure/repositories/budget_repository.go:304.16,306.3 1 0
github.com/jailtonjunior94/financial/internal/budget/infrastructure/repositories/budget_repository.go:307.2,309.21 2 0
github.com/jailtonjunior94/financial/internal/budget/infrastructure/repositories/budget_repository.go:312.87,332.16 5 0
github.com/jailtonjunior94/financial/internal/budget/infrastructure/repositories/budget_repository.go:332.16,334.3 1 0
github.com/jailtonjunior94/financial/internal/budget/infrastructure/repositories/budget_repository.go:335.2,335.12 1 0
github.com/jailtonjunior94/financial/internal/budget/infrastructure/repositories/budget_repository.go:338.93,354.16 5 0
github.com/jailtonjunior94/financial/internal/budget/infrastructure/repositories/budget_repository.go:354.16,356.3 1 0
github.com/jailtonjunior94/financial/internal/budget/infrastructure/repositories/budget_repository.go:357.2,357.12 1 0
github.com/jailtonjunior94/financial/internal/budget/infrastructure/repositories/budget_repository.go:360.120,376.16 3 0
github.com/jailtonjunior94/financial/internal/budget/infrastructure/repositories/budget_repository.go:376.16,378.3 1 0
github.com/jailtonjunior94/financial/internal/budget/infrastructure/repositories/budget_repository.go:379.2,379.15 1 0
github.com/jailtonjunior94/financial/internal/budget/infrastructure/repositories/budget_repository.go:379.15,379.35 1 0
github.com/jailtonjunior94/financial/internal/budget/infrastructure/repositories/budget_repository.go:381.2,382.18 2 0
github.com/jailtonjunior94/financial/internal/budget/infrastructure/repositories/budget_repository.go:382.18,398.17 5 0
github.com/jailtonjunior94/financial/internal/budget/infrastructure/repositories/budget_repository.go:398.17,400.4 1 0
github.com/jailtonjunior94/financial/internal/budget/infrastructure/repositories/budget_repository.go:403.3,404.17 2 0
github.com/jailtonjunior94/financial/internal/budget/infrastructure/repositories/budget_repository.go:404.17,406.4 1 0
github.com/jailtonjunior94/financial/internal/budget/infrastructure/repositories/budget_repository.go:408.3,409.17 2 0
github.com/jailtonjunior94/financial/internal/budget/infrastructure/repositories/budget_repository.go:409.17,411.4 1 0
github.com/jailtonjunior94/financial/internal/budget/infrastructure/repositories/budget_repository.go:413.3,414.17 2 0
github.com/jailtonjunior94/financial/internal/budget/infrastructure/repositories/budget_repository.go:414.17,416.4 1 0
github.com/jailtonjunior94/financial/internal/budget/infrastructure/repositories/budget_repository.go:418.3,419.17 2 0
github.com/jailtonjunior94/financial/internal/budget/infrastructure/repositories/budget_repository.go:419.17,421.4 1 0
github.com/jailtonjunior94/financial/internal/budget/infrastructure/repositories/budget_repository.go:423.3,424.17 2 0
github.com/jailtonjunior94/financial/internal/budget/infrastructure/repositories/budget_repository.go:424.17,426.4 1 0
github.com/jailtonjunior94/financial/internal/budget/infrastructure/repositories/budget_repository.go:428.3,429.17 2 0
github.com/jailtonjunior94/financial/internal/budget/infrastructure/repositories/budget_repository.go:429.17,431.4 1 0
github.com/jailtonjunior94/financial/internal/budget/infrastructure/repositories/budget_repository.go:433.3,433.23 1 0
github.com/jailtonjunior94/financial/internal/budget/infrastructure/repositories/budget_repository.go:433.23,435.4 1 0
github.com/jailtonjunior94/financial/internal/budget/infrastructure/repositories/budget_repository.go:436.3,436.23 1 0
github.com/jailtonjunior94/financial/internal/budget/infrastructure/repositories/budget_repository.go:436.23,438.4 1 0
github.com/jailtonjunior94/financial/internal/budget/infrastructure/repositories/budget_repository.go:440.3,440.31 1 0
github.com/jailtonjunior94/financial/internal/budget/infrastructure/repositories/budget_repository.go:443.2,443.26 1 0
github.com/jailtonjunior94/financial/internal/budget/infrastructure/http/budget_handler.go:33.18,42.2 1 0
github.com/jailtonjunior94/financial/internal/budget/infrastructure/http/budget_handler.go:44.72,49.16 4 0
github.com/jailtonjunior94/financial/internal/budget/infrastructure/http/budget_handler.go:49.16,52.3 2 0
github.com/jailtonjunior94/financial/internal/budget/infrastructure/http/budget_handler.go:54.2,55.62 2 0
github.com/jailtonjunior94/financial/internal/budget/infrastructure/http/budget_handler.go:55.62,58.3 2 0
github.com/jailtonjunior94/financial/internal/budget/infrastructure/http/budget_handler.go:60.2,61.16 2 0
github.com/jailtonjunior94/financial/internal/budget/infrastructure/http/budget_handler.go:61.16,64.3 2 0
github.com/jailtonjunior94/financial/internal/budget/infrastructure/http/budget_handler.go:66.2,66.47 1 0
github.com/jailtonjunior94/financial/internal/budget/infrastructure/http/budget_handler.go:69.70,74.20 4 0
github.com/jailtonjunior94/financial/internal/budget/infrastructure/http/budget_handler.go:74.20,77.3 2 0
github.com/jailtonjunior94/financial/internal/budget/infrastructure/http/budget_handler.go:79.2,80.16 2 0
github.com/jailtonjunior94/financial/internal/budget/infrastructure/http/budget_handler.go:80.16,83.3 2 0
github.com/jailtonjunior94/financial/internal/budget/infrastructure/http/budget_handler.go:85.2,85.42 1 0
github.com/jailtonjunior94/financial/internal/budget/infrastructure/http/budget_handler.go:88.72,93.20 4 0
github.com/jailtonjunior94/financial/internal/budget/infrastructure/http/budget_handler.go:93.20,96.3 2 0
github.com/jailtonjunior94/financial/internal/budget/infrastructure/http/budget_handler.go:98.2,99.63 2 0
github.com/jailtonjunior94/financial/internal/budget/infrastructure/http/budget_handler.go:99.63,102.3 2 0
github.com/jailtonjunior94/financial/internal/budget/infrastructure/http/budget_handler.go:104.2,105.16 2 0
github.com/jailtonjunior94/financial/internal/budget/infrastructure/http/budget_handler.go:105.16,108.3 2 0
github.com/jailtonjunior94/financial/internal/budget/infrastructure/http/budget_handler.go:110.2,110.42 1 0
github.com/jailtonjunior94/financial/internal/budget/infrastructure/http/budget_handler.go:113.72,118.20 4 0
github.com/jailtonjunior94/financial/internal/budget/infrastructure/http/budget_handler.go:118.20,121.3 2 0
github.com/jailtonjunior94/financial/internal/budget/infrastructure/http/budget_handler.go:123.2,124.16 2 0
github.com/jailtonjunior94/financial/internal/budget/infrastructure/http/budget_handler.go:124.16,127.3 2 0
github.com/jailtonjunior94/financial/internal/budget/infrastructure/http/budget_handler.go:129.2,129.46 1 0
github.com/jailtonjunior94/financial/internal/budget/infrastructure/http/budget_routes.go:14.103,16.2 1 0
github.com/jailtonjunior94/financial/internal/budget/infrastructure/http/budget_routes.go:18.51,19.42 1 0
github.com/jailtonjunior94/financial/internal/budget/infrastructure/http/budget_routes.go:19.42,26.3 5 0
github.com/jailtonjunior94/financial/internal/budget/domain/vos/reference_month.go:24.66,25.49 1 0
github.com/jailtonjunior94/financial/internal/budget/domain/vos/reference_month.go:25.49,27.3 1 0
github.com/jailtonjunior94/financial/internal/budget/domain/vos/reference_month.go:30.2,31.16 2 0
github.com/jailtonjunior94/financial/internal/budget/domain/vos/reference_month.go:31.16,33.3 1 0
github.com/jailtonjunior94/financial/internal/budget/domain/vos/reference_month.go:35.2,39.8 1 0
github.com/jailtonjunior94/financial/internal/budget/domain/vos/reference_month.go:43.63,49.2 1 0
github.com/jailtonjunior94/financial/internal/budget/domain/vos/reference_month.go:52.41,54.2 1 0
github.com/jailtonjunior94/financial/internal/budget/domain/vos/reference_month.go:57.36,59.2 1 0
github.com/jailtonjunior94/financial/internal/budget/domain/vos/reference_month.go:62.44,64.2 1 0
github.com/jailtonjunior94/financial/internal/budget/domain/vos/reference_month.go:67.59,69.2 1 0
github.com/jailtonjunior94/financial/internal/budget/domain/vos/reference_month.go:72.44,74.2 1 0
github.com/jailtonjunior94/financial/internal/card/domain/factories/card.go:12.74,14.16 2 0
github.com/jailtonjunior94/financial/internal/card/domain/factories/card.go:14.16,16.3 1 0
github.com/jailtonjunior94/financial/internal/card/domain/factories/card.go:18.2,19.16 2 0
github.com/jailtonjunior94/financial/internal/card/domain/factories/card.go:19.16,21.3 1 0
github.com/jailtonjunior94/financial/internal/card/domain/factories/card.go:23.2,24.16 2 0
github.com/jailtonjunior94/financial/internal/card/domain/factories/card.go:24.16,26.3 1 0
github.com/jailtonjunior94/financial/internal/card/domain/factories/card.go:28.2,29.16 2 0
github.com/jailtonjunior94/financial/internal/card/domain/factories/card.go:29.16,31.3 1 0
github.com/jailtonjunior94/financial/internal/card/domain/factories/card.go:33.2,34.16 2 0
github.com/jailtonjunior94/financial/internal/card/domain/factories/card.go:34.16,36.3 1 0
github.com/jailtonjunior94/financial/internal/card/domain/factories/card.go:38.2,39.18 2 0
github.com/jailtonjunior94/financial/internal/card/infrastructure/repositories/card_repository.go:19.102,24.2 1 0
github.com/jailtonjunior94/financial/internal/card/infrastructure/repositories/card_repository.go:26.95,48.16 5 0
github.com/jailtonjunior94/financial/internal/card/infrastructure/repositories/card_repository.go:48.16,52.3 2 0
github.com/jailtonjunior94/financial/internal/card/infrastructure/repositories/card_repository.go:53.2,53.15 1 0
github.com/jailtonjunior94/financial/internal/card/infrastructure/repositories/card_repository.go:53.15,54.48 1 0
github.com/jailtonjunior94/financial/internal/card/infrastructure/repositories/card_repository.go:54.48,57.4 1 0
github.com/jailtonjunior94/financial/internal/card/infrastructure/repositories/card_repository.go:60.2,61.18 2 0
github.com/jailtonjunior94/financial/internal/card/infrastructure/repositories/card_repository.go:61.18,73.17 3 0
github.com/jailtonjunior94/financial/internal/card/infrastructure/repositories/card_repository.go:73.17,77.4 2 0
github.com/jailtonjunior94/financial/internal/card/infrastructure/repositories/card_repository.go:78.3,78.31 1 0
github.com/jailtonjunior94/financial/internal/card/infrastructure/repositories/card_repository.go:80.2,80.19 1 0
github.com/jailtonjunior94/financial/internal/card/infrastructure/repositories/card_repository.go:83.101,115.16 6 0
github.com/jailtonjunior94/financial/internal/card/infrastructure/repositories/card_repository.go:115.16,116.50 1 0
github.com/jailtonjunior94/financial/internal/card/infrastructure/repositories/card_repository.go:116.50,118.4 1 0
github.com/jailtonjunior94/financial/internal/card/infrastructure/repositories/card_repository.go:119.3,121.18 2 0
github.com/jailtonjunior94/financial/internal/card/infrastructure/repositories/card_repository.go:124.2,124.19 1 0
github.com/jailtonjunior94/financial/internal/card/infrastructure/repositories/card_repository.go:127.79,146.16 5 0
github.com/jailtonjunior94/financial/internal/card/infrastructure/repositories/card_repository.go:146.16,154.3 2 0
github.com/jailtonjunior94/financial/internal/card/infrastructure/repositories/card_repository.go:155.2,155.15 1 0
github.com/jailtonjunior94/financial/internal/card/infrastructure/repositories/card_repository.go:155.15,156.48 1 0
github.com/jailtonjunior94/financial/internal/card/infrastructure/repositories/card_repository.go:156.48,158.4 1 0
github.com/jailtonjunior94/financial/internal/card/infrastructure/repositories/card_repository.go:161.2,172.16 2 0
github.com/jailtonjunior94/financial/internal/card/infrastructure/repositories/card_repository.go:172.16,180.3 2 0
github.com/jailtonjunior94/financial/internal/card/infrastructure/repositories/card_repository.go:181.2,181.12 1 0
github.com/jailtonjunior94/financial/internal/card/infrastructure/repositories/card_repository.go:184.81,201.16 5 0
github.com/jailtonjunior94/financial/internal/card/infrastructure/repositories/card_repository.go:201.16,209.3 2 0
github.com/jailtonjunior94/financial/internal/card/infrastructure/repositories/card_repository.go:210.2,210.15 1 0
github.com/jailtonjunior94/financial/internal/card/infrastructure/repositories/card_repository.go:210.15,211.48 1 0
github.com/jailtonjunior94/financial/internal/card/infrastructure/repositories/card_repository.go:211.48,213.4 1 0
github.com/jailtonjunior94/financial/internal/card/infrastructure/repositories/card_repository.go:216.2,226.16 2 0
github.com/jailtonjunior94/financial/internal/card/infrastructure/repositories/card_repository.go:226.16,234.3 2 0
github.com/jailtonjunior94/financial/internal/card/infrastructure/repositories/card_repository.go:236.2,236.12 1 0
github.com/jailtonjunior94/financial/internal/card/infrastructure/adapters/card_provider_adapter.go:25.34,30.2 1 0
github.com/jailtonjunior94/financial/internal/card/infrastructure/adapters/card_provider_adapter.go:38.47,44.16 4 0
github.com/jailtonjunior94/financial/internal/card/infrastructure/adapters/card_provider_adapter.go:44.16,47.3 2 0
github.com/jailtonjunior94/financial/internal/card/infrastructure/adapters/card_provider_adapter.go:49.2,49.17 1 0
github.com/jailtonjunior94/financial/internal/card/infrastructure/adapters/card_provider_adapter.go:49.17,51.3 1 0
github.com/jailtonjunior94/financial/internal/card/infrastructure/adapters/card_provider_adapter.go:55.2,59.8 1 0
github.com/jailtonjunior94/financial/internal/card/infrastructure/http/card_handler.go:36.16,46.2 1 0
github.com/jailtonjunior94/financial/internal/card/infrastructure/http/card_handler.go:48.70,53.16 4 0
github.com/jailtonjunior94/financial/internal/card/infrastructure/http/card_handler.go:53.16,56.3 2 0
github.com/jailtonjunior94/financial/internal/card/infrastructure/http/card_handler.go:58.2,59.62 2 0
github.com/jailtonjunior94/financial/internal/card/infrastructure/http/card_handler.go:59.62,62.3 2 0
github.com/jailtonjunior94/financial/internal/card/infrastructure/http/card_handler.go:64.2,65.16 2 0
github.com/jailtonjunior94/financial/internal/card/infrastructure/http/card_handler.go:65.16,68.3 2 0
github.com/jailtonjunior94/financial/internal/card/infrastructure/http/card_handler.go:70.2,70.47 1 0
github.com/jailtonjunior94/financial/internal/card/infrastructure/http/card_handler.go:73.68,78.16 4 0
github.com/jailtonjunior94/financial/internal/card/infrastructure/http/card_handler.go:78.16,81.3 2 0
github.com/jailtonjunior94/financial/internal/card/infrastructure/http/card_handler.go:83.2,84.16 2 0
github.com/jailtonjunior94/financial/internal/card/infrastructure/http/card_handler.go:84.16,87.3 2 0
github.com/jailtonjunior94/financial/internal/card/infrastructure/http/card_handler.go:89.2,89.42 1 0
github.com/jailtonjunior94/financial/internal/card/infrastructure/http/card_handler.go:92.70,97.16 4 0
github.com/jailtonjunior94/financial/internal/card/infrastructure/http/card_handler.go:97.16,100.3 2 0
github.com/jailtonjunior94/financial/internal/card/infrastructure/http/card_handler.go:102.2,103.16 2 0
github.com/jailtonjunior94/financial/internal/card/infrastructure/http/card_handler.go:103.16,106.3 2 0
github.com/jailtonjunior94/financial/internal/card/infrastructure/http/card_handler.go:108.2,108.42 1 0
github.com/jailtonjunior94/financial/internal/card/infrastructure/http/card_handler.go:111.70,116.16 4 0
github.com/jailtonjunior94/financial/internal/card/infrastructure/http/card_handler.go:116.16,119.3 2 0
github.com/jailtonjunior94/financial/internal/card/infrastructure/http/card_handler.go:121.2,122.62 2 0
github.com/jailtonjunior94/financial/internal/card/infrastructure/http/card_handler.go:122.62,125.3 2 0
github.com/jailtonjunior94/financial/internal/card/infrastructure/http/card_handler.go:127.2,128.16 2 0
github.com/jailtonjunior94/financial/internal/card/infrastructure/http/card_handler.go:128.16,131.3 2 0
github.com/jailtonjunior94/financial/internal/card/infrastructure/http/card_handler.go:133.2,133.42 1 0
github.com/jailtonjunior94/financial/internal/card/infrastructure/http/card_handler.go:136.70,141.16 4 0
github.com/jailtonjunior94/financial/internal/card/infrastructure/http/card_handler.go:141.16,144.3 2 0
github.com/jailtonjunior94/financial/internal/card/infrastructure/http/card_handler.go:146.2,146.89 1 0
github.com/jailtonjunior94/financial/internal/card/infrastructure/http/card_handler.go:146.89,149.3 2 0
github.com/jailtonjunior94/financial/internal/card/infrastructure/http/card_handler.go:151.2,151.46 1 0
github.com/jailtonjunior94/financial/internal/card/infrastructure/http/card_routes.go:14.97,19.2 1 0
github.com/jailtonjunior94/financial/internal/card/infrastructure/http/card_routes.go:21.49,22.42 1 0
github.com/jailtonjunior94/financial/internal/card/infrastructure/http/card_routes.go:22.42,30.3 6 0
github.com/jailtonjunior94/financial/internal/budget/domain/entities/budget.go:28.52,30.16 2 2
github.com/jailtonjunior94/financial/internal/budget/domain/entities/budget.go:30.16,31.64 1 0
github.com/jailtonjunior94/financial/internal/budget/domain/entities/budget.go:33.2,33.10 1 2
github.com/jailtonjunior94/financial/internal/budget/domain/entities/budget.go:47.105,61.2 2 4
github.com/jailtonjunior94/financial/internal/budget/domain/entities/budget.go:64.54,66.21 1 1
github.com/jailtonjunior94/financial/internal/budget/domain/entities/budget.go:66.21,68.3 1 0
github.com/jailtonjunior94/financial/internal/budget/domain/entities/budget.go:71.2,72.39 2 1
github.com/jailtonjunior94/financial/internal/budget/domain/entities/budget.go:72.39,74.17 2 0
github.com/jailtonjunior94/financial/internal/budget/domain/entities/budget.go:74.17,76.4 1 0
github.com/jailtonjunior94/financial/internal/budget/domain/entities/budget.go:77.3,77.24 1 0
github.com/jailtonjunior94/financial/internal/budget/domain/entities/budget.go:80.2,80.32 1 1
github.com/jailtonjunior94/financial/internal/budget/domain/entities/budget.go:80.32,82.42 1 6
github.com/jailtonjunior94/financial/internal/budget/domain/entities/budget.go:82.42,84.4 1 0
github.com/jailtonjunior94/financial/internal/budget/domain/entities/budget.go:86.3,87.17 2 6
github.com/jailtonjunior94/financial/internal/budget/domain/entities/budget.go:87.17,89.4 1 0
github.com/jailtonjunior94/financial/internal/budget/domain/entities/budget.go:90.3,90.24 1 6
github.com/jailtonjunior94/financial/internal/budget/domain/entities/budget.go:94.2,94.49 1 1
github.com/jailtonjunior94/financial/internal/budget/domain/entities/budget.go:94.49,96.3 1 0
github.com/jailtonjunior94/financial/internal/budget/domain/entities/budget.go:97.2,97.45 1 1
github.com/jailtonjunior94/financial/internal/budget/domain/entities/budget.go:97.45,99.3 1 0
github.com/jailtonjunior94/financial/internal/budget/domain/entities/budget.go:102.2,106.12 4 1
github.com/jailtonjunior94/financial/internal/budget/domain/entities/budget.go:110.50,112.38 1 1
github.com/jailtonjunior94/financial/internal/budget/domain/entities/budget.go:112.38,114.3 1 0
github.com/jailtonjunior94/financial/internal/budget/domain/entities/budget.go:117.2,118.39 2 1
github.com/jailtonjunior94/financial/internal/budget/domain/entities/budget.go:118.39,120.17 2 0
github.com/jailtonjunior94/financial/internal/budget/domain/entities/budget.go:120.17,122.4 1 0
github.com/jailtonjunior94/financial/internal/budget/domain/entities/budget.go:123.3,123.24 1 0
github.com/jailtonjunior94/financial/internal/budget/domain/entities/budget.go:126.2,127.16 2 1
github.com/jailtonjunior94/financial/internal/budget/domain/entities/budget.go:127.16,129.3 1 0
github.com/jailtonjunior94/financial/internal/budget/domain/entities/budget.go:130.2,133.49 2 1
github.com/jailtonjunior94/financial/internal/budget/domain/entities/budget.go:133.49,135.3 1 0
github.com/jailtonjunior94/financial/internal/budget/domain/entities/budget.go:138.2,142.12 4 1
github.com/jailtonjunior94/financial/internal/budget/domain/entities/budget.go:146.89,148.33 1 1
github.com/jailtonjunior94/financial/internal/budget/domain/entities/budget.go:148.33,150.3 1 0
github.com/jailtonjunior94/financial/internal/budget/domain/entities/budget.go:153.2,154.17 2 1
github.com/jailtonjunior94/financial/internal/budget/domain/entities/budget.go:154.17,156.3 1 0
github.com/jailtonjunior94/financial/internal/budget/domain/entities/budget.go:162.2,169.12 5 1
github.com/jailtonjunior94/financial/internal/budget/domain/entities/budget.go:173.60,175.2 1 0
github.com/jailtonjunior94/financial/internal/budget/domain/entities/budget.go:178.58,179.31 1 7
github.com/jailtonjunior94/financial/internal/budget/domain/entities/budget.go:179.31,180.54 1 0
github.com/jailtonjunior94/financial/internal/budget/domain/entities/budget.go:180.54,182.4 1 0
github.com/jailtonjunior94/financial/internal/budget/domain/entities/budget.go:184.2,184.14 1 7
github.com/jailtonjunior94/financial/internal/budget/domain/entities/budget.go:188.60,189.31 1 1
github.com/jailtonjunior94/financial/internal/budget/domain/entities/budget.go:189.31,190.42 1 1
github.com/jailtonjunior94/financial/internal/budget/domain/entities/budget.go:190.42,192.4 1 1
github.com/jailtonjunior94/financial/internal/budget/domain/entities/budget.go:194.2,194.12 1 0
github.com/jailtonjunior94/financial/internal/budget/domain/entities/budget.go:198.43,202.31 3 3
github.com/jailtonjunior94/financial/internal/budget/domain/entities/budget.go:202.31,203.58 1 8
github.com/jailtonjunior94/financial/internal/budget/domain/entities/budget.go:203.58,205.4 1 8
github.com/jailtonjunior94/financial/internal/budget/domain/entities/budget.go:207.2,207.23 1 3
github.com/jailtonjunior94/financial/internal/budget/domain/entities/budget.go:211.46,213.28 1 3
github.com/jailtonjunior94/financial/internal/budget/domain/entities/budget.go:213.28,216.3 2 0
github.com/jailtonjunior94/financial/internal/budget/domain/entities/budget.go:219.2,224.16 5 3
github.com/jailtonjunior94/financial/internal/budget/domain/entities/budget.go:224.16,227.3 2 0
github.com/jailtonjunior94/financial/internal/budget/domain/entities/budget.go:229.2,229.35 1 3
github.com/jailtonjunior94/financial/internal/budget/domain/entities/budget.go:234.60,236.31 2 0
github.com/jailtonjunior94/financial/internal/budget/domain/entities/budget.go:236.31,238.17 2 0
github.com/jailtonjunior94/financial/internal/budget/domain/entities/budget.go:238.17,242.4 1 0
github.com/jailtonjunior94/financial/internal/budget/domain/entities/budget.go:243.3,243.14 1 0
github.com/jailtonjunior94/financial/internal/budget/domain/entities/budget.go:245.2,245.14 1 0
github.com/jailtonjunior94/financial/internal/budget/domain/entities/budget.go:249.42,251.2 1 0
github.com/jailtonjunior94/financial/internal/budget/domain/entities/budget.go:254.35,257.2 2 0
github.com/jailtonjunior94/financial/internal/budget/domain/entities/budget_item.go:26.15,44.2 5 8
github.com/jailtonjunior94/financial/internal/budget/domain/entities/budget_item.go:47.47,49.77 1 8
github.com/jailtonjunior94/financial/internal/budget/domain/entities/budget_item.go:49.77,51.3 1 8
github.com/jailtonjunior94/financial/internal/budget/domain/entities/budget_item.go:55.55,57.30 1 1
github.com/jailtonjunior94/financial/internal/budget/domain/entities/budget_item.go:57.30,60.3 2 0
github.com/jailtonjunior94/financial/internal/budget/domain/entities/budget_item.go:63.2,68.16 5 1
github.com/jailtonjunior94/financial/internal/budget/domain/entities/budget_item.go:68.16,71.3 2 0
github.com/jailtonjunior94/financial/internal/budget/domain/entities/budget_item.go:73.2,73.24 1 1
github.com/jailtonjunior94/financial/internal/budget/domain/entities/budget_item.go:77.50,79.16 2 0
github.com/jailtonjunior94/financial/internal/budget/domain/entities/budget_item.go:79.16,83.3 3 0
github.com/jailtonjunior94/financial/internal/budget/domain/entities/budget_item.go:84.2,84.18 1 0
github.com/jailtonjunior94/financial/internal/card/infrastructure/repositories/mocks/card_repository.go:20.20,24.19 3 0
github.com/jailtonjunior94/financial/internal/card/infrastructure/repositories/mocks/card_repository.go:24.19,24.49 1 0
github.com/jailtonjunior94/financial/internal/card/infrastructure/repositories/mocks/card_repository.go:26.2,26.13 1 0
github.com/jailtonjunior94/financial/internal/card/infrastructure/repositories/mocks/card_repository.go:38.61,40.2 1 0
github.com/jailtonjunior94/financial/internal/card/infrastructure/repositories/mocks/card_repository.go:43.114,46.19 2 0
github.com/jailtonjunior94/financial/internal/card/infrastructure/repositories/mocks/card_repository.go:46.19,47.50 1 0
github.com/jailtonjunior94/financial/internal/card/infrastructure/repositories/mocks/card_repository.go:50.2,52.106 3 0
github.com/jailtonjunior94/financial/internal/card/infrastructure/repositories/mocks/card_repository.go:52.106,54.3 1 0
github.com/jailtonjunior94/financial/internal/card/infrastructure/repositories/mocks/card_repository.go:55.2,55.97 1 0
github.com/jailtonjunior94/financial/internal/card/infrastructure/repositories/mocks/card_repository.go:55.97,57.3 1 0
github.com/jailtonjunior94/financial/internal/card/infrastructure/repositories/mocks/card_repository.go:57.8,58.24 1 0
github.com/jailtonjunior94/financial/internal/card/infrastructure/repositories/mocks/card_repository.go:58.24,60.4 1 0
github.com/jailtonjunior94/financial/internal/card/infrastructure/repositories/mocks/card_repository.go:62.2,62.88 1 0
github.com/jailtonjunior94/financial/internal/card/infrastructure/repositories/mocks/card_repository.go:62.88,64.3 1 0
github.com/jailtonjunior94/financial/internal/card/infrastructure/repositories/mocks/card_repository.go:64.8,66.3 1 0
github.com/jailtonjunior94/financial/internal/card/infrastructure/repositories/mocks/card_repository.go:67.2,67.15 1 0
github.com/jailtonjunior94/financial/internal/card/infrastructure/repositories/mocks/card_repository.go:79.128,81.2 1 0
github.com/jailtonjunior94/financial/internal/card/infrastructure/repositories/mocks/card_repository.go:83.136,84.40 1 0
github.com/jailtonjunior94/financial/internal/card/infrastructure/repositories/mocks/card_repository.go:84.40,86.21 2 0
github.com/jailtonjunior94/financial/internal/card/infrastructure/repositories/mocks/card_repository.go:86.21,88.4 1 0
github.com/jailtonjunior94/financial/internal/card/infrastructure/repositories/mocks/card_repository.go:89.3,90.21 2 0
github.com/jailtonjunior94/financial/internal/card/infrastructure/repositories/mocks/card_repository.go:90.21,92.4 1 0
github.com/jailtonjunior94/financial/internal/card/infrastructure/repositories/mocks/card_repository.go:93.3,94.21 2 0
github.com/jailtonjunior94/financial/internal/card/infrastructure/repositories/mocks/card_repository.go:94.21,96.4 1 0
github.com/jailtonjunior94/financial/internal/card/infrastructure/repositories/mocks/card_repository.go:97.3,101.4 1 0
github.com/jailtonjunior94/financial/internal/card/infrastructure/repositories/mocks/card_repository.go:103.2,103.11 1 0
github.com/jailtonjunior94/financial/internal/card/infrastructure/repositories/mocks/card_repository.go:106.110,109.2 2 0
github.com/jailtonjunior94/financial/internal/card/infrastructure/repositories/mocks/card_repository.go:111.169,114.2 2 0
github.com/jailtonjunior94/financial/internal/card/infrastructure/repositories/mocks/card_repository.go:117.99,120.19 2 0
github.com/jailtonjunior94/financial/internal/card/infrastructure/repositories/mocks/card_repository.go:120.19,121.46 1 0
github.com/jailtonjunior94/financial/internal/card/infrastructure/repositories/mocks/card_repository.go:124.2,126.98 3 0
github.com/jailtonjunior94/financial/internal/card/infrastructure/repositories/mocks/card_repository.go:126.98,128.3 1 0
github.com/jailtonjunior94/financial/internal/card/infrastructure/repositories/mocks/card_repository.go:129.2,129.89 1 0
github.com/jailtonjunior94/financial/internal/card/infrastructure/repositories/mocks/card_repository.go:129.89,131.3 1 0
github.com/jailtonjunior94/financial/internal/card/infrastructure/repositories/mocks/card_repository.go:131.8,132.24 1 0
github.com/jailtonjunior94/financial/internal/card/infrastructure/repositories/mocks/card_repository.go:132.24,134.4 1 0
github.com/jailtonjunior94/financial/internal/card/infrastructure/repositories/mocks/card_repository.go:136.2,136.78 1 0
github.com/jailtonjunior94/financial/internal/card/infrastructure/repositories/mocks/card_repository.go:136.78,138.3 1 0
github.com/jailtonjunior94/financial/internal/card/infrastructure/repositories/mocks/card_repository.go:138.8,140.3 1 0
github.com/jailtonjunior94/financial/internal/card/infrastructure/repositories/mocks/card_repository.go:141.2,141.15 1 0
github.com/jailtonjunior94/financial/internal/card/infrastructure/repositories/mocks/card_repository.go:152.104,154.2 1 0
github.com/jailtonjunior94/financial/internal/card/infrastructure/repositories/mocks/card_repository.go:156.115,157.40 1 0
github.com/jailtonjunior94/financial/internal/card/infrastructure/repositories/mocks/card_repository.go:157.40,159.21 2 0
github.com/jailtonjunior94/financial/internal/card/infrastructure/repositories/mocks/card_repository.go:159.21,161.4 1 0
github.com/jailtonjunior94/financial/internal/card/infrastructure/repositories/mocks/card_repository.go:162.3,163.21 2 0
github.com/jailtonjunior94/financial/internal/card/infrastructure/repositories/mocks/card_repository.go:163.21,165.4 1 0
github.com/jailtonjunior94/financial/internal/card/infrastructure/repositories/mocks/card_repository.go:166.3,169.4 1 0
github.com/jailtonjunior94/financial/internal/card/infrastructure/repositories/mocks/card_repository.go:171.2,171.11 1 0
github.com/jailtonjunior94/financial/internal/card/infrastructure/repositories/mocks/card_repository.go:174.105,177.2 2 0
github.com/jailtonjunior94/financial/internal/card/infrastructure/repositories/mocks/card_repository.go:179.150,182.2 2 0
github.com/jailtonjunior94/financial/internal/card/infrastructure/repositories/mocks/card_repository.go:185.83,188.19 2 0
github.com/jailtonjunior94/financial/internal/card/infrastructure/repositories/mocks/card_repository.go:188.19,189.46 1 0
github.com/jailtonjunior94/financial/internal/card/infrastructure/repositories/mocks/card_repository.go:192.2,193.84 2 0
github.com/jailtonjunior94/financial/internal/card/infrastructure/repositories/mocks/card_repository.go:193.84,195.3 1 0
github.com/jailtonjunior94/financial/internal/card/infrastructure/repositories/mocks/card_repository.go:195.8,197.3 1 0
github.com/jailtonjunior94/financial/internal/card/infrastructure/repositories/mocks/card_repository.go:198.2,198.11 1 0
github.com/jailtonjunior94/financial/internal/card/infrastructure/repositories/mocks/card_repository.go:209.102,211.2 1 0
github.com/jailtonjunior94/financial/internal/card/infrastructure/repositories/mocks/card_repository.go:213.119,214.40 1 0
github.com/jailtonjunior94/financial/internal/card/infrastructure/repositories/mocks/card_repository.go:214.40,216.21 2 0
github.com/jailtonjunior94/financial/internal/card/infrastructure/repositories/mocks/card_repository.go:216.21,218.4 1 0
github.com/jailtonjunior94/financial/internal/card/infrastructure/repositories/mocks/card_repository.go:219.3,220.21 2 0
github.com/jailtonjunior94/financial/internal/card/infrastructure/repositories/mocks/card_repository.go:220.21,222.4 1 0
github.com/jailtonjunior94/financial/internal/card/infrastructure/repositories/mocks/card_repository.go:223.3,226.4 1 0
github.com/jailtonjunior94/financial/internal/card/infrastructure/repositories/mocks/card_repository.go:228.2,228.11 1 0
github.com/jailtonjunior94/financial/internal/card/infrastructure/repositories/mocks/card_repository.go:231.81,234.2 2 0
github.com/jailtonjunior94/financial/internal/card/infrastructure/repositories/mocks/card_repository.go:236.134,239.2 2 0
github.com/jailtonjunior94/financial/internal/card/infrastructure/repositories/mocks/card_repository.go:242.85,245.19 2 0
github.com/jailtonjunior94/financial/internal/card/infrastructure/repositories/mocks/card_repository.go:245.19,246.48 1 0
github.com/jailtonjunior94/financial/internal/card/infrastructure/repositories/mocks/card_repository.go:249.2,250.84 2 0
github.com/jailtonjunior94/financial/internal/card/infrastructure/repositories/mocks/card_repository.go:250.84,252.3 1 0
github.com/jailtonjunior94/financial/internal/card/infrastructure/repositories/mocks/card_repository.go:252.8,254.3 1 0
github.com/jailtonjunior94/financial/internal/card/infrastructure/repositories/mocks/card_repository.go:255.2,255.11 1 0
github.com/jailtonjunior94/financial/internal/card/infrastructure/repositories/mocks/card_repository.go:266.106,268.2 1 0
github.com/jailtonjunior94/financial/internal/card/infrastructure/repositories/mocks/card_repository.go:270.123,271.40 1 0
github.com/jailtonjunior94/financial/internal/card/infrastructure/repositories/mocks/card_repository.go:271.40,273.21 2 0
github.com/jailtonjunior94/financial/internal/card/infrastructure/repositories/mocks/card_repository.go:273.21,275.4 1 0
github.com/jailtonjunior94/financial/internal/card/infrastructure/repositories/mocks/card_repository.go:276.3,277.21 2 0
github.com/jailtonjunior94/financial/internal/card/infrastructure/repositories/mocks/card_repository.go:277.21,279.4 1 0
github.com/jailtonjunior94/financial/internal/card/infrastructure/repositories/mocks/card_repository.go:280.3,283.4 1 0
github.com/jailtonjunior94/financial/internal/card/infrastructure/repositories/mocks/card_repository.go:285.2,285.11 1 0
github.com/jailtonjunior94/financial/internal/card/infrastructure/repositories/mocks/card_repository.go:288.85,291.2 2 0
github.com/jailtonjunior94/financial/internal/card/infrastructure/repositories/mocks/card_repository.go:293.138,296.2 2 0
github.com/jailtonjunior94/financial/internal/category/module.go:20.121,46.2 11 0
github.com/jailtonjunior94/financial/internal/category/domain/factories/category.go:12.95,14.16 2 0
github.com/jailtonjunior94/financial/internal/category/domain/factories/category.go:14.16,16.3 1 0
github.com/jailtonjunior94/financial/internal/category/domain/factories/category.go:18.2,19.16 2 0
github.com/jailtonjunior94/financial/internal/category/domain/factories/category.go:19.16,21.3 1 0
github.com/jailtonjunior94/financial/internal/category/domain/factories/category.go:23.2,24.23 2 0
github.com/jailtonjunior94/financial/internal/category/domain/factories/category.go:24.23,26.17 2 0
github.com/jailtonjunior94/financial/internal/category/domain/factories/category.go:26.17,28.4 1 0
github.com/jailtonjunior94/financial/internal/category/domain/factories/category.go:29.3,29.14 1 0
github.com/jailtonjunior94/financial/internal/category/domain/factories/category.go:32.2,33.16 2 0
github.com/jailtonjunior94/financial/internal/category/domain/factories/category.go:33.16,35.3 1 0
github.com/jailtonjunior94/financial/internal/category/domain/factories/category.go:37.2,38.16 2 0
[...]
github.com/jailtonjunior94/financial/pkg/auth/jwt.go:74.2,74.25 1 0
github.com/jailtonjunior94/financial/pkg/auth/jwt.go:80.94,84.17 3 0
github.com/jailtonjunior94/financial/pkg/auth/jwt.go:84.17,86.3 1 0
github.com/jailtonjunior94/financial/pkg/auth/jwt.go:88.2,89.79 2 0
github.com/jailtonjunior94/financial/pkg/auth/jwt.go:89.79,91.54 1 0
github.com/jailtonjunior94/financial/pkg/auth/jwt.go:91.54,103.4 3 0
github.com/jailtonjunior94/financial/pkg/auth/jwt.go:104.3,104.21 1 0
github.com/jailtonjunior94/financial/pkg/auth/jwt.go:107.2,107.16 1 0
github.com/jailtonjunior94/financial/pkg/auth/jwt.go:107.16,109.42 1 0
github.com/jailtonjunior94/financial/pkg/auth/jwt.go:109.42,112.4 2 0
github.com/jailtonjunior94/financial/pkg/auth/jwt.go:113.3,114.43 2 0
github.com/jailtonjunior94/financial/pkg/auth/jwt.go:118.2,118.46 1 0
github.com/jailtonjunior94/financial/pkg/auth/jwt.go:118.46,120.3 1 0
github.com/jailtonjunior94/financial/pkg/auth/jwt.go:123.2,124.9 2 0
github.com/jailtonjunior94/financial/pkg/auth/jwt.go:124.9,126.3 1 0
github.com/jailtonjunior94/financial/pkg/auth/jwt.go:129.2,130.22 2 0
github.com/jailtonjunior94/financial/pkg/auth/jwt.go:130.22,134.3 3 0
github.com/jailtonjunior94/financial/pkg/auth/jwt.go:137.2,138.24 2 0
github.com/jailtonjunior94/financial/pkg/auth/jwt.go:138.24,142.3 3 0
github.com/jailtonjunior94/financial/pkg/auth/jwt.go:145.2,146.47 2 0
github.com/jailtonjunior94/financial/pkg/auth/jwt.go:146.47,147.50 1 0
github.com/jailtonjunior94/financial/pkg/auth/jwt.go:147.50,148.32 1 0
github.com/jailtonjunior94/financial/pkg/auth/jwt.go:148.32,149.38 1 0
github.com/jailtonjunior94/financial/pkg/auth/jwt.go:149.38,151.6 1 0
github.com/jailtonjunior94/financial/pkg/auth/jwt.go:156.2,157.18 2 0
github.com/jailtonjunior94/financial/pkg/auth/validator.go:14.80,20.2 1 0
github.com/jailtonjunior94/financial/pkg/outbox/cleanup.go:18.44,23.2 1 0
github.com/jailtonjunior94/financial/pkg/outbox/cleanup.go:39.11,45.2 1 0
github.com/jailtonjunior94/financial/pkg/outbox/cleanup.go:47.63,61.73 6 0
github.com/jailtonjunior94/financial/pkg/outbox/cleanup.go:61.73,66.17 4 0
github.com/jailtonjunior94/financial/pkg/outbox/cleanup.go:66.17,68.4 1 0
github.com/jailtonjunior94/financial/pkg/outbox/cleanup.go:69.3,69.13 1 0
github.com/jailtonjunior94/financial/pkg/outbox/cleanup.go:72.2,72.16 1 0
github.com/jailtonjunior94/financial/pkg/outbox/cleanup.go:72.16,75.3 2 0
github.com/jailtonjunior94/financial/pkg/outbox/cleanup.go:77.2,81.21 2 0
github.com/jailtonjunior94/financial/pkg/outbox/dispatcher.go:30.65,37.2 1 0
github.com/jailtonjunior94/financial/pkg/outbox/dispatcher.go:59.14,66.2 1 0
github.com/jailtonjunior94/financial/pkg/outbox/dispatcher.go:69.65,75.73 4 0
github.com/jailtonjunior94/financial/pkg/outbox/dispatcher.go:75.73,79.17 3 0
github.com/jailtonjunior94/financial/pkg/outbox/dispatcher.go:79.17,81.4 1 0
github.com/jailtonjunior94/financial/pkg/outbox/dispatcher.go:83.3,83.23 1 0
github.com/jailtonjunior94/financial/pkg/outbox/dispatcher.go:83.23,86.4 2 0
github.com/jailtonjunior94/financial/pkg/outbox/dispatcher.go:89.3,89.32 1 0
github.com/jailtonjunior94/financial/pkg/outbox/dispatcher.go:89.32,90.71 1 0
github.com/jailtonjunior94/financial/pkg/outbox/dispatcher.go:90.71,95.13 2 0
github.com/jailtonjunior94/financial/pkg/outbox/dispatcher.go:97.4,97.15 1 0
github.com/jailtonjunior94/financial/pkg/outbox/dispatcher.go:100.3,100.13 1 0
github.com/jailtonjunior94/financial/pkg/outbox/dispatcher.go:103.2,103.16 1 0
github.com/jailtonjunior94/financial/pkg/outbox/dispatcher.go:103.16,106.3 2 0
github.com/jailtonjunior94/financial/pkg/outbox/dispatcher.go:108.2,112.23 2 0
github.com/jailtonjunior94/financial/pkg/outbox/dispatcher.go:116.105,122.16 4 0
github.com/jailtonjunior94/financial/pkg/outbox/dispatcher.go:122.16,124.3 1 0
github.com/jailtonjunior94/financial/pkg/outbox/dispatcher.go:126.2,127.9 2 0
github.com/jailtonjunior94/financial/pkg/outbox/dispatcher.go:127.9,129.3 1 0
github.com/jailtonjunior94/financial/pkg/outbox/dispatcher.go:132.2,148.16 5 0
github.com/jailtonjunior94/financial/pkg/outbox/dispatcher.go:148.16,150.3 1 0
github.com/jailtonjunior94/financial/pkg/outbox/dispatcher.go:153.2,154.60 2 0
github.com/jailtonjunior94/financial/pkg/outbox/dispatcher.go:154.60,158.3 2 0
github.com/jailtonjunior94/financial/pkg/outbox/dispatcher.go:160.2,168.12 2 0
github.com/jailtonjunior94/financial/pkg/outbox/dispatcher.go:172.124,173.22 1 0
github.com/jailtonjunior94/financial/pkg/outbox/dispatcher.go:173.22,175.58 1 0
github.com/jailtonjunior94/financial/pkg/outbox/dispatcher.go:175.58,177.4 1 0
github.com/jailtonjunior94/financial/pkg/outbox/dispatcher.go:180.3,186.4 2 0
github.com/jailtonjunior94/financial/pkg/outbox/dispatcher.go:187.8,196.3 2 0
github.com/jailtonjunior94/financial/pkg/outbox/dispatcher.go:199.2,199.72 1 0
github.com/jailtonjunior94/financial/pkg/outbox/dispatcher.go:199.72,201.3 1 0
github.com/jailtonjunior94/financial/pkg/outbox/dispatcher.go:203.2,203.12 1 0
github.com/jailtonjunior94/financial/pkg/outbox/dispatcher.go:208.65,210.2 1 0
github.com/jailtonjunior94/financial/pkg/outbox/jobs.go:24.12,30.2 1 0
github.com/jailtonjunior94/financial/pkg/outbox/jobs.go:33.39,35.2 1 0
github.com/jailtonjunior94/financial/pkg/outbox/jobs.go:39.43,40.22 1 0
github.com/jailtonjunior94/financial/pkg/outbox/jobs.go:40.22,42.3 1 0
github.com/jailtonjunior94/financial/pkg/outbox/jobs.go:43.2,43.20 1 0
github.com/jailtonjunior94/financial/pkg/outbox/jobs.go:47.56,52.16 4 0
github.com/jailtonjunior94/financial/pkg/outbox/jobs.go:52.16,58.3 2 0
github.com/jailtonjunior94/financial/pkg/outbox/jobs.go:60.2,60.19 1 0
github.com/jailtonjunior94/financial/pkg/outbox/jobs.go:60.19,64.3 1 0
github.com/jailtonjunior94/financial/pkg/outbox/jobs.go:66.2,66.12 1 0
github.com/jailtonjunior94/financial/pkg/outbox/jobs.go:81.12,87.2 1 0
github.com/jailtonjunior94/financial/pkg/outbox/jobs.go:90.36,92.2 1 0
github.com/jailtonjunior94/financial/pkg/outbox/jobs.go:96.40,97.22 1 0
github.com/jailtonjunior94/financial/pkg/outbox/jobs.go:97.22,99.3 1 0
github.com/jailtonjunior94/financial/pkg/outbox/jobs.go:100.2,100.20 1 0
github.com/jailtonjunior94/financial/pkg/outbox/jobs.go:104.53,109.16 4 0
github.com/jailtonjunior94/financial/pkg/outbox/jobs.go:109.16,114.3 2 0
github.com/jailtonjunior94/financial/pkg/outbox/jobs.go:116.2,120.12 2 0
github.com/jailtonjunior94/financial/pkg/outbox/model.go:38.39,40.2 1 0
github.com/jailtonjunior94/financial/pkg/outbox/model.go:43.36,44.11 1 0
github.com/jailtonjunior94/financial/pkg/outbox/model.go:45.52,46.14 1 0
github.com/jailtonjunior94/financial/pkg/outbox/model.go:47.10,48.15 1 0
github.com/jailtonjunior94/financial/pkg/outbox/model.go:57.53,58.14 1 0
github.com/jailtonjunior94/financial/pkg/outbox/model.go:58.14,60.3 1 0
github.com/jailtonjunior94/financial/pkg/outbox/model.go:61.2,61.24 1 0
github.com/jailtonjunior94/financial/pkg/outbox/model.go:65.46,66.18 1 0
github.com/jailtonjunior94/financial/pkg/outbox/model.go:66.18,69.3 2 0
github.com/jailtonjunior94/financial/pkg/outbox/model.go:71.2,72.9 2 0
github.com/jailtonjunior94/financial/pkg/outbox/model.go:72.9,74.3 1 0
github.com/jailtonjunior94/financial/pkg/outbox/model.go:76.2,77.56 2 0
github.com/jailtonjunior94/financial/pkg/outbox/model.go:77.56,79.3 1 0
github.com/jailtonjunior94/financial/pkg/outbox/model.go:81.2,82.12 2 0
github.com/jailtonjunior94/financial/pkg/outbox/model.go:89.39,91.2 1 0
github.com/jailtonjunior94/financial/pkg/outbox/model.go:95.46,96.19 1 0
github.com/jailtonjunior94/financial/pkg/outbox/model.go:96.19,98.3 1 0
github.com/jailtonjunior94/financial/pkg/outbox/model.go:99.2,100.12 2 0
github.com/jailtonjunior94/financial/pkg/outbox/model.go:104.41,109.2 4 0
github.com/jailtonjunior94/financial/pkg/outbox/model.go:112.38,116.2 3 0
github.com/jailtonjunior94/financial/pkg/outbox/model.go:119.39,123.2 3 0
github.com/jailtonjunior94/financial/pkg/outbox/model.go:131.16,142.2 1 0
github.com/jailtonjunior94/financial/pkg/outbox/repository_sql.go:24.14,29.2 1 0
github.com/jailtonjunior94/financial/pkg/outbox/repository_sql.go:32.77,51.16 3 0
github.com/jailtonjunior94/financial/pkg/outbox/repository_sql.go:51.16,53.3 1 0
github.com/jailtonjunior94/financial/pkg/outbox/repository_sql.go:55.2,55.12 1 0
github.com/jailtonjunior94/financial/pkg/outbox/repository_sql.go:60.98,73.16 3 0
github.com/jailtonjunior94/financial/pkg/outbox/repository_sql.go:73.16,75.3 1 0
github.com/jailtonjunior94/financial/pkg/outbox/repository_sql.go:76.2,76.15 1 0
github.com/jailtonjunior94/financial/pkg/outbox/repository_sql.go:76.15,77.48 1 0
github.com/jailtonjunior94/financial/pkg/outbox/repository_sql.go:77.48,81.4 1 0
github.com/jailtonjunior94/financial/pkg/outbox/repository_sql.go:84.2,85.18 2 0
github.com/jailtonjunior94/financial/pkg/outbox/repository_sql.go:85.18,99.17 3 0
github.com/jailtonjunior94/financial/pkg/outbox/repository_sql.go:99.17,101.4 1 0
github.com/jailtonjunior94/financial/pkg/outbox/repository_sql.go:102.3,102.33 1 0
github.com/jailtonjunior94/financial/pkg/outbox/repository_sql.go:105.2,105.35 1 0
github.com/jailtonjunior94/financial/pkg/outbox/repository_sql.go:105.35,107.3 1 0
github.com/jailtonjunior94/financial/pkg/outbox/repository_sql.go:109.2,109.20 1 0
github.com/jailtonjunior94/financial/pkg/outbox/repository_sql.go:113.85,131.16 3 0
github.com/jailtonjunior94/financial/pkg/outbox/repository_sql.go:131.16,133.3 1 0
github.com/jailtonjunior94/financial/pkg/outbox/repository_sql.go:135.2,136.16 2 0
github.com/jailtonjunior94/financial/pkg/outbox/repository_sql.go:136.16,138.3 1 0
github.com/jailtonjunior94/financial/pkg/outbox/repository_sql.go:140.2,140.23 1 0
github.com/jailtonjunior94/financial/pkg/outbox/repository_sql.go:140.23,142.3 1 0
github.com/jailtonjunior94/financial/pkg/outbox/repository_sql.go:144.2,144.12 1 0
github.com/jailtonjunior94/financial/pkg/outbox/repository_sql.go:149.105,160.16 4 0
github.com/jailtonjunior94/financial/pkg/outbox/repository_sql.go:160.16,162.3 1 0
github.com/jailtonjunior94/financial/pkg/outbox/repository_sql.go:164.2,165.16 2 0
github.com/jailtonjunior94/financial/pkg/outbox/repository_sql.go:165.16,167.3 1 0
github.com/jailtonjunior94/financial/pkg/outbox/repository_sql.go:169.2,169.26 1 0
github.com/jailtonjunior94/financial/pkg/outbox/repository_sql.go:173.91,196.26 4 0
github.com/jailtonjunior94/financial/pkg/outbox/repository_sql.go:196.26,198.3 1 0
github.com/jailtonjunior94/financial/pkg/outbox/repository_sql.go:200.2,200.16 1 0
github.com/jailtonjunior94/financial/pkg/outbox/repository_sql.go:200.16,202.3 1 0
github.com/jailtonjunior94/financial/pkg/outbox/repository_sql.go:204.2,204.19 1 0
github.com/jailtonjunior94/financial/pkg/outbox/repository_sql.go:208.96,217.16 4 0
github.com/jailtonjunior94/financial/pkg/outbox/repository_sql.go:217.16,219.3 1 0
github.com/jailtonjunior94/financial/pkg/outbox/repository_sql.go:221.2,221.19 1 0
github.com/jailtonjunior94/financial/pkg/outbox/service.go:31.82,36.2 1 0
github.com/jailtonjunior94/financial/pkg/outbox/service.go:39.94,44.27 3 0
github.com/jailtonjunior94/financial/pkg/outbox/service.go:44.27,49.3 2 0
github.com/jailtonjunior94/financial/pkg/outbox/service.go:52.2,52.29 1 0
github.com/jailtonjunior94/financial/pkg/outbox/service.go:52.29,55.3 2 0
github.com/jailtonjunior94/financial/pkg/outbox/service.go:58.2,58.54 1 0
github.com/jailtonjunior94/financial/pkg/outbox/service.go:58.54,65.3 2 0
github.com/jailtonjunior94/financial/pkg/outbox/service.go:67.2,74.12 2 0
github.com/jailtonjunior94/financial/pkg/outbox/service.go:85.9,88.2 2 0
github.com/jailtonjunior94/financial/pkg/messaging/consumer.go:66.62,73.2 1 0
github.com/jailtonjunior94/financial/pkg/messaging/handler.go:60.62,65.2 1 0
github.com/jailtonjunior94/financial/pkg/messaging/handler.go:68.71,70.2 1 0
github.com/jailtonjunior94/financial/pkg/messaging/handler.go:73.41,75.2 1 0
github.com/jailtonjunior94/financial/pkg/messaging/message.go:44.56,54.2 1 0
github.com/jailtonjunior94/financial/pkg/messaging/message.go:58.64,61.2 2 0
github.com/jailtonjunior94/financial/pkg/messaging/message.go:65.57,68.2 2 0
github.com/jailtonjunior94/financial/pkg/messaging/message.go:72.46,75.2 2 0
github.com/jailtonjunior94/financial/pkg/messaging/message.go:79.63,82.2 2 0
github.com/jailtonjunior94/financial/pkg/messaging/message.go:86.61,89.2 2 0
github.com/jailtonjunior94/financial/pkg/scheduler/scheduler.go:36.97,37.19 1 0
github.com/jailtonjunior94/financial/pkg/scheduler/scheduler.go:37.19,39.3 1 0
github.com/jailtonjunior94/financial/pkg/scheduler/scheduler.go:41.2,48.27 3 0
github.com/jailtonjunior94/financial/pkg/scheduler/scheduler.go:48.27,52.3 1 0
github.com/jailtonjunior94/financial/pkg/scheduler/scheduler.go:54.2,62.3 1 0
github.com/jailtonjunior94/financial/pkg/scheduler/scheduler.go:68.50,78.16 6 0
github.com/jailtonjunior94/financial/pkg/scheduler/scheduler.go:78.16,80.3 1 0
github.com/jailtonjunior94/financial/pkg/scheduler/scheduler.go:82.2,89.12 2 0
github.com/jailtonjunior94/financial/pkg/scheduler/scheduler.go:95.29,109.2 5 0
github.com/jailtonjunior94/financial/pkg/scheduler/scheduler.go:114.57,124.9 4 0
github.com/jailtonjunior94/financial/pkg/scheduler/scheduler.go:125.24,126.54 1 0
github.com/jailtonjunior94/financial/pkg/scheduler/scheduler.go:127.20,128.62 1 0
github.com/jailtonjunior94/financial/pkg/scheduler/scheduler.go:132.2,133.12 2 0
github.com/jailtonjunior94/financial/pkg/scheduler/scheduler.go:133.12,136.3 2 0
github.com/jailtonjunior94/financial/pkg/scheduler/scheduler.go:138.2,138.9 1 0
github.com/jailtonjunior94/financial/pkg/scheduler/scheduler.go:139.14,141.13 2 0
github.com/jailtonjunior94/financial/pkg/scheduler/scheduler.go:142.20,145.35 3 0
github.com/jailtonjunior94/financial/pkg/scheduler/scheduler.go:145.35,147.4 1 0
github.com/jailtonjunior94/financial/pkg/scheduler/scheduler.go:148.3,155.90 3 0
github.com/jailtonjunior94/financial/pkg/scheduler/scheduler.go:160.50,161.16 1 0
github.com/jailtonjunior94/financial/pkg/scheduler/scheduler.go:161.16,165.10 2 0
github.com/jailtonjunior94/financial/pkg/scheduler/scheduler.go:166.23,172.10 2 0
github.com/jailtonjunior94/financial/pkg/scheduler/scheduler.go:173.11,173.11 0 0
github.com/jailtonjunior94/financial/pkg/scheduler/scheduler.go:177.3,177.37 1 0
github.com/jailtonjunior94/financial/pkg/scheduler/scheduler.go:177.37,180.52 3 0
github.com/jailtonjunior94/financial/pkg/scheduler/scheduler.go:180.52,189.5 3 0
github.com/jailtonjunior94/financial/pkg/scheduler/scheduler.go:190.4,193.17 3 0
github.com/jailtonjunior94/financial/pkg/scheduler/scheduler.go:193.17,197.5 3 0
github.com/jailtonjunior94/financial/pkg/scheduler/scheduler.go:201.3,205.16 3 0
github.com/jailtonjunior94/financial/pkg/scheduler/scheduler.go:205.16,206.32 1 0
github.com/jailtonjunior94/financial/pkg/scheduler/scheduler.go:206.32,213.5 1 0
github.com/jailtonjunior94/financial/pkg/scheduler/scheduler.go:217.3,231.17 7 0
github.com/jailtonjunior94/financial/pkg/scheduler/scheduler.go:231.17,239.4 2 0
github.com/jailtonjunior94/financial/pkg/scheduler/scheduler.go:241.3,245.4 1 0
github.com/jailtonjunior94/financial/pkg/api/middlewares/auth.go:37.140,43.2 1 8
github.com/jailtonjunior94/financial/pkg/api/middlewares/auth.go:52.71,53.71 1 8
github.com/jailtonjunior94/financial/pkg/api/middlewares/auth.go:53.71,58.23 3 8
github.com/jailtonjunior94/financial/pkg/api/middlewares/auth.go:58.23,61.4 2 1
github.com/jailtonjunior94/financial/pkg/api/middlewares/auth.go:64.3,65.17 2 7
github.com/jailtonjunior94/financial/pkg/api/middlewares/auth.go:65.17,68.4 2 2
github.com/jailtonjunior94/financial/pkg/api/middlewares/auth.go:71.3,72.17 2 5
github.com/jailtonjunior94/financial/pkg/api/middlewares/auth.go:72.17,75.4 2 3
github.com/jailtonjunior94/financial/pkg/api/middlewares/auth.go:78.3,79.40 2 2
github.com/jailtonjunior94/financial/pkg/api/middlewares/auth.go:88.60,92.50 2 7
github.com/jailtonjunior94/financial/pkg/api/middlewares/auth.go:92.50,94.3 1 1
github.com/jailtonjunior94/financial/pkg/api/middlewares/auth.go:97.2,98.17 2 6
github.com/jailtonjunior94/financial/pkg/api/middlewares/auth.go:98.17,100.3 1 1
github.com/jailtonjunior94/financial/pkg/api/middlewares/auth.go:102.2,102.19 1 5
github.com/jailtonjunior94/financial/pkg/api/middlewares/auth.go:107.79,109.24 2 5
github.com/jailtonjunior94/financial/pkg/api/middlewares/auth.go:109.24,111.3 1 1
github.com/jailtonjunior94/financial/pkg/api/middlewares/auth.go:112.2,112.18 1 4
github.com/jailtonjunior94/financial/pkg/api/middlewares/auth.go:117.90,119.2 1 4
github.com/jailtonjunior94/financial/pkg/api/middlewares/metric.go:25.96,29.2 1 0
github.com/jailtonjunior94/financial/pkg/api/middlewares/metric.go:31.73,32.71 1 0
github.com/jailtonjunior94/financial/pkg/api/middlewares/metric.go:32.71,68.3 8 0
github.com/jailtonjunior94/financial/pkg/api/middlewares/panic_recover.go:23.127,28.2 1 0
github.com/jailtonjunior94/financial/pkg/api/middlewares/panic_recover.go:30.74,31.71 1 0
github.com/jailtonjunior94/financial/pkg/api/middlewares/panic_recover.go:31.71,32.16 1 0
github.com/jailtonjunior94/financial/pkg/api/middlewares/panic_recover.go:32.16,33.46 1 0
github.com/jailtonjunior94/financial/pkg/api/middlewares/panic_recover.go:33.46,39.12 5 0
github.com/jailtonjunior94/financial/pkg/api/middlewares/panic_recover.go:39.12,41.6 1 0
github.com/jailtonjunior94/financial/pkg/api/middlewares/panic_recover.go:44.5,53.42 3 0
github.com/jailtonjunior94/financial/pkg/api/middlewares/panic_recover.go:57.3,57.23 1 0
github.com/jailtonjunior94/financial/pkg/api/middlewares/tracing.go:21.79,23.2 1 0
github.com/jailtonjunior94/financial/pkg/api/middlewares/tracing.go:25.69,26.71 1 0
github.com/jailtonjunior94/financial/pkg/api/middlewares/tracing.go:26.71,35.3 6 0
github.com/jailtonjunior94/financial/pkg/lifecycle/group.go:22.40,27.2 1 7
github.com/jailtonjunior94/financial/pkg/lifecycle/group.go:52.77,53.19 1 9
github.com/jailtonjunior94/financial/pkg/lifecycle/group.go:53.19,55.3 1 1
github.com/jailtonjunior94/financial/pkg/lifecycle/group.go:57.2,61.3 1 9
github.com/jailtonjunior94/financial/pkg/lifecycle/group.go:67.43,78.2 4 15
github.com/jailtonjunior94/financial/pkg/lifecycle/group.go:83.50,97.37 6 4
github.com/jailtonjunior94/financial/pkg/lifecycle/group.go:97.37,107.49 4 6
github.com/jailtonjunior94/financial/pkg/lifecycle/group.go:107.49,114.4 2 2
github.com/jailtonjunior94/financial/pkg/lifecycle/group.go:116.3,122.4 2 4
github.com/jailtonjunior94/financial/pkg/lifecycle/group.go:125.2,130.12 2 2
github.com/jailtonjunior94/financial/pkg/lifecycle/group.go:136.53,153.44 8 4
github.com/jailtonjunior94/financial/pkg/lifecycle/group.go:153.44,157.24 3 8
github.com/jailtonjunior94/financial/pkg/lifecycle/group.go:157.24,169.52 5 8
github.com/jailtonjunior94/financial/pkg/lifecycle/group.go:169.52,177.5 3 1
github.com/jailtonjunior94/financial/pkg/lifecycle/group.go:179.4,185.5 2 7
github.com/jailtonjunior94/financial/pkg/lifecycle/group.go:190.2,191.12 2 4
github.com/jailtonjunior94/financial/pkg/lifecycle/group.go:191.12,195.3 3 4
github.com/jailtonjunior94/financial/pkg/lifecycle/group.go:197.2,197.9 1 4
github.com/jailtonjunior94/financial/pkg/lifecycle/group.go:198.14,201.27 2 3
github.com/jailtonjunior94/financial/pkg/lifecycle/group.go:201.27,203.4 1 1
github.com/jailtonjunior94/financial/pkg/lifecycle/group.go:205.3,205.30 1 3
github.com/jailtonjunior94/financial/pkg/lifecycle/group.go:205.30,211.4 2 1
github.com/jailtonjunior94/financial/pkg/lifecycle/group.go:213.3,214.13 2 2
github.com/jailtonjunior94/financial/pkg/lifecycle/group.go:216.28,224.13 3 1
github.com/jailtonjunior94/financial/pkg/lifecycle/group.go:224.13,227.11 2 1
github.com/jailtonjunior94/financial/pkg/lifecycle/group.go:228.16,233.6 1 1
github.com/jailtonjunior94/financial/pkg/lifecycle/group.go:234.29,239.6 1 0
github.com/jailtonjunior94/financial/pkg/lifecycle/group.go:243.3,247.49 2 1
