mode: atomic
github.com/jailtonjunior94/financial/cmd/main.go:19.13,28.48 2 0
github.com/jailtonjunior94/financial/cmd/main.go:28.48,30.18 2 0
github.com/jailtonjunior94/financial/cmd/main.go:30.18,32.5 1 0
github.com/jailtonjunior94/financial/cmd/main.go:34.4,44.18 4 0
github.com/jailtonjunior94/financial/cmd/main.go:44.18,46.5 1 0
github.com/jailtonjunior94/financial/cmd/main.go:48.4,48.17 1 0
github.com/jailtonjunior94/financial/cmd/main.go:48.17,49.44 1 0
github.com/jailtonjunior94/financial/cmd/main.go:49.44,51.6 1 0
github.com/jailtonjunior94/financial/cmd/main.go:54.4,54.43 1 0
github.com/jailtonjunior94/financial/cmd/main.go:54.43,55.39 1 0
github.com/jailtonjunior94/financial/cmd/main.go:55.39,58.6 2 0
github.com/jailtonjunior94/financial/cmd/main.go:59.5,60.11 2 0
github.com/jailtonjunior94/financial/cmd/main.go:63.4,64.18 2 0
github.com/jailtonjunior94/financial/cmd/main.go:64.18,66.5 1 0
github.com/jailtonjunior94/financial/cmd/main.go:68.4,68.99 1 0
github.com/jailtonjunior94/financial/cmd/main.go:72.2,75.48 1 0
github.com/jailtonjunior94/financial/cmd/main.go:75.48,76.39 1 0
github.com/jailtonjunior94/financial/cmd/main.go:76.39,78.5 1 0
github.com/jailtonjunior94/financial/cmd/main.go:82.2,85.48 1 0
github.com/jailtonjunior94/financial/cmd/main.go:85.48,86.41 1 0
github.com/jailtonjunior94/financial/cmd/main.go:86.41,88.5 1 0
github.com/jailtonjunior94/financial/cmd/main.go:92.2,95.48 1 0
github.com/jailtonjunior94/financial/cmd/main.go:95.48,96.39 1 0
github.com/jailtonjunior94/financial/cmd/main.go:96.39,98.5 1 0
github.com/jailtonjunior94/financial/cmd/main.go:102.2,103.39 2 0
github.com/jailtonjunior94/financial/cmd/main.go:103.39,105.3 1 0
github.com/jailtonjunior94/financial/cmd/consumer/consumers.go:32.18,34.16 2 0
github.com/jailtonjunior94/financial/cmd/consumer/consumers.go:34.16,36.3 1 0
github.com/jailtonjunior94/financial/cmd/consumer/consumers.go:38.2,38.36 1 0
github.com/jailtonjunior94/financial/cmd/consumer/consumers.go:38.36,40.3 1 0
github.com/jailtonjunior94/financial/cmd/consumer/consumers.go:42.2,51.51 6 0
github.com/jailtonjunior94/financial/cmd/consumer/consumers.go:51.51,53.3 1 0
github.com/jailtonjunior94/financial/cmd/consumer/consumers.go:54.2,54.12 1 0
github.com/jailtonjunior94/financial/cmd/consumer/consumers.go:57.45,59.16 2 0
github.com/jailtonjunior94/financial/cmd/consumer/consumers.go:59.16,61.3 1 0
github.com/jailtonjunior94/financial/cmd/consumer/consumers.go:63.2,76.16 3 0
github.com/jailtonjunior94/financial/cmd/consumer/consumers.go:76.16,78.3 1 0
github.com/jailtonjunior94/financial/cmd/consumer/consumers.go:80.2,97.16 3 0
github.com/jailtonjunior94/financial/cmd/consumer/consumers.go:97.16,99.3 1 0
github.com/jailtonjunior94/financial/cmd/consumer/consumers.go:101.2,107.16 2 0
github.com/jailtonjunior94/financial/cmd/consumer/consumers.go:107.16,109.3 1 0
github.com/jailtonjunior94/financial/cmd/consumer/consumers.go:111.2,128.8 3 0
github.com/jailtonjunior94/financial/cmd/consumer/consumers.go:131.39,134.19 2 0
github.com/jailtonjunior94/financial/cmd/consumer/consumers.go:134.19,135.53 1 0
github.com/jailtonjunior94/financial/cmd/consumer/consumers.go:135.53,137.4 1 0
github.com/jailtonjunior94/financial/cmd/consumer/consumers.go:140.2,141.12 2 0
github.com/jailtonjunior94/financial/cmd/consumer/consumers.go:144.59,155.12 6 0
github.com/jailtonjunior94/financial/cmd/consumer/consumers.go:155.12,158.3 2 0
github.com/jailtonjunior94/financial/cmd/consumer/consumers.go:160.2,160.9 1 0
github.com/jailtonjunior94/financial/cmd/consumer/consumers.go:161.14,162.64 1 0
github.com/jailtonjunior94/financial/cmd/consumer/consumers.go:163.28,165.49 2 0
github.com/jailtonjunior94/financial/cmd/consumer/consumers.go:169.2,169.45 1 0
github.com/jailtonjunior94/financial/cmd/consumer/consumers.go:169.45,171.3 1 0
github.com/jailtonjunior94/financial/cmd/consumer/consumers.go:174.2,174.57 1 0
github.com/jailtonjunior94/financial/cmd/consumer/consumers.go:174.57,176.3 1 0
github.com/jailtonjunior94/financial/cmd/consumer/consumers.go:179.2,179.60 1 0
github.com/jailtonjunior94/financial/cmd/consumer/consumers.go:179.60,181.3 1 0
github.com/jailtonjunior94/financial/cmd/consumer/consumers.go:183.2,184.12 2 0
github.com/jailtonjunior94/financial/cmd/server/server.go:28.18,30.16 2 0
github.com/jailtonjunior94/financial/cmd/server/server.go:30.16,32.3 1 0
github.com/jailtonjunior94/financial/cmd/server/server.go:34.2,50.16 5 0
github.com/jailtonjunior94/financial/cmd/server/server.go:50.16,52.3 1 0
github.com/jailtonjunior94/financial/cmd/server/server.go:54.2,64.16 2 0
github.com/jailtonjunior94/financial/cmd/server/server.go:64.16,66.3 1 0
github.com/jailtonjunior94/financial/cmd/server/server.go:67.2,76.16 7 0
github.com/jailtonjunior94/financial/cmd/server/server.go:76.16,78.3 1 0
github.com/jailtonjunior94/financial/cmd/server/server.go:80.2,84.16 4 0
github.com/jailtonjunior94/financial/cmd/server/server.go:84.16,86.3 1 0
github.com/jailtonjunior94/financial/cmd/server/server.go:88.2,89.16 2 0
github.com/jailtonjunior94/financial/cmd/server/server.go:89.16,91.3 1 0
github.com/jailtonjunior94/financial/cmd/server/server.go:93.2,103.16 2 0
github.com/jailtonjunior94/financial/cmd/server/server.go:103.16,105.3 1 0
github.com/jailtonjunior94/financial/cmd/server/server.go:107.2,115.12 8 0
github.com/jailtonjunior94/financial/cmd/server/server.go:115.12,124.52 5 0
github.com/jailtonjunior94/financial/cmd/server/server.go:124.52,126.4 1 0
github.com/jailtonjunior94/financial/cmd/server/server.go:128.3,128.57 1 0
github.com/jailtonjunior94/financial/cmd/server/server.go:128.57,130.4 1 0
github.com/jailtonjunior94/financial/cmd/server/server.go:133.2,133.23 1 0
github.com/jailtonjunior94/financial/internal/budget/application/usecase/create.go:29.23,34.2 1 0
github.com/jailtonjunior94/financial/internal/budget/application/usecase/create.go:36.134,41.16 4 0
github.com/jailtonjunior94/financial/internal/budget/application/usecase/create.go:41.16,43.3 1 0
github.com/jailtonjunior94/financial/internal/budget/application/usecase/create.go:45.2,45.72 1 0
github.com/jailtonjunior94/financial/internal/budget/application/usecase/create.go:45.72,48.65 2 0
github.com/jailtonjunior94/financial/internal/budget/application/usecase/create.go:48.65,50.4 1 0
github.com/jailtonjunior94/financial/internal/budget/application/usecase/create.go:52.3,52.76 1 0
github.com/jailtonjunior94/financial/internal/budget/application/usecase/create.go:52.76,54.4 1 0
github.com/jailtonjunior94/financial/internal/budget/application/usecase/create.go:55.3,55.13 1 0
github.com/jailtonjunior94/financial/internal/budget/application/usecase/create.go:58.2,58.16 1 0
github.com/jailtonjunior94/financial/internal/budget/application/usecase/create.go:58.16,60.3 1 0
github.com/jailtonjunior94/financial/internal/budget/application/usecase/create.go:63.2,72.8 1 0
github.com/jailtonjunior94/financial/internal/budget/application/usecase/create_item.go:32.27,37.2 1 0
github.com/jailtonjunior94/financial/internal/budget/application/usecase/create_item.go:39.116,45.16 4 0
github.com/jailtonjunior94/financial/internal/budget/application/usecase/create_item.go:45.16,48.3 2 0
github.com/jailtonjunior94/financial/internal/budget/application/usecase/create_item.go:51.2,52.16 2 0
github.com/jailtonjunior94/financial/internal/budget/application/usecase/create_item.go:52.16,55.3 2 0
github.com/jailtonjunior94/financial/internal/budget/application/usecase/create_item.go:58.2,59.16 2 0
github.com/jailtonjunior94/financial/internal/budget/application/usecase/create_item.go:59.16,62.3 2 0
github.com/jailtonjunior94/financial/internal/budget/application/usecase/create_item.go:64.2,64.72 1 0
github.com/jailtonjunior94/financial/internal/budget/application/usecase/create_item.go:64.72,69.17 3 0
github.com/jailtonjunior94/financial/internal/budget/application/usecase/create_item.go:69.17,72.4 2 0
github.com/jailtonjunior94/financial/internal/budget/application/usecase/create_item.go:74.3,74.20 1 0
github.com/jailtonjunior94/financial/internal/budget/application/usecase/create_item.go:74.20,77.4 2 0
github.com/jailtonjunior94/financial/internal/budget/application/usecase/create_item.go:80.3,83.49 2 0
github.com/jailtonjunior94/financial/internal/budget/application/usecase/create_item.go:83.49,86.4 2 0
github.com/jailtonjunior94/financial/internal/budget/application/usecase/create_item.go:89.3,89.92 1 0
github.com/jailtonjunior94/financial/internal/budget/application/usecase/create_item.go:89.92,92.4 2 0
github.com/jailtonjunior94/financial/internal/budget/application/usecase/create_item.go:95.3,95.62 1 0
github.com/jailtonjunior94/financial/internal/budget/application/usecase/create_item.go:95.62,98.4 2 0
github.com/jailtonjunior94/financial/internal/budget/application/usecase/create_item.go:100.3,100.13 1 0
github.com/jailtonjunior94/financial/internal/budget/application/usecase/create_item.go:103.2,103.16 1 0
github.com/jailtonjunior94/financial/internal/budget/application/usecase/create_item.go:103.16,106.3 2 0
github.com/jailtonjunior94/financial/internal/budget/application/usecase/create_item.go:108.2,108.12 1 0
github.com/jailtonjunior94/financial/internal/budget/application/usecase/delete.go:30.23,35.2 1 0
github.com/jailtonjunior94/financial/internal/budget/application/usecase/delete.go:37.83,43.16 4 0
github.com/jailtonjunior94/financial/internal/budget/application/usecase/delete.go:43.16,45.3 1 0
github.com/jailtonjunior94/financial/internal/budget/application/usecase/delete.go:47.2,47.72 1 0
github.com/jailtonjunior94/financial/internal/budget/application/usecase/delete.go:47.72,52.17 3 0
github.com/jailtonjunior94/financial/internal/budget/application/usecase/delete.go:52.17,54.4 1 0
github.com/jailtonjunior94/financial/internal/budget/application/usecase/delete.go:56.3,56.20 1 0
github.com/jailtonjunior94/financial/internal/budget/application/usecase/delete.go:56.20,58.4 1 0
github.com/jailtonjunior94/financial/internal/budget/application/usecase/delete.go:61.3,64.62 2 0
github.com/jailtonjunior94/financial/internal/budget/application/usecase/delete.go:64.62,66.4 1 0
github.com/jailtonjunior94/financial/internal/budget/application/usecase/delete.go:68.3,68.13 1 0
github.com/jailtonjunior94/financial/internal/budget/application/usecase/delete.go:71.2,71.16 1 0
github.com/jailtonjunior94/financial/internal/budget/application/usecase/delete.go:71.16,73.3 1 0
github.com/jailtonjunior94/financial/internal/budget/application/usecase/delete.go:75.2,75.12 1 0
github.com/jailtonjunior94/financial/internal/budget/application/usecase/find.go:30.21,35.2 1 0
github.com/jailtonjunior94/financial/internal/budget/application/usecase/find.go:37.103,43.16 4 0
github.com/jailtonjunior94/financial/internal/budget/application/usecase/find.go:43.16,45.3 1 0
github.com/jailtonjunior94/financial/internal/budget/application/usecase/find.go:48.2,49.16 2 0
github.com/jailtonjunior94/financial/internal/budget/application/usecase/find.go:49.16,51.3 1 0
github.com/jailtonjunior94/financial/internal/budget/application/usecase/find.go:53.2,53.19 1 0
github.com/jailtonjunior94/financial/internal/budget/application/usecase/find.go:53.19,55.3 1 0
github.com/jailtonjunior94/financial/internal/budget/application/usecase/find.go:58.2,59.36 2 0
github.com/jailtonjunior94/financial/internal/budget/application/usecase/find.go:59.36,72.3 1 0
github.com/jailtonjunior94/financial/internal/budget/application/usecase/find.go:75.2,86.8 1 0
github.com/jailtonjunior94/financial/internal/budget/application/usecase/increment_spent_amount.go:42.31,47.2 1 0
github.com/jailtonjunior94/financial/internal/budget/application/usecase/increment_spent_amount.go:55.9,59.73 3 0
github.com/jailtonjunior94/financial/internal/budget/application/usecase/increment_spent_amount.go:59.73,65.17 3 0
github.com/jailtonjunior94/financial/internal/budget/application/usecase/increment_spent_amount.go:65.17,67.4 1 0
github.com/jailtonjunior94/financial/internal/budget/application/usecase/increment_spent_amount.go:70.3,70.20 1 0
github.com/jailtonjunior94/financial/internal/budget/application/usecase/increment_spent_amount.go:70.20,76.4 2 0
github.com/jailtonjunior94/financial/internal/budget/application/usecase/increment_spent_amount.go:79.3,80.37 2 0
github.com/jailtonjunior94/financial/internal/budget/application/usecase/increment_spent_amount.go:80.37,81.55 1 0
github.com/jailtonjunior94/financial/internal/budget/application/usecase/increment_spent_amount.go:81.55,83.10 2 0
github.com/jailtonjunior94/financial/internal/budget/application/usecase/increment_spent_amount.go:88.3,88.24 1 0
github.com/jailtonjunior94/financial/internal/budget/application/usecase/increment_spent_amount.go:88.24,94.4 2 0
github.com/jailtonjunior94/financial/internal/budget/application/usecase/increment_spent_amount.go:97.3,98.17 2 0
github.com/jailtonjunior94/financial/internal/budget/application/usecase/increment_spent_amount.go:98.17,100.4 1 0
github.com/jailtonjunior94/financial/internal/budget/application/usecase/increment_spent_amount.go:103.3,103.85 1 0
github.com/jailtonjunior94/financial/internal/budget/application/usecase/increment_spent_amount.go:103.85,105.4 1 0
github.com/jailtonjunior94/financial/internal/budget/application/usecase/increment_spent_amount.go:108.3,108.70 1 0
github.com/jailtonjunior94/financial/internal/budget/application/usecase/increment_spent_amount.go:108.70,110.4 1 0
github.com/jailtonjunior94/financial/internal/budget/application/usecase/increment_spent_amount.go:113.3,113.62 1 0
github.com/jailtonjunior94/financial/internal/budget/application/usecase/increment_spent_amount.go:113.62,115.4 1 0
github.com/jailtonjunior94/financial/internal/budget/application/usecase/increment_spent_amount.go:117.3,125.13 2 0
github.com/jailtonjunior94/financial/internal/budget/application/usecase/increment_spent_amount.go:128.2,128.16 1 0
github.com/jailtonjunior94/financial/internal/budget/application/usecase/increment_spent_amount.go:128.16,131.3 2 0
github.com/jailtonjunior94/financial/internal/budget/application/usecase/increment_spent_amount.go:133.2,133.12 1 0
github.com/jailtonjunior94/financial/internal/budget/application/usecase/list_paginated.go:43.31,48.2 1 0
github.com/jailtonjunior94/financial/internal/budget/application/usecase/list_paginated.go:54.40,60.16 4 0
github.com/jailtonjunior94/financial/internal/budget/application/usecase/list_paginated.go:60.16,62.3 1 0
github.com/jailtonjunior94/financial/internal/budget/application/usecase/list_paginated.go:65.2,66.16 2 0
github.com/jailtonjunior94/financial/internal/budget/application/usecase/list_paginated.go:66.16,68.3 1 0
github.com/jailtonjunior94/financial/internal/budget/application/usecase/list_paginated.go:71.2,76.16 2 0
github.com/jailtonjunior94/financial/internal/budget/application/usecase/list_paginated.go:76.16,78.3 1 0
github.com/jailtonjunior94/financial/internal/budget/application/usecase/list_paginated.go:81.2,82.13 2 0
github.com/jailtonjunior94/financial/internal/budget/application/usecase/list_paginated.go:82.13,84.3 1 0
github.com/jailtonjunior94/financial/internal/budget/application/usecase/list_paginated.go:87.2,88.33 2 0
github.com/jailtonjunior94/financial/internal/budget/application/usecase/list_paginated.go:88.33,99.17 4 0
github.com/jailtonjunior94/financial/internal/budget/application/usecase/list_paginated.go:99.17,101.4 1 0
github.com/jailtonjunior94/financial/internal/budget/application/usecase/list_paginated.go:103.3,103.24 1 0
github.com/jailtonjunior94/financial/internal/budget/application/usecase/list_paginated.go:107.2,108.33 2 0
github.com/jailtonjunior94/financial/internal/budget/application/usecase/list_paginated.go:108.33,110.37 2 0
github.com/jailtonjunior94/financial/internal/budget/application/usecase/list_paginated.go:110.37,123.4 1 0
github.com/jailtonjunior94/financial/internal/budget/application/usecase/list_paginated.go:125.3,136.4 1 0
github.com/jailtonjunior94/financial/internal/budget/application/usecase/list_paginated.go:139.2,142.8 1 0
github.com/jailtonjunior94/financial/internal/budget/application/usecase/update.go:32.23,37.2 1 0
github.com/jailtonjunior94/financial/internal/budget/application/usecase/update.go:39.136,45.16 4 0
github.com/jailtonjunior94/financial/internal/budget/application/usecase/update.go:45.16,47.3 1 0
github.com/jailtonjunior94/financial/internal/budget/application/usecase/update.go:49.2,51.72 2 0
github.com/jailtonjunior94/financial/internal/budget/application/usecase/update.go:51.72,56.17 3 0
github.com/jailtonjunior94/financial/internal/budget/application/usecase/update.go:56.17,58.4 1 0
github.com/jailtonjunior94/financial/internal/budget/application/usecase/update.go:60.3,60.20 1 0
github.com/jailtonjunior94/financial/internal/budget/application/usecase/update.go:60.20,62.4 1 0
github.com/jailtonjunior94/financial/internal/budget/application/usecase/update.go:65.3,66.17 2 0
github.com/jailtonjunior94/financial/internal/budget/application/usecase/update.go:66.17,68.4 1 0
github.com/jailtonjunior94/financial/internal/budget/application/usecase/update.go:71.3,71.61 1 0
github.com/jailtonjunior94/financial/internal/budget/application/usecase/update.go:71.61,73.4 1 0
github.com/jailtonjunior94/financial/internal/budget/application/usecase/update.go:76.3,80.37 3 0
github.com/jailtonjunior94/financial/internal/budget/application/usecase/update.go:80.37,83.18 2 0
github.com/jailtonjunior94/financial/internal/budget/application/usecase/update.go:83.18,85.5 1 0
github.com/jailtonjunior94/financial/internal/budget/application/usecase/update.go:87.4,91.65 3 0
github.com/jailtonjunior94/financial/internal/budget/application/usecase/update.go:91.65,93.5 1 0
github.com/jailtonjunior94/financial/internal/budget/application/usecase/update.go:97.3,100.62 2 0
github.com/jailtonjunior94/financial/internal/budget/application/usecase/update.go:100.62,102.4 1 0
github.com/jailtonjunior94/financial/internal/budget/application/usecase/update.go:105.3,106.37 2 0
github.com/jailtonjunior94/financial/internal/budget/application/usecase/update.go:106.37,119.4 1 0
github.com/jailtonjunior94/financial/internal/budget/application/usecase/update.go:122.3,135.13 2 0
github.com/jailtonjunior94/financial/internal/budget/application/usecase/update.go:138.2,138.16 1 0
github.com/jailtonjunior94/financial/internal/budget/application/usecase/update.go:138.16,140.3 1 0
github.com/jailtonjunior94/financial/internal/budget/application/usecase/update.go:142.2,142.27 1 0
github.com/jailtonjunior94/financial/internal/budget/application/usecase/update_spent_amount.go:31.28,36.2 1 0
github.com/jailtonjunior94/financial/internal/budget/application/usecase/update_spent_amount.go:38.132,44.16 4 0
github.com/jailtonjunior94/financial/internal/budget/application/usecase/update_spent_amount.go:44.16,46.3 1 0
github.com/jailtonjunior94/financial/internal/budget/application/usecase/update_spent_amount.go:49.2,50.16 2 0
github.com/jailtonjunior94/financial/internal/budget/application/usecase/update_spent_amount.go:50.16,52.3 1 0
github.com/jailtonjunior94/financial/internal/budget/application/usecase/update_spent_amount.go:54.2,54.72 1 0
github.com/jailtonjunior94/financial/internal/budget/application/usecase/update_spent_amount.go:54.72,60.17 3 0
github.com/jailtonjunior94/financial/internal/budget/application/usecase/update_spent_amount.go:60.17,62.4 1 0
github.com/jailtonjunior94/financial/internal/budget/application/usecase/update_spent_amount.go:63.3,63.20 1 0
github.com/jailtonjunior94/financial/internal/budget/application/usecase/update_spent_amount.go:63.20,65.4 1 0
github.com/jailtonjunior94/financial/internal/budget/application/usecase/update_spent_amount.go:68.3,69.18 2 0
github.com/jailtonjunior94/financial/internal/budget/application/usecase/update_spent_amount.go:69.18,71.4 1 0
github.com/jailtonjunior94/financial/internal/budget/application/usecase/update_spent_amount.go:74.3,75.17 2 0
github.com/jailtonjunior94/financial/internal/budget/application/usecase/update_spent_amount.go:75.17,77.4 1 0
github.com/jailtonjunior94/financial/internal/budget/application/usecase/update_spent_amount.go:80.3,80.76 1 0
github.com/jailtonjunior94/financial/internal/budget/application/usecase/update_spent_amount.go:80.76,82.4 1 0
github.com/jailtonjunior94/financial/internal/budget/application/usecase/update_spent_amount.go:85.3,85.64 1 0
github.com/jailtonjunior94/financial/internal/budget/application/usecase/update_spent_amount.go:85.64,87.4 1 0
github.com/jailtonjunior94/financial/internal/budget/application/usecase/update_spent_amount.go:90.3,90.62 1 0
github.com/jailtonjunior94/financial/internal/budget/application/usecase/update_spent_amount.go:90.62,92.4 1 0
github.com/jailtonjunior94/financial/internal/budget/application/usecase/update_spent_amount.go:94.3,94.13 1 0
github.com/jailtonjunior94/financial/internal/budget/application/usecase/update_spent_amount.go:97.2,97.16 1 0
github.com/jailtonjunior94/financial/internal/budget/application/usecase/update_spent_amount.go:97.16,100.3 2 0
github.com/jailtonjunior94/financial/internal/budget/application/usecase/update_spent_amount.go:102.2,102.12 1 0
github.com/jailtonjunior94/financial/cmd/worker/worker.go:23.18,25.16 2 0
github.com/jailtonjunior94/financial/cmd/worker/worker.go:25.16,27.3 1 0
github.com/jailtonjunior94/financial/cmd/worker/worker.go:29.2,45.16 5 0
github.com/jailtonjunior94/financial/cmd/worker/worker.go:45.16,47.3 1 0
github.com/jailtonjunior94/financial/cmd/worker/worker.go:49.2,59.16 2 0
github.com/jailtonjunior94/financial/cmd/worker/worker.go:59.16,61.3 1 0
github.com/jailtonjunior94/financial/cmd/worker/worker.go:62.2,70.16 3 0
github.com/jailtonjunior94/financial/cmd/worker/worker.go:70.16,72.3 1 0
github.com/jailtonjunior94/financial/cmd/worker/worker.go:74.2,74.114 1 0
github.com/jailtonjunior94/financial/cmd/worker/worker.go:74.114,76.3 1 0
github.com/jailtonjunior94/financial/cmd/worker/worker.go:78.2,84.16 3 0
github.com/jailtonjunior94/financial/cmd/worker/worker.go:84.16,86.3 1 0
github.com/jailtonjunior94/financial/cmd/worker/worker.go:87.2,97.37 5 0
github.com/jailtonjunior94/financial/cmd/worker/worker.go:97.37,98.49 1 0
github.com/jailtonjunior94/financial/cmd/worker/worker.go:98.49,100.4 1 0
github.com/jailtonjunior94/financial/cmd/worker/worker.go:103.2,117.56 7 0
github.com/jailtonjunior94/financial/cmd/worker/worker.go:117.56,119.3 1 0
github.com/jailtonjunior94/financial/cmd/worker/worker.go:122.2,122.59 1 0
github.com/jailtonjunior94/financial/cmd/worker/worker.go:122.59,124.3 1 0
github.com/jailtonjunior94/financial/cmd/worker/worker.go:127.2,127.56 1 0
github.com/jailtonjunior94/financial/cmd/worker/worker.go:127.56,129.3 1 0
github.com/jailtonjunior94/financial/cmd/worker/worker.go:132.2,132.51 1 0
github.com/jailtonjunior94/financial/cmd/worker/worker.go:132.51,134.3 1 0
github.com/jailtonjunior94/financial/cmd/worker/worker.go:136.2,137.12 2 0
github.com/jailtonjunior94/financial/configs/config.go:92.47,101.45 7 0
github.com/jailtonjunior94/financial/configs/config.go:101.45,103.3 1 0
github.com/jailtonjunior94/financial/configs/config.go:105.2,105.49 1 0
github.com/jailtonjunior94/financial/configs/config.go:105.49,107.3 1 0
github.com/jailtonjunior94/financial/configs/config.go:110.2,110.42 1 0
github.com/jailtonjunior94/financial/configs/config.go:110.42,112.3 1 0
github.com/jailtonjunior94/financial/configs/config.go:114.2,114.20 1 0
github.com/jailtonjunior94/financial/configs/config.go:119.35,121.62 1 0
github.com/jailtonjunior94/financial/configs/config.go:121.62,125.34 1 0
github.com/jailtonjunior94/financial/configs/config.go:125.34,127.4 1 0
github.com/jailtonjunior94/financial/configs/config.go:130.3,132.41 1 0
github.com/jailtonjunior94/financial/configs/config.go:132.41,134.4 1 0
github.com/jailtonjunior94/financial/configs/config.go:137.3,138.57 1 0
github.com/jailtonjunior94/financial/configs/config.go:138.57,140.4 1 0
github.com/jailtonjunior94/financial/configs/config.go:144.2,144.41 1 0
github.com/jailtonjunior94/financial/configs/config.go:144.41,146.3 1 0
github.com/jailtonjunior94/financial/configs/config.go:147.2,147.40 1 0
github.com/jailtonjunior94/financial/configs/config.go:147.40,149.3 1 0
github.com/jailtonjunior94/financial/configs/config.go:151.2,151.12 1 0
github.com/jailtonjunior94/financial/configs/config.go:154.33,162.2 1 0
github.com/jailtonjunior94/financial/configs/config.go:166.37,173.2 1 0
github.com/jailtonjunior94/financial/internal/budget/module.go:22.126,27.16 4 0
github.com/jailtonjunior94/financial/internal/budget/module.go:27.16,29.3 1 0
github.com/jailtonjunior94/financial/internal/budget/module.go:31.2,50.54 9 0
github.com/jailtonjunior94/financial/internal/budget/domain/factories/budget.go:14.91,17.16 2 0
github.com/jailtonjunior94/financial/internal/budget/domain/factories/budget.go:17.16,19.3 1 0
github.com/jailtonjunior94/financial/internal/budget/domain/factories/budget.go:22.2,23.16 2 0
github.com/jailtonjunior94/financial/internal/budget/domain/factories/budget.go:23.16,25.3 1 0
github.com/jailtonjunior94/financial/internal/budget/domain/factories/budget.go:28.2,29.24 2 0
github.com/jailtonjunior94/financial/internal/budget/domain/factories/budget.go:30.13,31.29 1 0
github.com/jailtonjunior94/financial/internal/budget/domain/factories/budget.go:32.13,33.29 1 0
github.com/jailtonjunior94/financial/internal/budget/domain/factories/budget.go:34.13,35.29 1 0
github.com/jailtonjunior94/financial/internal/budget/domain/factories/budget.go:36.10,37.84 1 0
github.com/jailtonjunior94/financial/internal/budget/domain/factories/budget.go:41.2,42.16 2 0
github.com/jailtonjunior94/financial/internal/budget/domain/factories/budget.go:42.16,44.3 1 0
github.com/jailtonjunior94/financial/internal/budget/domain/factories/budget.go:47.2,48.16 2 0
github.com/jailtonjunior94/financial/internal/budget/domain/factories/budget.go:48.16,50.3 1 0
github.com/jailtonjunior94/financial/internal/budget/domain/factories/budget.go:53.2,58.40 4 0
github.com/jailtonjunior94/financial/internal/budget/domain/factories/budget.go:58.40,60.17 2 0
github.com/jailtonjunior94/financial/internal/budget/domain/factories/budget.go:60.17,62.4 1 0
github.com/jailtonjunior94/financial/internal/budget/domain/factories/budget.go:64.3,65.17 2 0
github.com/jailtonjunior94/financial/internal/budget/domain/factories/budget.go:65.17,67.4 1 0
github.com/jailtonjunior94/financial/internal/budget/domain/factories/budget.go:70.3,71.17 2 0
github.com/jailtonjunior94/financial/internal/budget/domain/factories/budget.go:71.17,73.4 1 0
github.com/jailtonjunior94/financial/internal/budget/domain/factories/budget.go:75.3,78.45 3 0
github.com/jailtonjunior94/financial/internal/budget/domain/factories/budget.go:82.2,82.53 1 0
github.com/jailtonjunior94/financial/internal/budget/domain/factories/budget.go:82.53,84.3 1 0
github.com/jailtonjunior94/financial/internal/budget/domain/factories/budget.go:86.2,86.20 1 0
github.com/jailtonjunior94/financial/internal/budget/domain/factories/budget.go:91.56,94.16 2 0
github.com/jailtonjunior94/financial/internal/budget/domain/factories/budget.go:94.16,96.3 1 0
github.com/jailtonjunior94/financial/internal/budget/domain/factories/budget.go:100.2,102.41 2 0
github.com/jailtonjunior94/financial/internal/budget/domain/vos/reference_month.go:24.66,25.49 1 0
github.com/jailtonjunior94/financial/internal/budget/domain/vos/reference_month.go:25.49,27.3 1 0
github.com/jailtonjunior94/financial/internal/budget/domain/vos/reference_month.go:30.2,31.16 2 0
github.com/jailtonjunior94/financial/internal/budget/domain/vos/reference_month.go:31.16,33.3 1 0
github.com/jailtonjunior94/financial/internal/budget/domain/vos/reference_month.go:35.2,39.8 1 0
github.com/jailtonjunior94/financial/internal/budget/domain/vos/reference_month.go:43.63,49.2 1 0
github.com/jailtonjunior94/financial/internal/budget/domain/vos/reference_month.go:52.41,54.2 1 0
github.com/jailtonjunior94/financial/internal/budget/domain/vos/reference_month.go:57.36,59.2 1 0
github.com/jailtonjunior94/financial/internal/budget/domain/vos/reference_month.go:62.44,64.2 1 0
github.com/jailtonjunior94/financial/internal/budget/domain/vos/reference_month.go:67.59,69.2 1 0
github.com/jailtonjunior94/financial/internal/budget/domain/vos/reference_month.go:72.44,74.2 1 0
github.com/jailtonjunior94/financial/internal/card/module.go:24.113,57.2 14 0
github.com/jailtonjunior94/financial/internal/budget/infrastructure/http/budget_handler.go:36.18,46.2 1 0
github.com/jailtonjunior94/financial/internal/budget/infrastructure/http/budget_handler.go:48.72,53.16 4 0
github.com/jailtonjunior94/financial/internal/budget/infrastructure/http/budget_handler.go:53.16,56.3 2 0
github.com/jailtonjunior94/financial/internal/budget/infrastructure/http/budget_handler.go:58.2,59.62 2 0
github.com/jailtonjunior94/financial/internal/budget/infrastructure/http/budget_handler.go:59.62,62.3 2 0
github.com/jailtonjunior94/financial/internal/budget/infrastructure/http/budget_handler.go:64.2,65.16 2 0
github.com/jailtonjunior94/financial/internal/budget/infrastructure/http/budget_handler.go:65.16,68.3 2 0
github.com/jailtonjunior94/financial/internal/budget/infrastructure/http/budget_handler.go:70.2,70.47 1 0
github.com/jailtonjunior94/financial/internal/budget/infrastructure/http/budget_handler.go:73.70,78.16 4 0
github.com/jailtonjunior94/financial/internal/budget/infrastructure/http/budget_handler.go:78.16,81.3 2 0
github.com/jailtonjunior94/financial/internal/budget/infrastructure/http/budget_handler.go:84.2,85.16 2 0
github.com/jailtonjunior94/financial/internal/budget/infrastructure/http/budget_handler.go:85.16,88.3 2 0
github.com/jailtonjunior94/financial/internal/budget/infrastructure/http/budget_handler.go:90.2,95.16 2 0
github.com/jailtonjunior94/financial/internal/budget/infrastructure/http/budget_handler.go:95.16,98.3 2 0
github.com/jailtonjunior94/financial/internal/budget/infrastructure/http/budget_handler.go:101.2,102.44 2 0
github.com/jailtonjunior94/financial/internal/budget/infrastructure/http/budget_handler.go:105.70,110.20 4 0
github.com/jailtonjunior94/financial/internal/budget/infrastructure/http/budget_handler.go:110.20,113.3 2 0
github.com/jailtonjunior94/financial/internal/budget/infrastructure/http/budget_handler.go:115.2,116.16 2 0
github.com/jailtonjunior94/financial/internal/budget/infrastructure/http/budget_handler.go:116.16,119.3 2 0
github.com/jailtonjunior94/financial/internal/budget/infrastructure/http/budget_handler.go:121.2,121.42 1 0
github.com/jailtonjunior94/financial/internal/budget/infrastructure/http/budget_handler.go:124.72,129.20 4 0
github.com/jailtonjunior94/financial/internal/budget/infrastructure/http/budget_handler.go:129.20,132.3 2 0
github.com/jailtonjunior94/financial/internal/budget/infrastructure/http/budget_handler.go:134.2,135.63 2 0
github.com/jailtonjunior94/financial/internal/budget/infrastructure/http/budget_handler.go:135.63,138.3 2 0
github.com/jailtonjunior94/financial/internal/budget/infrastructure/http/budget_handler.go:140.2,141.16 2 0
github.com/jailtonjunior94/financial/internal/budget/infrastructure/http/budget_handler.go:141.16,144.3 2 0
github.com/jailtonjunior94/financial/internal/budget/infrastructure/http/budget_handler.go:146.2,146.42 1 0
github.com/jailtonjunior94/financial/internal/budget/infrastructure/http/budget_handler.go:149.72,154.20 4 0
github.com/jailtonjunior94/financial/internal/budget/infrastructure/http/budget_handler.go:154.20,157.3 2 0
github.com/jailtonjunior94/financial/internal/budget/infrastructure/http/budget_handler.go:159.2,160.16 2 0
github.com/jailtonjunior94/financial/internal/budget/infrastructure/http/budget_handler.go:160.16,163.3 2 0
github.com/jailtonjunior94/financial/internal/budget/infrastructure/http/budget_handler.go:165.2,165.46 1 0
github.com/jailtonjunior94/financial/internal/budget/infrastructure/http/budget_routes.go:14.103,16.2 1 0
github.com/jailtonjunior94/financial/internal/budget/infrastructure/http/budget_routes.go:18.51,19.42 1 0
github.com/jailtonjunior94/financial/internal/budget/infrastructure/http/budget_routes.go:19.42,27.3 6 0
github.com/jailtonjunior94/financial/internal/budget/infrastructure/repositories/budget_repository.go:26.106,31.2 1 0
github.com/jailtonjunior94/financial/internal/budget/infrastructure/repositories/budget_repository.go:33.87,65.16 5 0
github.com/jailtonjunior94/financial/internal/budget/infrastructure/repositories/budget_repository.go:65.16,67.3 1 0
github.com/jailtonjunior94/financial/internal/budget/infrastructure/repositories/budget_repository.go:68.2,68.12 1 0
github.com/jailtonjunior94/financial/internal/budget/infrastructure/repositories/budget_repository.go:71.97,75.21 3 0
github.com/jailtonjunior94/financial/internal/budget/infrastructure/repositories/budget_repository.go:75.21,77.3 1 0
github.com/jailtonjunior94/financial/internal/budget/infrastructure/repositories/budget_repository.go:80.2,84.29 4 0
github.com/jailtonjunior94/financial/internal/budget/infrastructure/repositories/budget_repository.go:84.29,87.29 3 0
github.com/jailtonjunior94/financial/internal/budget/infrastructure/repositories/budget_repository.go:87.29,89.4 1 0
github.com/jailtonjunior94/financial/internal/budget/infrastructure/repositories/budget_repository.go:90.3,102.4 2 0
github.com/jailtonjunior94/financial/internal/budget/infrastructure/repositories/budget_repository.go:105.2,120.16 3 0
github.com/jailtonjunior94/financial/internal/budget/infrastructure/repositories/budget_repository.go:120.16,122.3 1 0
github.com/jailtonjunior94/financial/internal/budget/infrastructure/repositories/budget_repository.go:124.2,124.12 1 0
github.com/jailtonjunior94/financial/internal/budget/infrastructure/repositories/budget_repository.go:127.97,162.16 10 0
github.com/jailtonjunior94/financial/internal/budget/infrastructure/repositories/budget_repository.go:162.16,163.36 1 0
github.com/jailtonjunior94/financial/internal/budget/infrastructure/repositories/budget_repository.go:163.36,165.4 1 0
github.com/jailtonjunior94/financial/internal/budget/infrastructure/repositories/budget_repository.go:166.3,166.18 1 0
github.com/jailtonjunior94/financial/internal/budget/infrastructure/repositories/budget_repository.go:170.2,171.16 2 0
github.com/jailtonjunior94/financial/internal/budget/infrastructure/repositories/budget_repository.go:171.16,173.3 1 0
github.com/jailtonjunior94/financial/internal/budget/infrastructure/repositories/budget_repository.go:175.2,176.16 2 0
github.com/jailtonjunior94/financial/internal/budget/infrastructure/repositories/budget_repository.go:176.16,178.3 1 0
github.com/jailtonjunior94/financial/internal/budget/infrastructure/repositories/budget_repository.go:180.2,181.16 2 0
github.com/jailtonjunior94/financial/internal/budget/infrastructure/repositories/budget_repository.go:181.16,183.3 1 0
github.com/jailtonjunior94/financial/internal/budget/infrastructure/repositories/budget_repository.go:185.2,187.22 2 0
github.com/jailtonjunior94/financial/internal/budget/infrastructure/repositories/budget_repository.go:187.22,189.3 1 0
github.com/jailtonjunior94/financial/internal/budget/infrastructure/repositories/budget_repository.go:190.2,190.22 1 0
github.com/jailtonjunior94/financial/internal/budget/infrastructure/repositories/budget_repository.go:190.22,192.3 1 0
github.com/jailtonjunior94/financial/internal/budget/infrastructure/repositories/budget_repository.go:195.2,196.16 2 0
github.com/jailtonjunior94/financial/internal/budget/infrastructure/repositories/budget_repository.go:196.16,198.3 1 0
github.com/jailtonjunior94/financial/internal/budget/infrastructure/repositories/budget_repository.go:199.2,201.21 2 0
github.com/jailtonjunior94/financial/internal/budget/infrastructure/repositories/budget_repository.go:204.163,241.16 10 0
github.com/jailtonjunior94/financial/internal/budget/infrastructure/repositories/budget_repository.go:241.16,242.36 1 0
github.com/jailtonjunior94/financial/internal/budget/infrastructure/repositories/budget_repository.go:242.36,244.4 1 0
github.com/jailtonjunior94/financial/internal/budget/infrastructure/repositories/budget_repository.go:245.3,245.18 1 0
github.com/jailtonjunior94/financial/internal/budget/infrastructure/repositories/budget_repository.go:249.2,250.16 2 0
github.com/jailtonjunior94/financial/internal/budget/infrastructure/repositories/budget_repository.go:250.16,252.3 1 0
github.com/jailtonjunior94/financial/internal/budget/infrastructure/repositories/budget_repository.go:254.2,255.16 2 0
github.com/jailtonjunior94/financial/internal/budget/infrastructure/repositories/budget_repository.go:255.16,257.3 1 0
github.com/jailtonjunior94/financial/internal/budget/infrastructure/repositories/budget_repository.go:259.2,260.16 2 0
github.com/jailtonjunior94/financial/internal/budget/infrastructure/repositories/budget_repository.go:260.16,262.3 1 0
github.com/jailtonjunior94/financial/internal/budget/infrastructure/repositories/budget_repository.go:264.2,266.22 2 0
github.com/jailtonjunior94/financial/internal/budget/infrastructure/repositories/budget_repository.go:266.22,268.3 1 0
github.com/jailtonjunior94/financial/internal/budget/infrastructure/repositories/budget_repository.go:269.2,269.22 1 0
github.com/jailtonjunior94/financial/internal/budget/infrastructure/repositories/budget_repository.go:269.22,271.3 1 0
github.com/jailtonjunior94/financial/internal/budget/infrastructure/repositories/budget_repository.go:274.2,275.16 2 0
github.com/jailtonjunior94/financial/internal/budget/infrastructure/repositories/budget_repository.go:275.16,277.3 1 0
github.com/jailtonjunior94/financial/internal/budget/infrastructure/repositories/budget_repository.go:278.2,280.21 2 0
github.com/jailtonjunior94/financial/internal/budget/infrastructure/repositories/budget_repository.go:284.128,295.60 7 0
github.com/jailtonjunior94/financial/internal/budget/infrastructure/repositories/budget_repository.go:295.60,303.3 2 0
github.com/jailtonjunior94/financial/internal/budget/infrastructure/repositories/budget_repository.go:305.2,324.16 4 0
github.com/jailtonjunior94/financial/internal/budget/infrastructure/repositories/budget_repository.go:324.16,326.3 1 0
github.com/jailtonjunior94/financial/internal/budget/infrastructure/repositories/budget_repository.go:327.2,327.15 1 0
github.com/jailtonjunior94/financial/internal/budget/infrastructure/repositories/budget_repository.go:327.15,327.35 1 0
github.com/jailtonjunior94/financial/internal/budget/infrastructure/repositories/budget_repository.go:329.2,330.18 2 0
github.com/jailtonjunior94/financial/internal/budget/infrastructure/repositories/budget_repository.go:330.18,347.17 6 0
github.com/jailtonjunior94/financial/internal/budget/infrastructure/repositories/budget_repository.go:347.17,349.4 1 0
github.com/jailtonjunior94/financial/internal/budget/infrastructure/repositories/budget_repository.go:352.3,353.17 2 0
github.com/jailtonjunior94/financial/internal/budget/infrastructure/repositories/budget_repository.go:353.17,355.4 1 0
github.com/jailtonjunior94/financial/internal/budget/infrastructure/repositories/budget_repository.go:357.3,358.17 2 0
github.com/jailtonjunior94/financial/internal/budget/infrastructure/repositories/budget_repository.go:358.17,360.4 1 0
github.com/jailtonjunior94/financial/internal/budget/infrastructure/repositories/budget_repository.go:362.3,363.17 2 0
github.com/jailtonjunior94/financial/internal/budget/infrastructure/repositories/budget_repository.go:363.17,365.4 1 0
github.com/jailtonjunior94/financial/internal/budget/infrastructure/repositories/budget_repository.go:367.3,368.17 2 0
github.com/jailtonjunior94/financial/internal/budget/infrastructure/repositories/budget_repository.go:368.17,370.4 1 0
github.com/jailtonjunior94/financial/internal/budget/infrastructure/repositories/budget_repository.go:372.3,373.17 2 0
github.com/jailtonjunior94/financial/internal/budget/infrastructure/repositories/budget_repository.go:373.17,375.4 1 0
github.com/jailtonjunior94/financial/internal/budget/infrastructure/repositories/budget_repository.go:377.3,378.17 2 0
github.com/jailtonjunior94/financial/internal/budget/infrastructure/repositories/budget_repository.go:378.17,380.4 1 0
github.com/jailtonjunior94/financial/internal/budget/infrastructure/repositories/budget_repository.go:382.3,384.23 2 0
github.com/jailtonjunior94/financial/internal/budget/infrastructure/repositories/budget_repository.go:384.23,386.4 1 0
github.com/jailtonjunior94/financial/internal/budget/infrastructure/repositories/budget_repository.go:387.3,387.23 1 0
github.com/jailtonjunior94/financial/internal/budget/infrastructure/repositories/budget_repository.go:387.23,389.4 1 0
github.com/jailtonjunior94/financial/internal/budget/infrastructure/repositories/budget_repository.go:392.3,393.17 2 0
github.com/jailtonjunior94/financial/internal/budget/infrastructure/repositories/budget_repository.go:393.17,395.4 1 0
github.com/jailtonjunior94/financial/internal/budget/infrastructure/repositories/budget_repository.go:396.3,398.37 2 0
github.com/jailtonjunior94/financial/internal/budget/infrastructure/repositories/budget_repository.go:401.2,401.28 1 0
github.com/jailtonjunior94/financial/internal/budget/infrastructure/repositories/budget_repository.go:404.87,424.16 5 0
github.com/jailtonjunior94/financial/internal/budget/infrastructure/repositories/budget_repository.go:424.16,426.3 1 0
github.com/jailtonjunior94/financial/internal/budget/infrastructure/repositories/budget_repository.go:427.2,427.12 1 0
github.com/jailtonjunior94/financial/internal/budget/infrastructure/repositories/budget_repository.go:430.93,446.16 5 0
github.com/jailtonjunior94/financial/internal/budget/infrastructure/repositories/budget_repository.go:446.16,448.3 1 0
github.com/jailtonjunior94/financial/internal/budget/infrastructure/repositories/budget_repository.go:449.2,449.12 1 0
github.com/jailtonjunior94/financial/internal/budget/infrastructure/repositories/budget_repository.go:452.120,468.16 3 0
github.com/jailtonjunior94/financial/internal/budget/infrastructure/repositories/budget_repository.go:468.16,470.3 1 0
github.com/jailtonjunior94/financial/internal/budget/infrastructure/repositories/budget_repository.go:471.2,471.15 1 0
github.com/jailtonjunior94/financial/internal/budget/infrastructure/repositories/budget_repository.go:471.15,471.35 1 0
github.com/jailtonjunior94/financial/internal/budget/infrastructure/repositories/budget_repository.go:473.2,474.18 2 0
github.com/jailtonjunior94/financial/internal/budget/infrastructure/repositories/budget_repository.go:474.18,490.17 5 0
github.com/jailtonjunior94/financial/internal/budget/infrastructure/repositories/budget_repository.go:490.17,492.4 1 0
github.com/jailtonjunior94/financial/internal/budget/infrastructure/repositories/budget_repository.go:495.3,496.17 2 0
github.com/jailtonjunior94/financial/internal/budget/infrastructure/repositories/budget_repository.go:496.17,498.4 1 0
github.com/jailtonjunior94/financial/internal/budget/infrastructure/repositories/budget_repository.go:500.3,501.17 2 0
github.com/jailtonjunior94/financial/internal/budget/infrastructure/repositories/budget_repository.go:501.17,503.4 1 0
github.com/jailtonjunior94/financial/internal/budget/infrastructure/repositories/budget_repository.go:505.3,506.17 2 0
github.com/jailtonjunior94/financial/internal/budget/infrastructure/repositories/budget_repository.go:506.17,508.4 1 0
github.com/jailtonjunior94/financial/internal/budget/infrastructure/repositories/budget_repository.go:510.3,510.23 1 0
github.com/jailtonjunior94/financial/internal/budget/infrastructure/repositories/budget_repository.go:510.23,512.4 1 0
github.com/jailtonjunior94/financial/internal/budget/infrastructure/repositories/budget_repository.go:513.3,513.23 1 0
github.com/jailtonjunior94/financial/internal/budget/infrastructure/repositories/budget_repository.go:513.23,515.4 1 0
github.com/jailtonjunior94/financial/internal/budget/infrastructure/repositories/budget_repository.go:517.3,517.31 1 0
github.com/jailtonjunior94/financial/internal/budget/infrastructure/repositories/budget_repository.go:520.2,520.26 1 0
github.com/jailtonjunior94/financial/internal/budget/infrastructure/repositories/budget_repository.go:525.66,527.16 2 0
github.com/jailtonjunior94/financial/internal/budget/infrastructure/repositories/budget_repository.go:527.16,529.3 1 0
github.com/jailtonjunior94/financial/internal/budget/infrastructure/repositories/budget_repository.go:533.2,535.41 2 0
github.com/jailtonjunior94/financial/internal/budget/infrastructure/repositories/mocks/budget_repository.go:22.22,26.19 3 0
github.com/jailtonjunior94/financial/internal/budget/infrastructure/repositories/mocks/budget_repository.go:26.19,26.49 1 0
github.com/jailtonjunior94/financial/internal/budget/infrastructure/repositories/mocks/budget_repository.go:28.2,28.13 1 0
github.com/jailtonjunior94/financial/internal/budget/infrastructure/repositories/mocks/budget_repository.go:40.65,42.2 1 0
github.com/jailtonjunior94/financial/internal/budget/infrastructure/repositories/mocks/budget_repository.go:45.101,48.19 2 0
github.com/jailtonjunior94/financial/internal/budget/infrastructure/repositories/mocks/budget_repository.go:48.19,49.50 1 0
github.com/jailtonjunior94/financial/internal/budget/infrastructure/repositories/mocks/budget_repository.go:52.2,54.98 3 0
github.com/jailtonjunior94/financial/internal/budget/infrastructure/repositories/mocks/budget_repository.go:54.98,56.3 1 0
github.com/jailtonjunior94/financial/internal/budget/infrastructure/repositories/mocks/budget_repository.go:57.2,57.89 1 0
github.com/jailtonjunior94/financial/internal/budget/infrastructure/repositories/mocks/budget_repository.go:57.89,59.3 1 0
github.com/jailtonjunior94/financial/internal/budget/infrastructure/repositories/mocks/budget_repository.go:59.8,60.24 1 0
github.com/jailtonjunior94/financial/internal/budget/infrastructure/repositories/mocks/budget_repository.go:60.24,62.4 1 0
github.com/jailtonjunior94/financial/internal/budget/infrastructure/repositories/mocks/budget_repository.go:64.2,64.78 1 0
github.com/jailtonjunior94/financial/internal/budget/infrastructure/repositories/mocks/budget_repository.go:64.78,66.3 1 0
github.com/jailtonjunior94/financial/internal/budget/infrastructure/repositories/mocks/budget_repository.go:66.8,68.3 1 0
github.com/jailtonjunior94/financial/internal/budget/infrastructure/repositories/mocks/budget_repository.go:69.2,69.15 1 0
github.com/jailtonjunior94/financial/internal/budget/infrastructure/repositories/mocks/budget_repository.go:80.112,82.2 1 0
github.com/jailtonjunior94/financial/internal/budget/infrastructure/repositories/mocks/budget_repository.go:84.123,85.40 1 0
github.com/jailtonjunior94/financial/internal/budget/infrastructure/repositories/mocks/budget_repository.go:85.40,87.21 2 0
github.com/jailtonjunior94/financial/internal/budget/infrastructure/repositories/mocks/budget_repository.go:87.21,89.4 1 0
github.com/jailtonjunior94/financial/internal/budget/infrastructure/repositories/mocks/budget_repository.go:90.3,91.21 2 0
github.com/jailtonjunior94/financial/internal/budget/infrastructure/repositories/mocks/budget_repository.go:91.21,93.4 1 0
github.com/jailtonjunior94/financial/internal/budget/infrastructure/repositories/mocks/budget_repository.go:94.3,97.4 1 0
github.com/jailtonjunior94/financial/internal/budget/infrastructure/repositories/mocks/budget_repository.go:99.2,99.11 1 0
github.com/jailtonjunior94/financial/internal/budget/infrastructure/repositories/mocks/budget_repository.go:102.118,105.2 2 0
github.com/jailtonjunior94/financial/internal/budget/infrastructure/repositories/mocks/budget_repository.go:107.158,110.2 2 0
github.com/jailtonjunior94/financial/internal/budget/infrastructure/repositories/mocks/budget_repository.go:113.162,116.19 2 0
github.com/jailtonjunior94/financial/internal/budget/infrastructure/repositories/mocks/budget_repository.go:116.19,117.71 1 0
github.com/jailtonjunior94/financial/internal/budget/infrastructure/repositories/mocks/budget_repository.go:120.2,122.119 3 0
github.com/jailtonjunior94/financial/internal/budget/infrastructure/repositories/mocks/budget_repository.go:122.119,124.3 1 0
github.com/jailtonjunior94/financial/internal/budget/infrastructure/repositories/mocks/budget_repository.go:125.2,125.110 1 0
github.com/jailtonjunior94/financial/internal/budget/infrastructure/repositories/mocks/budget_repository.go:125.110,127.3 1 0
github.com/jailtonjunior94/financial/internal/budget/infrastructure/repositories/mocks/budget_repository.go:127.8,128.24 1 0
github.com/jailtonjunior94/financial/internal/budget/infrastructure/repositories/mocks/budget_repository.go:128.24,130.4 1 0
github.com/jailtonjunior94/financial/internal/budget/infrastructure/repositories/mocks/budget_repository.go:132.2,132.99 1 0
github.com/jailtonjunior94/financial/internal/budget/infrastructure/repositories/mocks/budget_repository.go:132.99,134.3 1 0
github.com/jailtonjunior94/financial/internal/budget/infrastructure/repositories/mocks/budget_repository.go:134.8,136.3 1 0
github.com/jailtonjunior94/financial/internal/budget/infrastructure/repositories/mocks/budget_repository.go:137.2,137.15 1 0
github.com/jailtonjunior94/financial/internal/budget/infrastructure/repositories/mocks/budget_repository.go:149.186,151.2 1 0
github.com/jailtonjunior94/financial/internal/budget/infrastructure/repositories/mocks/budget_repository.go:153.205,154.40 1 0
github.com/jailtonjunior94/financial/internal/budget/infrastructure/repositories/mocks/budget_repository.go:154.40,156.21 2 0
github.com/jailtonjunior94/financial/internal/budget/infrastructure/repositories/mocks/budget_repository.go:156.21,158.4 1 0
github.com/jailtonjunior94/financial/internal/budget/infrastructure/repositories/mocks/budget_repository.go:159.3,160.21 2 0
github.com/jailtonjunior94/financial/internal/budget/infrastructure/repositories/mocks/budget_repository.go:160.21,162.4 1 0
github.com/jailtonjunior94/financial/internal/budget/infrastructure/repositories/mocks/budget_repository.go:163.3,164.21 2 0
github.com/jailtonjunior94/financial/internal/budget/infrastructure/repositories/mocks/budget_repository.go:164.21,166.4 1 0
github.com/jailtonjunior94/financial/internal/budget/infrastructure/repositories/mocks/budget_repository.go:167.3,171.4 1 0
github.com/jailtonjunior94/financial/internal/budget/infrastructure/repositories/mocks/budget_repository.go:173.2,173.11 1 0
github.com/jailtonjunior94/financial/internal/budget/infrastructure/repositories/mocks/budget_repository.go:176.160,179.2 2 0
github.com/jailtonjunior94/financial/internal/budget/infrastructure/repositories/mocks/budget_repository.go:181.240,184.2 2 0
github.com/jailtonjunior94/financial/internal/budget/infrastructure/repositories/mocks/budget_repository.go:187.91,190.19 2 0
github.com/jailtonjunior94/financial/internal/budget/infrastructure/repositories/mocks/budget_repository.go:190.19,191.48 1 0
github.com/jailtonjunior94/financial/internal/budget/infrastructure/repositories/mocks/budget_repository.go:194.2,195.86 2 0
github.com/jailtonjunior94/financial/internal/budget/infrastructure/repositories/mocks/budget_repository.go:195.86,197.3 1 0
github.com/jailtonjunior94/financial/internal/budget/infrastructure/repositories/mocks/budget_repository.go:197.8,199.3 1 0
github.com/jailtonjunior94/financial/internal/budget/infrastructure/repositories/mocks/budget_repository.go:200.2,200.11 1 0
github.com/jailtonjunior94/financial/internal/budget/infrastructure/repositories/mocks/budget_repository.go:211.112,213.2 1 0
github.com/jailtonjunior94/financial/internal/budget/infrastructure/repositories/mocks/budget_repository.go:215.131,216.40 1 0
github.com/jailtonjunior94/financial/internal/budget/infrastructure/repositories/mocks/budget_repository.go:216.40,218.21 2 0
github.com/jailtonjunior94/financial/internal/budget/infrastructure/repositories/mocks/budget_repository.go:218.21,220.4 1 0
github.com/jailtonjunior94/financial/internal/budget/infrastructure/repositories/mocks/budget_repository.go:221.3,222.21 2 0
github.com/jailtonjunior94/financial/internal/budget/infrastructure/repositories/mocks/budget_repository.go:222.21,224.4 1 0
github.com/jailtonjunior94/financial/internal/budget/infrastructure/repositories/mocks/budget_repository.go:225.3,228.4 1 0
github.com/jailtonjunior94/financial/internal/budget/infrastructure/repositories/mocks/budget_repository.go:230.2,230.11 1 0
github.com/jailtonjunior94/financial/internal/budget/infrastructure/repositories/mocks/budget_repository.go:233.89,236.2 2 0
github.com/jailtonjunior94/financial/internal/budget/infrastructure/repositories/mocks/budget_repository.go:238.146,241.2 2 0
github.com/jailtonjunior94/financial/internal/budget/infrastructure/repositories/mocks/budget_repository.go:244.101,247.19 2 0
github.com/jailtonjunior94/financial/internal/budget/infrastructure/repositories/mocks/budget_repository.go:247.19,248.53 1 0
github.com/jailtonjunior94/financial/internal/budget/infrastructure/repositories/mocks/budget_repository.go:251.2,252.92 2 0
github.com/jailtonjunior94/financial/internal/budget/infrastructure/repositories/mocks/budget_repository.go:252.92,254.3 1 0
github.com/jailtonjunior94/financial/internal/budget/infrastructure/repositories/mocks/budget_repository.go:254.8,256.3 1 0
github.com/jailtonjunior94/financial/internal/budget/infrastructure/repositories/mocks/budget_repository.go:257.2,257.11 1 0
github.com/jailtonjunior94/financial/internal/budget/infrastructure/repositories/mocks/budget_repository.go:268.121,270.2 1 0
github.com/jailtonjunior94/financial/internal/budget/infrastructure/repositories/mocks/budget_repository.go:272.146,273.40 1 0
github.com/jailtonjunior94/financial/internal/budget/infrastructure/repositories/mocks/budget_repository.go:273.40,275.21 2 0
github.com/jailtonjunior94/financial/internal/budget/infrastructure/repositories/mocks/budget_repository.go:275.21,277.4 1 0
github.com/jailtonjunior94/financial/internal/budget/infrastructure/repositories/mocks/budget_repository.go:278.3,279.21 2 0
github.com/jailtonjunior94/financial/internal/budget/infrastructure/repositories/mocks/budget_repository.go:279.21,281.4 1 0
github.com/jailtonjunior94/financial/internal/budget/infrastructure/repositories/mocks/budget_repository.go:282.3,285.4 1 0
github.com/jailtonjunior94/financial/internal/budget/infrastructure/repositories/mocks/budget_repository.go:287.2,287.11 1 0
github.com/jailtonjunior94/financial/internal/budget/infrastructure/repositories/mocks/budget_repository.go:290.99,293.2 2 0
github.com/jailtonjunior94/financial/internal/budget/infrastructure/repositories/mocks/budget_repository.go:295.161,298.2 2 0
github.com/jailtonjunior94/financial/internal/budget/infrastructure/repositories/mocks/budget_repository.go:301.132,304.19 2 0
github.com/jailtonjunior94/financial/internal/budget/infrastructure/repositories/mocks/budget_repository.go:304.19,305.55 1 0
github.com/jailtonjunior94/financial/internal/budget/infrastructure/repositories/mocks/budget_repository.go:308.2,310.120 3 0
github.com/jailtonjunior94/financial/internal/budget/infrastructure/repositories/mocks/budget_repository.go:310.120,312.3 1 0
github.com/jailtonjunior94/financial/internal/budget/infrastructure/repositories/mocks/budget_repository.go:313.2,313.111 1 0
github.com/jailtonjunior94/financial/internal/budget/infrastructure/repositories/mocks/budget_repository.go:313.111,315.3 1 0
github.com/jailtonjunior94/financial/internal/budget/infrastructure/repositories/mocks/budget_repository.go:315.8,316.24 1 0
github.com/jailtonjunior94/financial/internal/budget/infrastructure/repositories/mocks/budget_repository.go:316.24,318.4 1 0
github.com/jailtonjunior94/financial/internal/budget/infrastructure/repositories/mocks/budget_repository.go:320.2,320.98 1 0
github.com/jailtonjunior94/financial/internal/budget/infrastructure/repositories/mocks/budget_repository.go:320.98,322.3 1 0
github.com/jailtonjunior94/financial/internal/budget/infrastructure/repositories/mocks/budget_repository.go:322.8,324.3 1 0
github.com/jailtonjunior94/financial/internal/budget/infrastructure/repositories/mocks/budget_repository.go:325.2,325.15 1 0
github.com/jailtonjunior94/financial/internal/budget/infrastructure/repositories/mocks/budget_repository.go:336.126,338.2 1 0
github.com/jailtonjunior94/financial/internal/budget/infrastructure/repositories/mocks/budget_repository.go:340.157,341.40 1 0
github.com/jailtonjunior94/financial/internal/budget/infrastructure/repositories/mocks/budget_repository.go:341.40,343.21 2 0
github.com/jailtonjunior94/financial/internal/budget/infrastructure/repositories/mocks/budget_repository.go:343.21,345.4 1 0
github.com/jailtonjunior94/financial/internal/budget/infrastructure/repositories/mocks/budget_repository.go:346.3,347.21 2 0
github.com/jailtonjunior94/financial/internal/budget/infrastructure/repositories/mocks/budget_repository.go:347.21,349.4 1 0
github.com/jailtonjunior94/financial/internal/budget/infrastructure/repositories/mocks/budget_repository.go:350.3,353.4 1 0
github.com/jailtonjunior94/financial/internal/budget/infrastructure/repositories/mocks/budget_repository.go:355.2,355.11 1 0
github.com/jailtonjunior94/financial/internal/budget/infrastructure/repositories/mocks/budget_repository.go:358.131,361.2 2 0
github.com/jailtonjunior94/financial/internal/budget/infrastructure/repositories/mocks/budget_repository.go:363.194,366.2 2 0
github.com/jailtonjunior94/financial/internal/budget/infrastructure/repositories/mocks/budget_repository.go:369.91,372.19 2 0
github.com/jailtonjunior94/financial/internal/budget/infrastructure/repositories/mocks/budget_repository.go:372.19,373.48 1 0
github.com/jailtonjunior94/financial/internal/budget/infrastructure/repositories/mocks/budget_repository.go:376.2,377.86 2 0
github.com/jailtonjunior94/financial/internal/budget/infrastructure/repositories/mocks/budget_repository.go:377.86,379.3 1 0
github.com/jailtonjunior94/financial/internal/budget/infrastructure/repositories/mocks/budget_repository.go:379.8,381.3 1 0
github.com/jailtonjunior94/financial/internal/budget/infrastructure/repositories/mocks/budget_repository.go:382.2,382.11 1 0
github.com/jailtonjunior94/financial/internal/budget/infrastructure/repositories/mocks/budget_repository.go:393.112,395.2 1 0
github.com/jailtonjunior94/financial/internal/budget/infrastructure/repositories/mocks/budget_repository.go:397.131,398.40 1 0
github.com/jailtonjunior94/financial/internal/budget/infrastructure/repositories/mocks/budget_repository.go:398.40,400.21 2 0
github.com/jailtonjunior94/financial/internal/budget/infrastructure/repositories/mocks/budget_repository.go:400.21,402.4 1 0
github.com/jailtonjunior94/financial/internal/budget/infrastructure/repositories/mocks/budget_repository.go:403.3,404.21 2 0
github.com/jailtonjunior94/financial/internal/budget/infrastructure/repositories/mocks/budget_repository.go:404.21,406.4 1 0
github.com/jailtonjunior94/financial/internal/budget/infrastructure/repositories/mocks/budget_repository.go:407.3,410.4 1 0
github.com/jailtonjunior94/financial/internal/budget/infrastructure/repositories/mocks/budget_repository.go:412.2,412.11 1 0
github.com/jailtonjunior94/financial/internal/budget/infrastructure/repositories/mocks/budget_repository.go:415.89,418.2 2 0
github.com/jailtonjunior94/financial/internal/budget/infrastructure/repositories/mocks/budget_repository.go:420.146,423.2 2 0
github.com/jailtonjunior94/financial/internal/budget/infrastructure/repositories/mocks/budget_repository.go:426.97,429.19 2 0
github.com/jailtonjunior94/financial/internal/budget/infrastructure/repositories/mocks/budget_repository.go:429.19,430.52 1 0
github.com/jailtonjunior94/financial/internal/budget/infrastructure/repositories/mocks/budget_repository.go:433.2,434.90 2 0
github.com/jailtonjunior94/financial/internal/budget/infrastructure/repositories/mocks/budget_repository.go:434.90,436.3 1 0
github.com/jailtonjunior94/financial/internal/budget/infrastructure/repositories/mocks/budget_repository.go:436.8,438.3 1 0
github.com/jailtonjunior94/financial/internal/budget/infrastructure/repositories/mocks/budget_repository.go:439.2,439.11 1 0
github.com/jailtonjunior94/financial/internal/budget/infrastructure/repositories/mocks/budget_repository.go:450.118,452.2 1 0
github.com/jailtonjunior94/financial/internal/budget/infrastructure/repositories/mocks/budget_repository.go:454.141,455.40 1 0
github.com/jailtonjunior94/financial/internal/budget/infrastructure/repositories/mocks/budget_repository.go:455.40,457.21 2 0
github.com/jailtonjunior94/financial/internal/budget/infrastructure/repositories/mocks/budget_repository.go:457.21,459.4 1 0
github.com/jailtonjunior94/financial/internal/budget/infrastructure/repositories/mocks/budget_repository.go:460.3,461.21 2 0
github.com/jailtonjunior94/financial/internal/budget/infrastructure/repositories/mocks/budget_repository.go:461.21,463.4 1 0
github.com/jailtonjunior94/financial/internal/budget/infrastructure/repositories/mocks/budget_repository.go:464.3,467.4 1 0
github.com/jailtonjunior94/financial/internal/budget/infrastructure/repositories/mocks/budget_repository.go:469.2,469.11 1 0
github.com/jailtonjunior94/financial/internal/budget/infrastructure/repositories/mocks/budget_repository.go:472.97,475.2 2 0
github.com/jailtonjunior94/financial/internal/budget/infrastructure/repositories/mocks/budget_repository.go:477.156,480.2 2 0
github.com/jailtonjunior94/financial/internal/card/domain/factories/card.go:12.74,14.16 2 0
github.com/jailtonjunior94/financial/internal/card/domain/factories/card.go:14.16,16.3 1 0
github.com/jailtonjunior94/financial/internal/card/domain/factories/card.go:18.2,19.16 2 0
github.com/jailtonjunior94/financial/internal/card/domain/factories/card.go:19.16,21.3 1 0
github.com/jailtonjunior94/financial/internal/card/domain/factories/card.go:23.2,24.16 2 0
github.com/jailtonjunior94/financial/internal/card/domain/factories/card.go:24.16,26.3 1 0
github.com/jailtonjunior94/financial/internal/card/domain/factories/card.go:28.2,29.16 2 0
github.com/jailtonjunior94/financial/internal/card/domain/factories/card.go:29.16,31.3 1 0
github.com/jailtonjunior94/financial/internal/card/domain/factories/card.go:33.2,34.16 2 0
github.com/jailtonjunior94/financial/internal/card/domain/factories/card.go:34.16,36.3 1 0
github.com/jailtonjunior94/financial/internal/card/domain/factories/card.go:38.2,39.18 2 0
github.com/jailtonjunior94/financial/internal/card/infrastructure/repositories/card_repository.go:22.102,27.2 1 0
github.com/jailtonjunior94/financial/internal/card/infrastructure/repositories/card_repository.go:29.95,51.16 5 0
github.com/jailtonjunior94/financial/internal/card/infrastructure/repositories/card_repository.go:51.16,54.3 2 0
github.com/jailtonjunior94/financial/internal/card/infrastructure/repositories/card_repository.go:55.2,55.15 1 0
github.com/jailtonjunior94/financial/internal/card/infrastructure/repositories/card_repository.go:55.15,56.48 1 0
github.com/jailtonjunior94/financial/internal/card/infrastructure/repositories/card_repository.go:56.48,58.4 1 0
github.com/jailtonjunior94/financial/internal/card/infrastructure/repositories/card_repository.go:61.2,62.18 2 0
github.com/jailtonjunior94/financial/internal/card/infrastructure/repositories/card_repository.go:62.18,74.17 3 0
github.com/jailtonjunior94/financial/internal/card/infrastructure/repositories/card_repository.go:74.17,77.4 2 0
github.com/jailtonjunior94/financial/internal/card/infrastructure/repositories/card_repository.go:78.3,78.31 1 0
github.com/jailtonjunior94/financial/internal/card/infrastructure/repositories/card_repository.go:80.2,80.19 1 0
github.com/jailtonjunior94/financial/internal/card/infrastructure/repositories/card_repository.go:84.122,95.60 7 0
github.com/jailtonjunior94/financial/internal/card/infrastructure/repositories/card_repository.go:95.60,102.3 2 0
github.com/jailtonjunior94/financial/internal/card/infrastructure/repositories/card_repository.go:104.2,122.16 4 0
github.com/jailtonjunior94/financial/internal/card/infrastructure/repositories/card_repository.go:122.16,125.3 2 0
github.com/jailtonjunior94/financial/internal/card/infrastructure/repositories/card_repository.go:126.2,126.15 1 0
github.com/jailtonjunior94/financial/internal/card/infrastructure/repositories/card_repository.go:126.15,127.48 1 0
github.com/jailtonjunior94/financial/internal/card/infrastructure/repositories/card_repository.go:127.48,129.4 1 0
github.com/jailtonjunior94/financial/internal/card/infrastructure/repositories/card_repository.go:132.2,133.18 2 0
github.com/jailtonjunior94/financial/internal/card/infrastructure/repositories/card_repository.go:133.18,145.17 3 0
github.com/jailtonjunior94/financial/internal/card/infrastructure/repositories/card_repository.go:145.17,148.4 2 0
github.com/jailtonjunior94/financial/internal/card/infrastructure/repositories/card_repository.go:149.3,149.31 1 0
github.com/jailtonjunior94/financial/internal/card/infrastructure/repositories/card_repository.go:152.2,152.19 1 0
github.com/jailtonjunior94/financial/internal/card/infrastructure/repositories/card_repository.go:155.101,187.16 6 0
github.com/jailtonjunior94/financial/internal/card/infrastructure/repositories/card_repository.go:187.16,188.36 1 0
github.com/jailtonjunior94/financial/internal/card/infrastructure/repositories/card_repository.go:188.36,190.4 1 0
github.com/jailtonjunior94/financial/internal/card/infrastructure/repositories/card_repository.go:191.3,192.18 2 0
github.com/jailtonjunior94/financial/internal/card/infrastructure/repositories/card_repository.go:195.2,195.19 1 0
github.com/jailtonjunior94/financial/internal/card/infrastructure/repositories/card_repository.go:198.79,217.16 5 0
github.com/jailtonjunior94/financial/internal/card/infrastructure/repositories/card_repository.go:217.16,225.3 2 0
github.com/jailtonjunior94/financial/internal/card/infrastructure/repositories/card_repository.go:226.2,226.15 1 0
github.com/jailtonjunior94/financial/internal/card/infrastructure/repositories/card_repository.go:226.15,227.48 1 0
github.com/jailtonjunior94/financial/internal/card/infrastructure/repositories/card_repository.go:227.48,229.4 1 0
github.com/jailtonjunior94/financial/internal/card/infrastructure/repositories/card_repository.go:232.2,243.16 2 0
github.com/jailtonjunior94/financial/internal/card/infrastructure/repositories/card_repository.go:243.16,251.3 2 0
github.com/jailtonjunior94/financial/internal/card/infrastructure/repositories/card_repository.go:252.2,252.12 1 0
github.com/jailtonjunior94/financial/internal/card/infrastructure/repositories/card_repository.go:255.81,272.16 5 0
github.com/jailtonjunior94/financial/internal/card/infrastructure/repositories/card_repository.go:272.16,280.3 2 0
github.com/jailtonjunior94/financial/internal/card/infrastructure/repositories/card_repository.go:281.2,281.15 1 0
github.com/jailtonjunior94/financial/internal/card/infrastructure/repositories/card_repository.go:281.15,282.48 1 0
github.com/jailtonjunior94/financial/internal/card/infrastructure/repositories/card_repository.go:282.48,284.4 1 0
github.com/jailtonjunior94/financial/internal/card/infrastructure/repositories/card_repository.go:287.2,297.16 2 0
github.com/jailtonjunior94/financial/internal/card/infrastructure/repositories/card_repository.go:297.16,305.3 2 0
github.com/jailtonjunior94/financial/internal/card/infrastructure/repositories/card_repository.go:307.2,307.12 1 0
github.com/jailtonjunior94/financial/internal/card/infrastructure/adapters/card_provider_adapter.go:22.34,27.2 1 0
github.com/jailtonjunior94/financial/internal/card/infrastructure/adapters/card_provider_adapter.go:33.47,38.16 4 0
github.com/jailtonjunior94/financial/internal/card/infrastructure/adapters/card_provider_adapter.go:38.16,41.3 2 0
github.com/jailtonjunior94/financial/internal/card/infrastructure/adapters/card_provider_adapter.go:43.2,43.17 1 0
github.com/jailtonjunior94/financial/internal/card/infrastructure/adapters/card_provider_adapter.go:43.17,45.3 1 0
github.com/jailtonjunior94/financial/internal/card/infrastructure/adapters/card_provider_adapter.go:47.2,51.8 1 0
github.com/jailtonjunior94/financial/internal/card/infrastructure/http/card_handler.go:39.16,50.2 1 0
github.com/jailtonjunior94/financial/internal/card/infrastructure/http/card_handler.go:52.70,57.16 4 0
github.com/jailtonjunior94/financial/internal/card/infrastructure/http/card_handler.go:57.16,60.3 2 0
github.com/jailtonjunior94/financial/internal/card/infrastructure/http/card_handler.go:62.2,63.62 2 0
github.com/jailtonjunior94/financial/internal/card/infrastructure/http/card_handler.go:63.62,66.3 2 0
github.com/jailtonjunior94/financial/internal/card/infrastructure/http/card_handler.go:68.2,69.16 2 0
github.com/jailtonjunior94/financial/internal/card/infrastructure/http/card_handler.go:69.16,72.3 2 0
github.com/jailtonjunior94/financial/internal/card/infrastructure/http/card_handler.go:74.2,74.47 1 0
github.com/jailtonjunior94/financial/internal/card/infrastructure/http/card_handler.go:77.68,82.16 4 0
github.com/jailtonjunior94/financial/internal/card/infrastructure/http/card_handler.go:82.16,85.3 2 0
github.com/jailtonjunior94/financial/internal/card/infrastructure/http/card_handler.go:88.2,89.16 2 0
github.com/jailtonjunior94/financial/internal/card/infrastructure/http/card_handler.go:89.16,92.3 2 0
github.com/jailtonjunior94/financial/internal/card/infrastructure/http/card_handler.go:94.2,99.16 2 0
github.com/jailtonjunior94/financial/internal/card/infrastructure/http/card_handler.go:99.16,102.3 2 0
github.com/jailtonjunior94/financial/internal/card/infrastructure/http/card_handler.go:105.2,106.44 2 0
github.com/jailtonjunior94/financial/internal/card/infrastructure/http/card_handler.go:109.70,114.16 4 0
github.com/jailtonjunior94/financial/internal/card/infrastructure/http/card_handler.go:114.16,117.3 2 0
github.com/jailtonjunior94/financial/internal/card/infrastructure/http/card_handler.go:119.2,120.16 2 0
github.com/jailtonjunior94/financial/internal/card/infrastructure/http/card_handler.go:120.16,123.3 2 0
github.com/jailtonjunior94/financial/internal/card/infrastructure/http/card_handler.go:125.2,125.42 1 0
github.com/jailtonjunior94/financial/internal/card/infrastructure/http/card_handler.go:128.70,133.16 4 0
github.com/jailtonjunior94/financial/internal/card/infrastructure/http/card_handler.go:133.16,136.3 2 0
github.com/jailtonjunior94/financial/internal/card/infrastructure/http/card_handler.go:138.2,139.62 2 0
github.com/jailtonjunior94/financial/internal/card/infrastructure/http/card_handler.go:139.62,142.3 2 0
github.com/jailtonjunior94/financial/internal/card/infrastructure/http/card_handler.go:144.2,145.16 2 0
github.com/jailtonjunior94/financial/internal/card/infrastructure/http/card_handler.go:145.16,148.3 2 0
github.com/jailtonjunior94/financial/internal/card/infrastructure/http/card_handler.go:150.2,150.42 1 0
github.com/jailtonjunior94/financial/internal/card/infrastructure/http/card_handler.go:153.70,158.16 4 0
github.com/jailtonjunior94/financial/internal/card/infrastructure/http/card_handler.go:158.16,161.3 2 0
github.com/jailtonjunior94/financial/internal/card/infrastructure/http/card_handler.go:163.2,163.89 1 0
github.com/jailtonjunior94/financial/internal/card/infrastructure/http/card_handler.go:163.89,166.3 2 0
github.com/jailtonjunior94/financial/internal/card/infrastructure/http/card_handler.go:168.2,168.46 1 0
github.com/jailtonjunior94/financial/internal/card/infrastructure/http/card_routes.go:14.97,19.2 1 0
github.com/jailtonjunior94/financial/internal/card/infrastructure/http/card_routes.go:21.49,22.42 1 0
github.com/jailtonjunior94/financial/internal/card/infrastructure/http/card_routes.go:22.42,30.3 6 0
github.com/jailtonjunior94/financial/internal/budget/domain/entities/budget.go:40.105,54.2 2 4
github.com/jailtonjunior94/financial/internal/budget/domain/entities/budget.go:57.54,59.21 1 1
github.com/jailtonjunior94/financial/internal/budget/domain/entities/budget.go:59.21,61.3 1 0
github.com/jailtonjunior94/financial/internal/budget/domain/entities/budget.go:64.2,65.39 2 1
github.com/jailtonjunior94/financial/internal/budget/domain/entities/budget.go:65.39,67.17 2 0
github.com/jailtonjunior94/financial/internal/budget/domain/entities/budget.go:67.17,69.4 1 0
github.com/jailtonjunior94/financial/internal/budget/domain/entities/budget.go:70.3,70.24 1 0
github.com/jailtonjunior94/financial/internal/budget/domain/entities/budget.go:73.2,73.32 1 1
github.com/jailtonjunior94/financial/internal/budget/domain/entities/budget.go:73.32,75.42 1 6
github.com/jailtonjunior94/financial/internal/budget/domain/entities/budget.go:75.42,77.4 1 0
github.com/jailtonjunior94/financial/internal/budget/domain/entities/budget.go:79.3,80.17 2 6
github.com/jailtonjunior94/financial/internal/budget/domain/entities/budget.go:80.17,82.4 1 0
github.com/jailtonjunior94/financial/internal/budget/domain/entities/budget.go:83.3,83.24 1 6
github.com/jailtonjunior94/financial/internal/budget/domain/entities/budget.go:87.2,87.49 1 1
github.com/jailtonjunior94/financial/internal/budget/domain/entities/budget.go:87.49,89.3 1 0
github.com/jailtonjunior94/financial/internal/budget/domain/entities/budget.go:90.2,90.45 1 1
github.com/jailtonjunior94/financial/internal/budget/domain/entities/budget.go:90.45,92.3 1 0
github.com/jailtonjunior94/financial/internal/budget/domain/entities/budget.go:95.2,99.12 4 1
github.com/jailtonjunior94/financial/internal/budget/domain/entities/budget.go:103.50,105.38 1 1
github.com/jailtonjunior94/financial/internal/budget/domain/entities/budget.go:105.38,107.3 1 0
github.com/jailtonjunior94/financial/internal/budget/domain/entities/budget.go:110.2,111.39 2 1
github.com/jailtonjunior94/financial/internal/budget/domain/entities/budget.go:111.39,113.17 2 0
github.com/jailtonjunior94/financial/internal/budget/domain/entities/budget.go:113.17,115.4 1 0
github.com/jailtonjunior94/financial/internal/budget/domain/entities/budget.go:116.3,116.24 1 0
github.com/jailtonjunior94/financial/internal/budget/domain/entities/budget.go:119.2,120.16 2 1
github.com/jailtonjunior94/financial/internal/budget/domain/entities/budget.go:120.16,122.3 1 0
github.com/jailtonjunior94/financial/internal/budget/domain/entities/budget.go:123.2,126.49 2 1
github.com/jailtonjunior94/financial/internal/budget/domain/entities/budget.go:126.49,128.3 1 0
github.com/jailtonjunior94/financial/internal/budget/domain/entities/budget.go:131.2,135.12 4 1
github.com/jailtonjunior94/financial/internal/budget/domain/entities/budget.go:139.89,141.33 1 1
github.com/jailtonjunior94/financial/internal/budget/domain/entities/budget.go:141.33,143.3 1 0
github.com/jailtonjunior94/financial/internal/budget/domain/entities/budget.go:146.2,147.17 2 1
github.com/jailtonjunior94/financial/internal/budget/domain/entities/budget.go:147.17,149.3 1 0
github.com/jailtonjunior94/financial/internal/budget/domain/entities/budget.go:155.2,162.12 5 1
github.com/jailtonjunior94/financial/internal/budget/domain/entities/budget.go:166.60,168.2 1 0
github.com/jailtonjunior94/financial/internal/budget/domain/entities/budget.go:171.58,172.66 1 7
github.com/jailtonjunior94/financial/internal/budget/domain/entities/budget.go:172.66,174.3 1 0
github.com/jailtonjunior94/financial/internal/budget/domain/entities/budget.go:178.60,179.63 1 1
github.com/jailtonjunior94/financial/internal/budget/domain/entities/budget.go:179.63,181.3 1 1
github.com/jailtonjunior94/financial/internal/budget/domain/entities/budget.go:182.2,182.15 1 1
github.com/jailtonjunior94/financial/internal/budget/domain/entities/budget.go:182.15,184.3 1 0
github.com/jailtonjunior94/financial/internal/budget/domain/entities/budget.go:185.2,185.21 1 1
github.com/jailtonjunior94/financial/internal/budget/domain/entities/budget.go:189.43,193.31 3 3
github.com/jailtonjunior94/financial/internal/budget/domain/entities/budget.go:193.31,194.58 1 8
github.com/jailtonjunior94/financial/internal/budget/domain/entities/budget.go:194.58,196.4 1 8
github.com/jailtonjunior94/financial/internal/budget/domain/entities/budget.go:198.2,198.23 1 3
github.com/jailtonjunior94/financial/internal/budget/domain/entities/budget.go:202.46,204.28 1 3
github.com/jailtonjunior94/financial/internal/budget/domain/entities/budget.go:204.28,207.3 2 0
github.com/jailtonjunior94/financial/internal/budget/domain/entities/budget.go:210.2,215.16 5 3
github.com/jailtonjunior94/financial/internal/budget/domain/entities/budget.go:215.16,218.3 2 0
github.com/jailtonjunior94/financial/internal/budget/domain/entities/budget.go:220.2,220.35 1 3
github.com/jailtonjunior94/financial/internal/budget/domain/entities/budget.go:225.38,228.2 2 0
github.com/jailtonjunior94/financial/internal/budget/domain/entities/budget.go:232.60,234.31 2 0
github.com/jailtonjunior94/financial/internal/budget/domain/entities/budget.go:234.31,236.17 2 0
github.com/jailtonjunior94/financial/internal/budget/domain/entities/budget.go:236.17,240.4 1 0
github.com/jailtonjunior94/financial/internal/budget/domain/entities/budget.go:241.3,241.14 1 0
github.com/jailtonjunior94/financial/internal/budget/domain/entities/budget.go:243.2,243.14 1 0
github.com/jailtonjunior94/financial/internal/budget/domain/entities/budget.go:247.42,249.2 1 0
github.com/jailtonjunior94/financial/internal/budget/domain/entities/budget.go:252.35,255.2 2 0
github.com/jailtonjunior94/financial/internal/budget/domain/entities/budget_item.go:26.15,44.2 5 8
github.com/jailtonjunior94/financial/internal/budget/domain/entities/budget_item.go:47.47,49.77 1 8
github.com/jailtonjunior94/financial/internal/budget/domain/entities/budget_item.go:49.77,51.3 1 8
github.com/jailtonjunior94/financial/internal/budget/domain/entities/budget_item.go:55.55,57.30 1 1
github.com/jailtonjunior94/financial/internal/budget/domain/entities/budget_item.go:57.30,60.3 2 0
github.com/jailtonjunior94/financial/internal/budget/domain/entities/budget_item.go:63.2,68.16 5 1
github.com/jailtonjunior94/financial/internal/budget/domain/entities/budget_item.go:68.16,71.3 2 0
github.com/jailtonjunior94/financial/internal/budget/domain/entities/budget_item.go:73.2,73.24 1 1
github.com/jailtonjunior94/financial/internal/budget/domain/entities/budget_item.go:77.50,79.16 2 0
github.com/jailtonjunior94/financial/internal/budget/domain/entities/budget_item.go:79.16,83.3 3 0
github.com/jailtonjunior94/financial/internal/budget/domain/entities/budget_item.go:84.2,84.18 1 0
github.com/jailtonjunior94/financial/internal/card/infrastructure/repositories/mocks/card_repository.go:21.20,25.19 3 0
github.com/jailtonjunior94/financial/internal/card/infrastructure/repositories/mocks/card_repository.go:25.19,25.49 1 0
github.com/jailtonjunior94/financial/internal/card/infrastructure/repositories/mocks/card_repository.go:27.2,27.13 1 0
github.com/jailtonjunior94/financial/internal/card/infrastructure/repositories/mocks/card_repository.go:39.61,41.2 1 0
github.com/jailtonjunior94/financial/internal/card/infrastructure/repositories/mocks/card_repository.go:44.114,47.19 2 0
github.com/jailtonjunior94/financial/internal/card/infrastructure/repositories/mocks/card_repository.go:47.19,48.50 1 0
github.com/jailtonjunior94/financial/internal/card/infrastructure/repositories/mocks/card_repository.go:51.2,53.106 3 0
github.com/jailtonjunior94/financial/internal/card/infrastructure/repositories/mocks/card_repository.go:53.106,55.3 1 0
github.com/jailtonjunior94/financial/internal/card/infrastructure/repositories/mocks/card_repository.go:56.2,56.97 1 0
github.com/jailtonjunior94/financial/internal/card/infrastructure/repositories/mocks/card_repository.go:56.97,58.3 1 0
github.com/jailtonjunior94/financial/internal/card/infrastructure/repositories/mocks/card_repository.go:58.8,59.24 1 0
[...]
github.com/jailtonjunior94/financial/pkg/scheduler/scheduler.go:36.97,37.19 1 0
github.com/jailtonjunior94/financial/pkg/scheduler/scheduler.go:37.19,39.3 1 0
github.com/jailtonjunior94/financial/pkg/scheduler/scheduler.go:41.2,48.27 3 0
github.com/jailtonjunior94/financial/pkg/scheduler/scheduler.go:48.27,52.3 1 0
github.com/jailtonjunior94/financial/pkg/scheduler/scheduler.go:54.2,62.3 1 0
github.com/jailtonjunior94/financial/pkg/scheduler/scheduler.go:68.50,78.16 6 0
github.com/jailtonjunior94/financial/pkg/scheduler/scheduler.go:78.16,80.3 1 0
github.com/jailtonjunior94/financial/pkg/scheduler/scheduler.go:82.2,89.12 2 0
github.com/jailtonjunior94/financial/pkg/scheduler/scheduler.go:95.29,109.2 5 0
github.com/jailtonjunior94/financial/pkg/scheduler/scheduler.go:114.57,124.9 4 0
github.com/jailtonjunior94/financial/pkg/scheduler/scheduler.go:125.24,126.54 1 0
github.com/jailtonjunior94/financial/pkg/scheduler/scheduler.go:127.20,128.62 1 0
github.com/jailtonjunior94/financial/pkg/scheduler/scheduler.go:132.2,133.12 2 0
github.com/jailtonjunior94/financial/pkg/scheduler/scheduler.go:133.12,136.3 2 0
github.com/jailtonjunior94/financial/pkg/scheduler/scheduler.go:138.2,138.9 1 0
github.com/jailtonjunior94/financial/pkg/scheduler/scheduler.go:139.14,141.13 2 0
github.com/jailtonjunior94/financial/pkg/scheduler/scheduler.go:142.20,145.35 3 0
github.com/jailtonjunior94/financial/pkg/scheduler/scheduler.go:145.35,147.4 1 0
github.com/jailtonjunior94/financial/pkg/scheduler/scheduler.go:148.3,155.90 3 0
github.com/jailtonjunior94/financial/pkg/scheduler/scheduler.go:160.50,161.16 1 0
github.com/jailtonjunior94/financial/pkg/scheduler/scheduler.go:161.16,165.10 2 0
github.com/jailtonjunior94/financial/pkg/scheduler/scheduler.go:166.23,172.10 2 0
github.com/jailtonjunior94/financial/pkg/scheduler/scheduler.go:173.11,173.11 0 0
github.com/jailtonjunior94/financial/pkg/scheduler/scheduler.go:177.3,177.37 1 0
github.com/jailtonjunior94/financial/pkg/scheduler/scheduler.go:177.37,180.52 3 0
github.com/jailtonjunior94/financial/pkg/scheduler/scheduler.go:180.52,189.5 3 0
github.com/jailtonjunior94/financial/pkg/scheduler/scheduler.go:190.4,193.17 3 0
github.com/jailtonjunior94/financial/pkg/scheduler/scheduler.go:193.17,197.5 3 0
github.com/jailtonjunior94/financial/pkg/scheduler/scheduler.go:201.3,205.16 3 0
github.com/jailtonjunior94/financial/pkg/scheduler/scheduler.go:205.16,206.32 1 0
github.com/jailtonjunior94/financial/pkg/scheduler/scheduler.go:206.32,213.5 1 0
github.com/jailtonjunior94/financial/pkg/scheduler/scheduler.go:217.3,231.17 7 0
github.com/jailtonjunior94/financial/pkg/scheduler/scheduler.go:231.17,239.4 2 0
github.com/jailtonjunior94/financial/pkg/scheduler/scheduler.go:241.3,245.4 1 0
github.com/jailtonjunior94/financial/pkg/api/httperrors/error_handler.go:28.69,33.2 1 0
github.com/jailtonjunior94/financial/pkg/api/httperrors/error_handler.go:41.87,42.16 1 0
github.com/jailtonjunior94/financial/pkg/api/httperrors/error_handler.go:42.16,44.3 1 0
github.com/jailtonjunior94/financial/pkg/api/httperrors/error_handler.go:46.2,71.86 10 0
github.com/jailtonjunior94/financial/pkg/api/httperrors/error_handler.go:71.86,73.3 1 0
github.com/jailtonjunior94/financial/pkg/api/httperrors/error_handler.go:76.2,76.65 1 0
github.com/jailtonjunior94/financial/pkg/api/httperrors/error_handler.go:76.65,79.3 1 0
github.com/jailtonjunior94/financial/pkg/api/httperrors/error_handler.go:83.53,85.56 2 0
github.com/jailtonjunior94/financial/pkg/api/httperrors/error_handler.go:85.56,87.3 1 0
github.com/jailtonjunior94/financial/pkg/api/httperrors/error_handler.go:88.2,88.12 1 0
github.com/jailtonjunior94/financial/pkg/api/httperrors/error_handler.go:92.94,100.51 2 0
github.com/jailtonjunior94/financial/pkg/api/httperrors/error_handler.go:100.51,102.3 1 0
github.com/jailtonjunior94/financial/pkg/api/httperrors/error_handler.go:104.2,104.45 1 0
github.com/jailtonjunior94/financial/pkg/api/httperrors/error_handler.go:104.45,106.3 1 0
github.com/jailtonjunior94/financial/pkg/api/httperrors/error_handler.go:109.2,109.9 1 0
github.com/jailtonjunior94/financial/pkg/api/httperrors/error_handler.go:110.21,112.65 1 0
github.com/jailtonjunior94/financial/pkg/api/httperrors/error_handler.go:113.21,115.61 1 0
github.com/jailtonjunior94/financial/pkg/api/httperrors/error_handler.go:116.21,118.55 1 0
github.com/jailtonjunior94/financial/pkg/api/httperrors/error_handler.go:119.10,121.56 1 0
github.com/jailtonjunior94/financial/pkg/api/httperrors/error_mapping.go:31.35,35.2 1 2
github.com/jailtonjunior94/financial/pkg/api/httperrors/error_mapping.go:38.56,39.16 1 16
github.com/jailtonjunior94/financial/pkg/api/httperrors/error_mapping.go:39.16,44.3 1 1
github.com/jailtonjunior94/financial/pkg/api/httperrors/error_mapping.go:47.2,47.46 1 15
github.com/jailtonjunior94/financial/pkg/api/httperrors/error_mapping.go:47.46,49.3 1 14
github.com/jailtonjunior94/financial/pkg/api/httperrors/error_mapping.go:52.2,52.50 1 1
github.com/jailtonjunior94/financial/pkg/api/httperrors/error_mapping.go:52.50,53.31 1 65
github.com/jailtonjunior94/financial/pkg/api/httperrors/error_mapping.go:53.31,55.4 1 0
github.com/jailtonjunior94/financial/pkg/api/httperrors/error_mapping.go:59.2,59.22 1 1
github.com/jailtonjunior94/financial/pkg/api/httperrors/error_mapping.go:59.22,64.3 1 0
github.com/jailtonjunior94/financial/pkg/api/httperrors/error_mapping.go:66.2,66.28 1 1
github.com/jailtonjunior94/financial/pkg/api/httperrors/error_mapping.go:66.28,71.3 1 0
github.com/jailtonjunior94/financial/pkg/api/httperrors/error_mapping.go:74.2,77.3 1 1
github.com/jailtonjunior94/financial/pkg/api/httperrors/error_mapping.go:81.56,359.2 1 2
github.com/jailtonjunior94/financial/pkg/api/httperrors/error_mapping.go:362.34,366.2 3 1
github.com/jailtonjunior94/financial/pkg/api/httperrors/error_mapping.go:369.40,374.2 2 1
github.com/jailtonjunior94/financial/pkg/api/httperrors/http_errors.go:104.49,106.50 1 0
github.com/jailtonjunior94/financial/pkg/api/httperrors/http_errors.go:106.50,108.3 1 0
github.com/jailtonjunior94/financial/pkg/api/httperrors/http_errors.go:111.2,111.54 1 0
github.com/jailtonjunior94/financial/pkg/api/httperrors/http_errors.go:111.54,112.31 1 0
github.com/jailtonjunior94/financial/pkg/api/httperrors/http_errors.go:112.31,114.4 1 0
github.com/jailtonjunior94/financial/pkg/api/httperrors/http_errors.go:117.2,117.82 1 0
github.com/jailtonjunior94/financial/pkg/api/httperrors/http_errors.go:125.64,130.2 1 0
github.com/jailtonjunior94/financial/pkg/api/httperrors/problem_detail.go:27.89,41.2 3 0
github.com/jailtonjunior94/financial/pkg/api/httperrors/problem_detail.go:44.78,48.2 3 0
github.com/jailtonjunior94/financial/pkg/api/httperrors/problem_detail.go:51.43,52.64 1 0
github.com/jailtonjunior94/financial/pkg/api/httperrors/problem_detail.go:52.64,54.3 1 0
github.com/jailtonjunior94/financial/pkg/api/httperrors/problem_detail.go:55.2,55.67 1 0
github.com/jailtonjunior94/financial/pkg/api/httperrors/problem_detail.go:55.67,57.3 1 0
github.com/jailtonjunior94/financial/pkg/api/httperrors/problem_detail.go:58.2,58.11 1 0
github.com/jailtonjunior94/financial/pkg/api/httperrors/problem_detail.go:62.41,64.27 2 0
github.com/jailtonjunior94/financial/pkg/api/httperrors/problem_detail.go:64.27,66.3 1 0
github.com/jailtonjunior94/financial/pkg/api/httperrors/problem_detail.go:67.2,67.11 1 0
github.com/jailtonjunior94/financial/pkg/api/httperrors/problem_detail.go:71.37,73.16 2 0
github.com/jailtonjunior94/financial/pkg/api/httperrors/problem_detail.go:73.16,75.3 1 0
github.com/jailtonjunior94/financial/pkg/api/httperrors/problem_detail.go:76.2,76.13 1 0
github.com/jailtonjunior94/financial/pkg/api/middlewares/auth.go:37.140,43.2 1 8
github.com/jailtonjunior94/financial/pkg/api/middlewares/auth.go:52.71,53.71 1 8
github.com/jailtonjunior94/financial/pkg/api/middlewares/auth.go:53.71,58.23 3 8
github.com/jailtonjunior94/financial/pkg/api/middlewares/auth.go:58.23,61.4 2 1
github.com/jailtonjunior94/financial/pkg/api/middlewares/auth.go:64.3,65.17 2 7
github.com/jailtonjunior94/financial/pkg/api/middlewares/auth.go:65.17,68.4 2 2
github.com/jailtonjunior94/financial/pkg/api/middlewares/auth.go:71.3,72.17 2 5
github.com/jailtonjunior94/financial/pkg/api/middlewares/auth.go:72.17,75.4 2 3
github.com/jailtonjunior94/financial/pkg/api/middlewares/auth.go:78.3,79.40 2 2
github.com/jailtonjunior94/financial/pkg/api/middlewares/auth.go:88.60,92.50 2 7
github.com/jailtonjunior94/financial/pkg/api/middlewares/auth.go:92.50,94.3 1 1
github.com/jailtonjunior94/financial/pkg/api/middlewares/auth.go:97.2,98.17 2 6
github.com/jailtonjunior94/financial/pkg/api/middlewares/auth.go:98.17,100.3 1 1
github.com/jailtonjunior94/financial/pkg/api/middlewares/auth.go:102.2,102.19 1 5
github.com/jailtonjunior94/financial/pkg/api/middlewares/auth.go:107.79,109.24 2 5
github.com/jailtonjunior94/financial/pkg/api/middlewares/auth.go:109.24,111.3 1 1
github.com/jailtonjunior94/financial/pkg/api/middlewares/auth.go:112.2,112.18 1 4
github.com/jailtonjunior94/financial/pkg/api/middlewares/auth.go:117.90,119.2 1 4
github.com/jailtonjunior94/financial/pkg/api/middlewares/metrics.go:18.80,37.2 1 1
github.com/jailtonjunior94/financial/pkg/api/middlewares/metrics.go:39.69,40.71 1 1
github.com/jailtonjunior94/financial/pkg/api/middlewares/metrics.go:40.71,66.3 11 1
github.com/jailtonjunior94/financial/pkg/api/middlewares/metrics.go:69.66,70.85 1 1
github.com/jailtonjunior94/financial/pkg/api/middlewares/metrics.go:70.85,72.3 1 1
github.com/jailtonjunior94/financial/pkg/api/middlewares/metrics.go:73.2,73.19 1 0
github.com/jailtonjunior94/financial/pkg/api/middlewares/metrics.go:76.35,78.2 1 1
github.com/jailtonjunior94/financial/pkg/api/middlewares/metrics.go:85.56,88.2 2 1
github.com/jailtonjunior94/financial/pkg/lifecycle/group.go:22.40,27.2 1 7
github.com/jailtonjunior94/financial/pkg/lifecycle/group.go:52.77,53.19 1 9
github.com/jailtonjunior94/financial/pkg/lifecycle/group.go:53.19,55.3 1 1
github.com/jailtonjunior94/financial/pkg/lifecycle/group.go:57.2,61.3 1 9
github.com/jailtonjunior94/financial/pkg/lifecycle/group.go:67.43,78.2 4 15
github.com/jailtonjunior94/financial/pkg/lifecycle/group.go:83.50,97.37 6 4
github.com/jailtonjunior94/financial/pkg/lifecycle/group.go:97.37,107.49 4 6
github.com/jailtonjunior94/financial/pkg/lifecycle/group.go:107.49,114.4 2 2
github.com/jailtonjunior94/financial/pkg/lifecycle/group.go:116.3,122.4 2 4
github.com/jailtonjunior94/financial/pkg/lifecycle/group.go:125.2,130.12 2 2
github.com/jailtonjunior94/financial/pkg/lifecycle/group.go:136.53,153.44 8 4
github.com/jailtonjunior94/financial/pkg/lifecycle/group.go:153.44,157.24 3 8
github.com/jailtonjunior94/financial/pkg/lifecycle/group.go:157.24,169.52 5 8
github.com/jailtonjunior94/financial/pkg/lifecycle/group.go:169.52,177.5 3 1
github.com/jailtonjunior94/financial/pkg/lifecycle/group.go:179.4,185.5 2 7
github.com/jailtonjunior94/financial/pkg/lifecycle/group.go:190.2,191.12 2 4
github.com/jailtonjunior94/financial/pkg/lifecycle/group.go:191.12,195.3 3 4
github.com/jailtonjunior94/financial/pkg/lifecycle/group.go:197.2,197.9 1 4
github.com/jailtonjunior94/financial/pkg/lifecycle/group.go:198.14,201.27 2 3
github.com/jailtonjunior94/financial/pkg/lifecycle/group.go:201.27,203.4 1 1
github.com/jailtonjunior94/financial/pkg/lifecycle/group.go:205.3,205.30 1 3
github.com/jailtonjunior94/financial/pkg/lifecycle/group.go:205.30,211.4 2 1
github.com/jailtonjunior94/financial/pkg/lifecycle/group.go:213.3,214.13 2 2
github.com/jailtonjunior94/financial/pkg/lifecycle/group.go:216.28,224.13 3 1
github.com/jailtonjunior94/financial/pkg/lifecycle/group.go:224.13,227.11 2 1
github.com/jailtonjunior94/financial/pkg/lifecycle/group.go:228.16,233.6 1 1
github.com/jailtonjunior94/financial/pkg/lifecycle/group.go:234.29,239.6 1 0
github.com/jailtonjunior94/financial/pkg/lifecycle/group.go:243.3,247.49 2 1
github.com/jailtonjunior94/financial/pkg/mathutils/mathutils.go:10.151,12.2 1 6
github.com/jailtonjunior94/financial/pkg/mathutils/mathutils.go:20.139,21.22 1 4
github.com/jailtonjunior94/financial/pkg/mathutils/mathutils.go:21.22,24.3 2 1
github.com/jailtonjunior94/financial/pkg/mathutils/mathutils.go:25.2,26.31 2 3
github.com/jailtonjunior94/financial/pkg/mathutils/mathutils.go:26.31,28.3 1 7
github.com/jailtonjunior94/financial/pkg/mathutils/mathutils.go:29.2,29.15 1 3
github.com/jailtonjunior94/financial/pkg/mathutils/mathutils.go:38.139,39.22 1 4
github.com/jailtonjunior94/financial/pkg/mathutils/mathutils.go:39.22,42.3 2 1
github.com/jailtonjunior94/financial/pkg/mathutils/mathutils.go:43.2,44.31 2 3
github.com/jailtonjunior94/financial/pkg/mathutils/mathutils.go:44.31,46.3 1 7
github.com/jailtonjunior94/financial/pkg/mathutils/mathutils.go:47.2,47.15 1 3
github.com/jailtonjunior94/financial/pkg/mathutils/mathutils.go:57.54,58.15 1 5
github.com/jailtonjunior94/financial/pkg/mathutils/mathutils.go:58.15,60.3 1 1
github.com/jailtonjunior94/financial/pkg/mathutils/mathutils.go:61.2,61.13 1 5
github.com/jailtonjunior94/financial/pkg/mathutils/mathutils.go:61.13,63.3 1 0
github.com/jailtonjunior94/financial/pkg/mathutils/mathutils.go:65.2,69.18 4 5
github.com/jailtonjunior94/financial/pkg/mathutils/mathutils.go:69.18,71.3 1 2
github.com/jailtonjunior94/financial/pkg/mathutils/mathutils.go:73.2,73.25 1 3
github.com/jailtonjunior94/financial/pkg/mathutils/mathutils.go:82.126,84.2 1 3
github.com/jailtonjunior94/financial/pkg/mathutils/mathutils.go:92.147,94.2 1 5
github.com/jailtonjunior94/financial/pkg/pagination/cursor.go:38.45,39.24 1 3
github.com/jailtonjunior94/financial/pkg/pagination/cursor.go:39.24,41.3 1 2
github.com/jailtonjunior94/financial/pkg/pagination/cursor.go:43.2,44.16 2 1
github.com/jailtonjunior94/financial/pkg/pagination/cursor.go:44.16,46.3 1 0
github.com/jailtonjunior94/financial/pkg/pagination/cursor.go:48.2,48.61 1 1
github.com/jailtonjunior94/financial/pkg/pagination/cursor.go:52.51,53.19 1 4
github.com/jailtonjunior94/financial/pkg/pagination/cursor.go:53.19,55.3 1 1
github.com/jailtonjunior94/financial/pkg/pagination/cursor.go:57.2,58.16 2 3
github.com/jailtonjunior94/financial/pkg/pagination/cursor.go:58.16,60.3 1 1
github.com/jailtonjunior94/financial/pkg/pagination/cursor.go:62.2,63.59 2 2
github.com/jailtonjunior94/financial/pkg/pagination/cursor.go:63.59,65.3 1 1
github.com/jailtonjunior94/financial/pkg/pagination/cursor.go:67.2,67.26 1 1
github.com/jailtonjunior94/financial/pkg/pagination/cursor.go:67.26,69.3 1 0
github.com/jailtonjunior94/financial/pkg/pagination/cursor.go:71.2,71.20 1 1
github.com/jailtonjunior94/financial/pkg/pagination/cursor.go:76.95,83.60 2 5
github.com/jailtonjunior94/financial/pkg/pagination/cursor.go:83.60,85.17 2 4
github.com/jailtonjunior94/financial/pkg/pagination/cursor.go:85.17,87.4 1 1
github.com/jailtonjunior94/financial/pkg/pagination/cursor.go:89.3,89.16 1 3
github.com/jailtonjunior94/financial/pkg/pagination/cursor.go:89.16,91.4 1 1
github.com/jailtonjunior94/financial/pkg/pagination/cursor.go:93.3,93.23 1 2
github.com/jailtonjunior94/financial/pkg/pagination/cursor.go:93.23,95.4 1 1
github.com/jailtonjunior94/financial/pkg/pagination/cursor.go:97.3,97.23 1 2
github.com/jailtonjunior94/financial/pkg/pagination/cursor.go:101.2,103.20 2 3
github.com/jailtonjunior94/financial/pkg/pagination/cursor.go:112.21,114.17 1 3
github.com/jailtonjunior94/financial/pkg/pagination/cursor.go:114.17,116.3 1 1
github.com/jailtonjunior94/financial/pkg/pagination/cursor.go:118.2,125.3 1 3
github.com/jailtonjunior94/financial/pkg/pagination/cursor.go:129.54,130.24 1 4
github.com/jailtonjunior94/financial/pkg/pagination/cursor.go:130.24,132.3 1 1
github.com/jailtonjunior94/financial/pkg/pagination/cursor.go:134.2,135.9 2 3
github.com/jailtonjunior94/financial/pkg/pagination/cursor.go:135.9,137.3 1 1
github.com/jailtonjunior94/financial/pkg/pagination/cursor.go:139.2,140.16 2 2
github.com/jailtonjunior94/financial/pkg/pagination/cursor.go:144.48,145.24 1 4
github.com/jailtonjunior94/financial/pkg/pagination/cursor.go:145.24,147.3 1 0
github.com/jailtonjunior94/financial/pkg/pagination/cursor.go:149.2,150.9 2 4
github.com/jailtonjunior94/financial/pkg/pagination/cursor.go:150.9,152.3 1 1
github.com/jailtonjunior94/financial/pkg/pagination/cursor.go:155.2,155.25 1 3
github.com/jailtonjunior94/financial/pkg/pagination/cursor.go:156.11,157.17 1 1
github.com/jailtonjunior94/financial/pkg/pagination/cursor.go:158.15,159.22 1 1
github.com/jailtonjunior94/financial/pkg/pagination/cursor.go:160.10,161.18 1 1
github.com/jailtonjunior94/financial/pkg/sliceutils/sliceutils.go:11.49,12.18 1 3
github.com/jailtonjunior94/financial/pkg/sliceutils/sliceutils.go:12.18,14.3 1 1
github.com/jailtonjunior94/financial/pkg/sliceutils/sliceutils.go:16.2,17.29 2 2
github.com/jailtonjunior94/financial/pkg/sliceutils/sliceutils.go:17.29,19.3 1 8
github.com/jailtonjunior94/financial/pkg/sliceutils/sliceutils.go:20.2,20.15 1 2
github.com/jailtonjunior94/financial/pkg/sliceutils/sliceutils.go:29.59,30.18 1 3
github.com/jailtonjunior94/financial/pkg/sliceutils/sliceutils.go:30.18,32.3 1 1
github.com/jailtonjunior94/financial/pkg/sliceutils/sliceutils.go:35.2,38.55 2 2
github.com/jailtonjunior94/financial/pkg/sliceutils/sliceutils.go:38.55,40.3 1 9
github.com/jailtonjunior94/financial/pkg/sliceutils/sliceutils.go:42.2,42.15 1 2
github.com/jailtonjunior94/financial/pkg/sliceutils/sliceutils.go:51.62,53.2 1 2
github.com/jailtonjunior94/financial/pkg/sliceutils/sliceutils.go:61.56,63.15 2 2
github.com/jailtonjunior94/financial/pkg/sliceutils/sliceutils.go:63.15,65.3 1 1
github.com/jailtonjunior94/financial/pkg/sliceutils/sliceutils.go:66.2,66.20 1 1
github.com/jailtonjunior94/financial/pkg/sliceutils/sliceutils.go:75.64,77.29 2 2
github.com/jailtonjunior94/financial/pkg/sliceutils/sliceutils.go:77.29,79.3 1 8
github.com/jailtonjunior94/financial/pkg/sliceutils/sliceutils.go:80.2,80.15 1 2
github.com/jailtonjunior94/financial/pkg/sliceutils/sliceutils.go:89.46,90.15 1 3
github.com/jailtonjunior94/financial/pkg/sliceutils/sliceutils.go:90.15,92.3 1 1
github.com/jailtonjunior94/financial/pkg/sliceutils/sliceutils.go:94.2,95.40 2 2
github.com/jailtonjunior94/financial/pkg/sliceutils/sliceutils.go:95.40,98.3 2 6
github.com/jailtonjunior94/financial/pkg/sliceutils/sliceutils.go:99.2,99.15 1 2
github.com/jailtonjunior94/financial/pkg/sliceutils/sliceutils.go:108.42,109.18 1 3
github.com/jailtonjunior94/financial/pkg/sliceutils/sliceutils.go:109.18,111.3 1 1
github.com/jailtonjunior94/financial/pkg/sliceutils/sliceutils.go:113.2,116.29 3 2
github.com/jailtonjunior94/financial/pkg/sliceutils/sliceutils.go:116.29,117.39 1 14
github.com/jailtonjunior94/financial/pkg/sliceutils/sliceutils.go:117.39,120.4 2 8
github.com/jailtonjunior94/financial/pkg/sliceutils/sliceutils.go:123.2,123.15 1 2
github.com/jailtonjunior94/financial/pkg/sliceutils/sliceutils.go:132.88,133.29 1 2
github.com/jailtonjunior94/financial/pkg/sliceutils/sliceutils.go:133.29,134.22 1 9
github.com/jailtonjunior94/financial/pkg/sliceutils/sliceutils.go:134.22,136.4 1 6
github.com/jailtonjunior94/financial/pkg/sliceutils/sliceutils.go:136.9,138.4 1 3
github.com/jailtonjunior94/financial/pkg/sliceutils/sliceutils.go:140.2,140.8 1 2
github.com/jailtonjunior94/financial/pkg/sliceutils/sliceutils.go:149.73,151.29 2 2
github.com/jailtonjunior94/financial/pkg/sliceutils/sliceutils.go:151.29,154.3 2 9
github.com/jailtonjunior94/financial/pkg/sliceutils/sliceutils.go:155.2,155.15 1 2
github.com/jailtonjunior94/financial/pkg/sliceutils/sliceutils.go:164.57,166.2 1 4
github.com/jailtonjunior94/financial/pkg/sliceutils/sliceutils.go:174.57,175.29 1 3
github.com/jailtonjunior94/financial/pkg/sliceutils/sliceutils.go:175.29,176.23 1 5
github.com/jailtonjunior94/financial/pkg/sliceutils/sliceutils.go:176.23,178.4 1 1
github.com/jailtonjunior94/financial/pkg/sliceutils/sliceutils.go:180.2,180.13 1 2
github.com/jailtonjunior94/financial/pkg/sliceutils/sliceutils.go:189.58,191.2 1 2
